#
# There is insufficient memory for the Java Runtime Environment to continue.
# Native memory allocation (malloc) failed to allocate 32784 bytes. Error detail: Chunk::new
# Possible reasons:
#   The system is out of physical RAM or swap space
#   This process is running with CompressedOops enabled, and the Java Heap may be blocking the growth of the native heap
# Possible solutions:
#   Reduce memory load on the system
#   Increase physical memory or swap space
#   Check if swap backing store is full
#   Decrease Java heap size (-Xmx/-Xms)
#   Decrease number of Java threads
#   Decrease Java thread stack sizes (-Xss)
#   Set larger code cache with -XX:ReservedCodeCacheSize=
#   JVM is running with Unscaled Compressed Oops mode in which the Java heap is
#     placed in the first 4GB address space. The Java Heap base address is the
#     maximum limit for the native heap growth. Please use -XX:HeapBaseMinAddress
#     to set the Java Heap base and to place the Java Heap above 4GB virtual address.
# This output file may be truncated or incomplete.
#
#  Out of Memory Error (arena.cpp:168), pid=45996, tid=31808
#
# JRE version: OpenJDK Runtime Environment Temurin-21.0.9+10 (21.0.9+10) (build 21.0.9+10-LTS)
# Java VM: OpenJDK 64-Bit Server VM Temurin-21.0.9+10 (21.0.9+10-LTS, mixed mode, sharing, tiered, compressed oops, compressed class ptrs, parallel gc, windows-amd64)
# No core dump will be written. Minidumps are not enabled by default on client versions of Windows
#

---------------  S U M M A R Y ------------

Command Line: --add-modules=ALL-SYSTEM --add-opens=java.base/java.util=ALL-UNNAMED --add-opens=java.base/java.lang=ALL-UNNAMED --add-opens=java.base/sun.nio.fs=ALL-UNNAMED -Declipse.application=org.eclipse.jdt.ls.core.id1 -Dosgi.bundles.defaultStartLevel=4 -Declipse.product=org.eclipse.jdt.ls.core.product -Djava.import.generatesMetadataFilesAtProjectRoot=false -DDetectVMInstallationsJob.disabled=true -Dfile.encoding=utf8 -XX:+UseParallelGC -XX:GCTimeRatio=4 -XX:AdaptiveSizePolicyWeight=90 -Dsun.zip.disableMemoryMapping=true -Xmx2G -Xms100m -Xlog:disable -javaagent:c:\Users\vince\.vscode\extensions\redhat.java-1.52.0-win32-x64\lombok\lombok-1.18.39-4050.jar -XX:+HeapDumpOnOutOfMemoryError -XX:HeapDumpPath=c:\Users\vince\AppData\Roaming\Code\User\workspaceStorage\77af15548cbb9c7536d3998b667843c5\redhat.java -Daether.dependencyCollector.impl=bf c:\Users\vince\.vscode\extensions\redhat.java-1.52.0-win32-x64\server\plugins\org.eclipse.equinox.launcher_1.7.100.v20251111-0406.jar -configuration c:\Users\vince\AppData\Roaming\Code\User\globalStorage\redhat.java\1.52.0\config_win -data c:\Users\vince\AppData\Roaming\Code\User\workspaceStorage\77af15548cbb9c7536d3998b667843c5\redhat.java\jdt_ws --pipe=\\.\pipe\lsp-372b1a307c3672a464ebea5ad36435d3-sock

Host: 12th Gen Intel(R) Core(TM) i7-12650H, 16 cores, 15G,  Windows 11 , 64 bit Build 26100 (10.0.26100.7705)
Time: Tue Feb 17 11:08:34 2026 Paris, Madrid elapsed time: 81.077299 seconds (0d 0h 1m 21s)

---------------  T H R E A D  ---------------

Current thread (0x0000018a58805f90):  JavaThread "C2 CompilerThread0" daemon [_thread_in_native, id=31808, stack(0x00000007cec00000,0x00000007ced00000) (1024K)]


Current CompileTask:
C2:81077 2719       4       java.util.regex.Matcher::search (154 bytes)

Stack: [0x00000007cec00000,0x00000007ced00000]
Native frames: (J=compiled Java code, j=interpreted, Vv=VM code, C=native code)
V  [jvm.dll+0x6d6e29]
V  [jvm.dll+0x8b4b76]
V  [jvm.dll+0x8b712e]
V  [jvm.dll+0x8b7813]
V  [jvm.dll+0x283d86]
V  [jvm.dll+0xc66ed]
V  [jvm.dll+0xc6c31]
V  [jvm.dll+0xc6815]
V  [jvm.dll+0x6fe041]
V  [jvm.dll+0x1cf5d3]
V  [jvm.dll+0x6fee20]
V  [jvm.dll+0x601a63]
V  [jvm.dll+0x605cac]
V  [jvm.dll+0x600894]
V  [jvm.dll+0x600934]
V  [jvm.dll+0x5fe034]
V  [jvm.dll+0x255557]
V  [jvm.dll+0x24db6a]
V  [jvm.dll+0x24b482]
V  [jvm.dll+0x1cb13e]
V  [jvm.dll+0x25b29d]
V  [jvm.dll+0x25982a]
V  [jvm.dll+0x3f7ea6]
V  [jvm.dll+0x85e9ad]
V  [jvm.dll+0x6d565d]
C  [ucrtbase.dll+0x37b0]
C  [KERNEL32.DLL+0x2e8d7]
C  [ntdll.dll+0x8c40c]


---------------  P R O C E S S  ---------------

Threads class SMR info:
_java_thread_list=0x0000018a7cccea90, length=19, elements={
0x0000018a7ccfc7c0, 0x0000018a1633e790, 0x0000018a7f143710, 0x0000018a7f14aa00,
0x0000018a7f148fc0, 0x0000018a7f149650, 0x0000018a7f14b090, 0x0000018a58805f90,
0x0000018a5880c1c0, 0x0000018a7f14b720, 0x0000018a7f149ce0, 0x0000018a7f14a370,
0x0000018a7f1482a0, 0x0000018a5a66ccf0, 0x0000018a5a66e0a0, 0x0000018a5a66b2b0,
0x0000018a5a1b5210, 0x0000018a5a4a1f10, 0x0000018a5f464eb0
}

Java Threads: ( => current thread )
  0x0000018a7ccfc7c0 JavaThread "main"                              [_thread_blocked, id=35940, stack(0x00000007ce200000,0x00000007ce300000) (1024K)]
  0x0000018a1633e790 JavaThread "Reference Handler"          daemon [_thread_blocked, id=43688, stack(0x00000007ce600000,0x00000007ce700000) (1024K)]
  0x0000018a7f143710 JavaThread "Finalizer"                  daemon [_thread_blocked, id=23608, stack(0x00000007ce700000,0x00000007ce800000) (1024K)]
  0x0000018a7f14aa00 JavaThread "Signal Dispatcher"          daemon [_thread_blocked, id=44224, stack(0x00000007ce800000,0x00000007ce900000) (1024K)]
  0x0000018a7f148fc0 JavaThread "Attach Listener"            daemon [_thread_blocked, id=9888, stack(0x00000007ce900000,0x00000007cea00000) (1024K)]
  0x0000018a7f149650 JavaThread "Service Thread"             daemon [_thread_blocked, id=36136, stack(0x00000007cea00000,0x00000007ceb00000) (1024K)]
  0x0000018a7f14b090 JavaThread "Monitor Deflation Thread"   daemon [_thread_blocked, id=34872, stack(0x00000007ceb00000,0x00000007cec00000) (1024K)]
=>0x0000018a58805f90 JavaThread "C2 CompilerThread0"         daemon [_thread_in_native, id=31808, stack(0x00000007cec00000,0x00000007ced00000) (1024K)]
  0x0000018a5880c1c0 JavaThread "C1 CompilerThread0"         daemon [_thread_in_vm, id=50700, stack(0x00000007ced00000,0x00000007cee00000) (1024K)]
  0x0000018a7f14b720 JavaThread "Common-Cleaner"             daemon [_thread_blocked, id=48800, stack(0x00000007cf000000,0x00000007cf100000) (1024K)]
  0x0000018a7f149ce0 JavaThread "Notification Thread"        daemon [_thread_blocked, id=12752, stack(0x00000007cf300000,0x00000007cf400000) (1024K)]
  0x0000018a7f14a370 JavaThread "Active Thread: Equinox Container: 7eefbcca-e71d-4d6d-a83f-65ef450ea76f"        [_thread_blocked, id=47288, stack(0x00000007cfa00000,0x00000007cfb00000) (1024K)]
  0x0000018a7f1482a0 JavaThread "Refresh Thread: Equinox Container: 7eefbcca-e71d-4d6d-a83f-65ef450ea76f" daemon [_thread_blocked, id=21756, stack(0x00000007cee00000,0x00000007cef00000) (1024K)]
  0x0000018a5a66ccf0 JavaThread "Framework Event Dispatcher: Equinox Container: 7eefbcca-e71d-4d6d-a83f-65ef450ea76f" daemon [_thread_in_vm, id=9940, stack(0x00000007cef00000,0x00000007cf000000) (1024K)]
  0x0000018a5a66e0a0 JavaThread "Start Level: Equinox Container: 7eefbcca-e71d-4d6d-a83f-65ef450ea76f" daemon [_thread_in_native, id=3096, stack(0x00000007cf100000,0x00000007cf200000) (1024K)]
  0x0000018a5a66b2b0 JavaThread "Bundle File Closer"         daemon [_thread_blocked, id=15120, stack(0x00000007cff00000,0x00000007d0000000) (1024K)]
  0x0000018a5a1b5210 JavaThread "C1 CompilerThread1"         daemon [_thread_in_native, id=35836, stack(0x00000007cdf00000,0x00000007ce000000) (1024K)]
  0x0000018a5a4a1f10 JavaThread "C2 CompilerThread1"         daemon [_thread_blocked, id=43084, stack(0x00000007ce000000,0x00000007ce100000) (1024K)]
  0x0000018a5f464eb0 JavaThread "C2 CompilerThread2"         daemon [_thread_blocked, id=7220, stack(0x00000007ce100000,0x00000007ce200000) (1024K)]
Total: 19

Other Threads:
  0x0000018a16324810 VMThread "VM Thread"                           [id=48196, stack(0x00000007ce500000,0x00000007ce600000) (1024K)]
  0x0000018a1621ba00 WatcherThread "VM Periodic Task Thread"        [id=44748, stack(0x00000007ce400000,0x00000007ce500000) (1024K)]
  0x0000018a7f0c21e0 WorkerThread "GC Thread#0"                     [id=41196, stack(0x00000007ce300000,0x00000007ce400000) (1024K)]
  0x0000018a5a379590 WorkerThread "GC Thread#1"                     [id=48908, stack(0x00000007cf400000,0x00000007cf500000) (1024K)]
  0x0000018a5f0444d0 WorkerThread "GC Thread#2"                     [id=14208, stack(0x00000007cf500000,0x00000007cf600000) (1024K)]
  0x0000018a5a8d5dc0 WorkerThread "GC Thread#3"                     [id=25584, stack(0x00000007cf600000,0x00000007cf700000) (1024K)]
  0x0000018a5a8d6160 WorkerThread "GC Thread#4"                     [id=41916, stack(0x00000007cf700000,0x00000007cf800000) (1024K)]
  0x0000018a5a8e5f20 WorkerThread "GC Thread#5"                     [id=40712, stack(0x00000007cf800000,0x00000007cf900000) (1024K)]
  0x0000018a5a462970 WorkerThread "GC Thread#6"                     [id=40560, stack(0x00000007cf900000,0x00000007cfa00000) (1024K)]
  0x0000018a5f0e6620 WorkerThread "GC Thread#7"                     [id=43632, stack(0x00000007cfb00000,0x00000007cfc00000) (1024K)]
  0x0000018a5a3a2ea0 WorkerThread "GC Thread#8"                     [id=27416, stack(0x00000007cf200000,0x00000007cf300000) (1024K)]
  0x0000018a5a3a35e0 WorkerThread "GC Thread#9"                     [id=18128, stack(0x00000007cfc00000,0x00000007cfd00000) (1024K)]
  0x0000018a5a3a2020 WorkerThread "GC Thread#10"                    [id=34720, stack(0x00000007cfd00000,0x00000007cfe00000) (1024K)]
Total: 13

Threads with active compile tasks:
C2 CompilerThread0  85143 2719       4       java.util.regex.Matcher::search (154 bytes)
C1 CompilerThread0  85143 2746       3       sun.util.locale.BaseLocale$Key::hashCode (178 bytes)
C1 CompilerThread1  85143 2752       3       sun.util.locale.BaseLocale::getInstance (150 bytes)
Total: 3

VM state: not at safepoint (normal execution)

VM Mutex/Monitor currently owned by a thread:  ([mutex/lock_event])
[0x00007fff444dc570] CompileThread_lock - owner thread: 0x0000018a5880c1c0

Heap address: 0x0000000080000000, size: 2048 MB, Compressed Oops mode: 32-bit

CDS archive(s) mapped at: [0x0000018a17000000-0x0000018a17ba0000-0x0000018a17ba0000), size 12189696, SharedBaseAddress: 0x0000018a17000000, ArchiveRelocationMode: 1.
Compressed class space mapped at: 0x0000018a18000000-0x0000018a58000000, reserved size: 1073741824
Narrow klass base: 0x0000018a17000000, Narrow klass shift: 0, Narrow klass range: 0x100000000

GC Precious Log:
 CardTable entry size: 512
 CPUs: 16 total, 16 available
 Memory: 16082M
 Large Page Support: Disabled
 NUMA Support: Disabled
 Compressed Oops: Enabled (32-bit)
 Alignments: Space 512K, Generation 512K, Heap 2M
 Heap Min Capacity: 100M
 Heap Initial Capacity: 100M
 Heap Max Capacity: 2G
 Pre-touch: Disabled
 Parallel Workers: 13

Heap:
 PSYoungGen      total 29696K, used 25813K [0x00000000d5580000, 0x00000000d7680000, 0x0000000100000000)
  eden space 25600K, 84% used [0x00000000d5580000,0x00000000d6abce28,0x00000000d6e80000)
  from space 4096K, 99% used [0x00000000d6e80000,0x00000000d7278800,0x00000000d7280000)
  to   space 4096K, 0% used [0x00000000d7280000,0x00000000d7280000,0x00000000d7680000)
 ParOldGen       total 68608K, used 4247K [0x0000000080000000, 0x0000000084300000, 0x00000000d5580000)
  object space 68608K, 6% used [0x0000000080000000,0x0000000080425e50,0x0000000084300000)
 Metaspace       used 10098K, committed 10496K, reserved 1114112K
  class space    used 1030K, committed 1216K, reserved 1048576K

Card table byte_map: [0x0000018a7ea40000,0x0000018a7ee50000] _byte_map_base: 0x0000018a7e640000

Marking Bits: (ParMarkBitMap*) 0x00007fff444e2460
 Begin Bits: [0x0000018a12140000, 0x0000018a14140000)
 End Bits:   [0x0000018a14140000, 0x0000018a16140000)

Polling page: 0x0000018a7ce50000

Metaspace:

Usage:
  Non-class:      8.86 MB used.
      Class:      1.01 MB used.
       Both:      9.86 MB used.

Virtual space:
  Non-class space:       64.00 MB reserved,       9.06 MB ( 14%) committed,  1 nodes.
      Class space:        1.00 GB reserved,       1.19 MB ( <1%) committed,  1 nodes.
             Both:        1.06 GB reserved,      10.25 MB ( <1%) committed. 

Chunk freelists:
   Non-Class:  6.48 MB
       Class:  14.78 MB
        Both:  21.27 MB

MaxMetaspaceSize: unlimited
CompressedClassSpaceSize: 1.00 GB
Initial GC threshold: 21.00 MB
Current GC threshold: 21.00 MB
CDS: on
 - commit_granule_bytes: 65536.
 - commit_granule_words: 8192.
 - virtual_space_node_default_size: 8388608.
 - enlarge_chunks_in_place: 1.
 - use_allocation_guard: 0.


Internal statistics:

num_allocs_failed_limit: 0.
num_arena_births: 260.
num_arena_deaths: 0.
num_vsnodes_births: 2.
num_vsnodes_deaths: 0.
num_space_committed: 164.
num_space_uncommitted: 0.
num_chunks_returned_to_freelist: 0.
num_chunks_taken_from_freelist: 520.
num_chunk_merges: 0.
num_chunk_splits: 330.
num_chunks_enlarged: 220.
num_inconsistent_stats: 0.

CodeHeap 'non-profiled nmethods': size=119168Kb used=1238Kb max_used=1238Kb free=117929Kb
 bounds [0x0000018a0ace0000, 0x0000018a0af50000, 0x0000018a12140000]
CodeHeap 'profiled nmethods': size=119104Kb used=5411Kb max_used=5411Kb free=113693Kb
 bounds [0x0000018a03140000, 0x0000018a03690000, 0x0000018a0a590000]
CodeHeap 'non-nmethods': size=7488Kb used=1799Kb max_used=2951Kb free=5688Kb
 bounds [0x0000018a0a590000, 0x0000018a0a880000, 0x0000018a0ace0000]
CodeCache: size=245760Kb, used=8448Kb, max_used=9600Kb, free=237310Kb
 total_blobs=3222, nmethods=2720, adapters=407, full_count=0
Compilation: enabled, stopped_count=0, restarted_count=0

Compilation events (20 events):
Event: 60.451 Thread 0x0000018a58805f90 nmethod 2704 0x0000018a0ae13f10 code [0x0000018a0ae140a0, 0x0000018a0ae14160]
Event: 62.501 Thread 0x0000018a58805f90 2705       4       java.util.concurrent.Semaphore$NonfairSync::tryAcquireShared (6 bytes)
Event: 62.501 Thread 0x0000018a58805f90 nmethod 2705 0x0000018a0ae14210 code [0x0000018a0ae143a0, 0x0000018a0ae14458]
Event: 73.876 Thread 0x0000018a58805f90 2706       4       java.util.LinkedHashMap$LinkedHashIterator::nextNode (68 bytes)
Event: 73.877 Thread 0x0000018a5880c1c0 2707  s    3       java.io.FileDescriptor::close (9 bytes)
Event: 73.877 Thread 0x0000018a5880c1c0 nmethod 2707 0x0000018a03679d10 code [0x0000018a03679ee0, 0x0000018a0367a348]
Event: 73.877 Thread 0x0000018a5880c1c0 2708  s    3       java.io.FileDescriptor::unregisterCleanup (20 bytes)
Event: 73.877 Thread 0x0000018a5880c1c0 nmethod 2708 0x0000018a0367a490 code [0x0000018a0367a640, 0x0000018a0367a930]
Event: 73.877 Thread 0x0000018a5880c1c0 2709       3       jdk.internal.ref.PhantomCleanable::clear (12 bytes)
Event: 73.877 Thread 0x0000018a5880c1c0 nmethod 2709 0x0000018a0367aa10 code [0x0000018a0367abe0, 0x0000018a0367adf0]
Event: 73.877 Thread 0x0000018a58805f90 nmethod 2706 0x0000018a0ae14510 code [0x0000018a0ae146a0, 0x0000018a0ae147d0]
Event: 76.809 Thread 0x0000018a5880c1c0 2712  s    3       java.io.FileDescriptor::attach (73 bytes)
Event: 76.810 Thread 0x0000018a5880c1c0 nmethod 2712 0x0000018a0367af10 code [0x0000018a0367b140, 0x0000018a0367bb00]
Event: 76.848 Thread 0x0000018a5880c1c0 2713   !   3       java.util.zip.ZipFile$Source::findEND (669 bytes)
Event: 77.856 Thread 0x0000018a5880c1c0 nmethod 2713 0x0000018a0367be10 code [0x0000018a0367c3a0, 0x0000018a0367f658]
Event: 79.058 Thread 0x0000018a58805f90 2719       4       java.util.regex.Matcher::search (154 bytes)
Event: 79.058 Thread 0x0000018a5880c1c0 2717       3       java.lang.String::split (8 bytes)
Event: 79.058 Thread 0x0000018a5880c1c0 nmethod 2717 0x0000018a03680f10 code [0x0000018a036810c0, 0x0000018a03681208]
Event: 79.058 Thread 0x0000018a5880c1c0 2718       3       java.lang.String::split (148 bytes)
Event: 79.059 Thread 0x0000018a5880c1c0 nmethod 2718 0x0000018a03681290 code [0x0000018a03681600, 0x0000018a03682c30]

GC Heap History (6 events):
Event: 0.579 GC heap before
{Heap before GC invocations=1 (full 0):
 PSYoungGen      total 29696K, used 25600K [0x00000000d5580000, 0x00000000d7680000, 0x0000000100000000)
  eden space 25600K, 100% used [0x00000000d5580000,0x00000000d6e80000,0x00000000d6e80000)
  from space 4096K, 0% used [0x00000000d7280000,0x00000000d7280000,0x00000000d7680000)
  to   space 4096K, 0% used [0x00000000d6e80000,0x00000000d6e80000,0x00000000d7280000)
 ParOldGen       total 68608K, used 0K [0x0000000080000000, 0x0000000084300000, 0x00000000d5580000)
  object space 68608K, 0% used [0x0000000080000000,0x0000000080000000,0x0000000084300000)
 Metaspace       used 4135K, committed 4416K, reserved 1114112K
  class space    used 452K, committed 576K, reserved 1048576K
}
Event: 0.584 GC heap after
{Heap after GC invocations=1 (full 0):
 PSYoungGen      total 29696K, used 3716K [0x00000000d5580000, 0x00000000d7680000, 0x0000000100000000)
  eden space 25600K, 0% used [0x00000000d5580000,0x00000000d5580000,0x00000000d6e80000)
  from space 4096K, 90% used [0x00000000d6e80000,0x00000000d7221290,0x00000000d7280000)
  to   space 4096K, 0% used [0x00000000d7280000,0x00000000d7280000,0x00000000d7680000)
 ParOldGen       total 68608K, used 16K [0x0000000080000000, 0x0000000084300000, 0x00000000d5580000)
  object space 68608K, 0% used [0x0000000080000000,0x0000000080004000,0x0000000084300000)
 Metaspace       used 4135K, committed 4416K, reserved 1114112K
  class space    used 452K, committed 576K, reserved 1048576K
}
Event: 0.928 GC heap before
{Heap before GC invocations=2 (full 0):
 PSYoungGen      total 29696K, used 29316K [0x00000000d5580000, 0x00000000d7680000, 0x0000000100000000)
  eden space 25600K, 100% used [0x00000000d5580000,0x00000000d6e80000,0x00000000d6e80000)
  from space 4096K, 90% used [0x00000000d6e80000,0x00000000d7221290,0x00000000d7280000)
  to   space 4096K, 0% used [0x00000000d7280000,0x00000000d7280000,0x00000000d7680000)
 ParOldGen       total 68608K, used 16K [0x0000000080000000, 0x0000000084300000, 0x00000000d5580000)
  object space 68608K, 0% used [0x0000000080000000,0x0000000080004000,0x0000000084300000)
 Metaspace       used 7827K, committed 8128K, reserved 1114112K
  class space    used 808K, committed 960K, reserved 1048576K
}
Event: 0.931 GC heap after
{Heap after GC invocations=2 (full 0):
 PSYoungGen      total 29696K, used 4086K [0x00000000d5580000, 0x00000000d7680000, 0x0000000100000000)
  eden space 25600K, 0% used [0x00000000d5580000,0x00000000d5580000,0x00000000d6e80000)
  from space 4096K, 99% used [0x00000000d7280000,0x00000000d767d810,0x00000000d7680000)
  to   space 4096K, 0% used [0x00000000d6e80000,0x00000000d6e80000,0x00000000d7280000)
 ParOldGen       total 68608K, used 1889K [0x0000000080000000, 0x0000000084300000, 0x00000000d5580000)
  object space 68608K, 2% used [0x0000000080000000,0x00000000801d86a8,0x0000000084300000)
 Metaspace       used 7827K, committed 8128K, reserved 1114112K
  class space    used 808K, committed 960K, reserved 1048576K
}
Event: 21.309 GC heap before
{Heap before GC invocations=3 (full 0):
 PSYoungGen      total 29696K, used 29686K [0x00000000d5580000, 0x00000000d7680000, 0x0000000100000000)
  eden space 25600K, 100% used [0x00000000d5580000,0x00000000d6e80000,0x00000000d6e80000)
  from space 4096K, 99% used [0x00000000d7280000,0x00000000d767d810,0x00000000d7680000)
  to   space 4096K, 0% used [0x00000000d6e80000,0x00000000d6e80000,0x00000000d7280000)
 ParOldGen       total 68608K, used 1889K [0x0000000080000000, 0x0000000084300000, 0x00000000d5580000)
  object space 68608K, 2% used [0x0000000080000000,0x00000000801d86a8,0x0000000084300000)
 Metaspace       used 9502K, committed 9856K, reserved 1114112K
  class space    used 1011K, committed 1152K, reserved 1048576K
}
Event: 21.313 GC heap after
{Heap after GC invocations=3 (full 0):
 PSYoungGen      total 29696K, used 4066K [0x00000000d5580000, 0x00000000d7680000, 0x0000000100000000)
  eden space 25600K, 0% used [0x00000000d5580000,0x00000000d5580000,0x00000000d6e80000)
  from space 4096K, 99% used [0x00000000d6e80000,0x00000000d7278800,0x00000000d7280000)
  to   space 4096K, 0% used [0x00000000d7280000,0x00000000d7280000,0x00000000d7680000)
 ParOldGen       total 68608K, used 4247K [0x0000000080000000, 0x0000000084300000, 0x00000000d5580000)
  object space 68608K, 6% used [0x0000000080000000,0x0000000080425e50,0x0000000084300000)
 Metaspace       used 9502K, committed 9856K, reserved 1114112K
  class space    used 1011K, committed 1152K, reserved 1048576K
}

Dll operation events (9 events):
Event: 0.028 Loaded shared library c:\Users\vince\.vscode\extensions\redhat.java-1.52.0-win32-x64\jre\21.0.9-win32-x86_64\bin\java.dll
Event: 0.077 Loaded shared library c:\Users\vince\.vscode\extensions\redhat.java-1.52.0-win32-x64\jre\21.0.9-win32-x86_64\bin\zip.dll
Event: 0.089 Loaded shared library C:\Users\vince\.vscode\extensions\redhat.java-1.52.0-win32-x64\jre\21.0.9-win32-x86_64\bin\instrument.dll
Event: 0.094 Loaded shared library C:\Users\vince\.vscode\extensions\redhat.java-1.52.0-win32-x64\jre\21.0.9-win32-x86_64\bin\net.dll
Event: 0.097 Loaded shared library C:\Users\vince\.vscode\extensions\redhat.java-1.52.0-win32-x64\jre\21.0.9-win32-x86_64\bin\nio.dll
Event: 0.099 Loaded shared library C:\Users\vince\.vscode\extensions\redhat.java-1.52.0-win32-x64\jre\21.0.9-win32-x86_64\bin\zip.dll
Event: 0.111 Loaded shared library C:\Users\vince\.vscode\extensions\redhat.java-1.52.0-win32-x64\jre\21.0.9-win32-x86_64\bin\jimage.dll
Event: 0.158 Loaded shared library c:\Users\vince\.vscode\extensions\redhat.java-1.52.0-win32-x64\jre\21.0.9-win32-x86_64\bin\verify.dll
Event: 18.729 Loaded shared library C:\Users\vince\AppData\Roaming\Code\User\globalStorage\redhat.java\1.52.0\config_win\org.eclipse.equinox.launcher\org.eclipse.equinox.launcher.win32.win32.x86_64_1.2.1500.v20260121-1430\eclipse_11919.dll

Deoptimization events (20 events):
Event: 31.926 Thread 0x0000018a7f14a370 DEOPT PACKING pc=0x0000018a035c7d49 sp=0x00000007cfaff030
Event: 31.926 Thread 0x0000018a7f14a370 DEOPT UNPACKING pc=0x0000018a0a5e4242 sp=0x00000007cfafe4a0 mode 0
Event: 31.927 Thread 0x0000018a7f14a370 DEOPT PACKING pc=0x0000018a035c7d49 sp=0x00000007cfaff030
Event: 31.927 Thread 0x0000018a7f14a370 DEOPT UNPACKING pc=0x0000018a0a5e4242 sp=0x00000007cfafe4a0 mode 0
Event: 31.927 Thread 0x0000018a7f14a370 DEOPT PACKING pc=0x0000018a035c7d49 sp=0x00000007cfaff030
Event: 31.927 Thread 0x0000018a7f14a370 DEOPT UNPACKING pc=0x0000018a0a5e4242 sp=0x00000007cfafe4a0 mode 0
Event: 31.927 Thread 0x0000018a7f14a370 DEOPT PACKING pc=0x0000018a035c7d49 sp=0x00000007cfaff030
Event: 31.927 Thread 0x0000018a7f14a370 DEOPT UNPACKING pc=0x0000018a0a5e4242 sp=0x00000007cfafe4a0 mode 0
Event: 31.928 Thread 0x0000018a7f14a370 Uncommon trap: trap_request=0xffffff45 fr.pc=0x0000018a0ad7af34 relative=0x00000000000001d4
Event: 32.943 Thread 0x0000018a7f14a370 Uncommon trap: reason=unstable_if action=reinterpret pc=0x0000018a0ad7af34 method=java.util.HashMap.getNode(Ljava/lang/Object;)Ljava/util/HashMap$Node; @ 131 c2
Event: 32.943 Thread 0x0000018a7f14a370 DEOPT PACKING pc=0x0000018a0ad7af34 sp=0x00000007cfaff1e0
Event: 32.943 Thread 0x0000018a7f14a370 DEOPT UNPACKING pc=0x0000018a0a5e3aa2 sp=0x00000007cfaff0f0 mode 2
Event: 32.943 Thread 0x0000018a7f14a370 Uncommon trap: trap_request=0xffffff45 fr.pc=0x0000018a0ad7a794 relative=0x0000000000000234
Event: 32.943 Thread 0x0000018a7f14a370 Uncommon trap: reason=unstable_if action=reinterpret pc=0x0000018a0ad7a794 method=java.util.HashMap.getNode(Ljava/lang/Object;)Ljava/util/HashMap$Node; @ 131 c2
Event: 32.943 Thread 0x0000018a7f14a370 DEOPT PACKING pc=0x0000018a0ad7a794 sp=0x00000007cfaff100
Event: 32.943 Thread 0x0000018a7f14a370 DEOPT UNPACKING pc=0x0000018a0a5e3aa2 sp=0x00000007cfaff080 mode 2
Event: 41.606 Thread 0x0000018a5a66e0a0 Uncommon trap: trap_request=0xffffff45 fr.pc=0x0000018a0ad4edcc relative=0x000000000000018c
Event: 41.606 Thread 0x0000018a5a66e0a0 Uncommon trap: reason=unstable_if action=reinterpret pc=0x0000018a0ad4edcc method=java.lang.String.startsWith(Ljava/lang/String;I)Z @ 50 c2
Event: 41.606 Thread 0x0000018a5a66e0a0 DEOPT PACKING pc=0x0000018a0ad4edcc sp=0x00000007cf1fe680
Event: 41.606 Thread 0x0000018a5a66e0a0 DEOPT UNPACKING pc=0x0000018a0a5e3aa2 sp=0x00000007cf1fe5b0 mode 2

Classes loaded (20 events):
Event: 37.025 Loading class sun/util/resources/cldr/TimeZoneNames
Event: 37.026 Loading class sun/util/resources/TimeZoneNamesBundle
Event: 37.026 Loading class sun/util/resources/OpenListResourceBundle
Event: 37.026 Loading class sun/util/resources/OpenListResourceBundle done
Event: 37.026 Loading class sun/util/resources/TimeZoneNamesBundle done
Event: 37.026 Loading class sun/util/resources/cldr/TimeZoneNames done
Event: 37.026 Loading class sun/util/resources/cldr/TimeZoneNames_en
Event: 37.026 Loading class sun/util/resources/cldr/TimeZoneNames_en done
Event: 37.027 Loading class sun/util/resources/cldr/TimeZoneNames_en_US
Event: 37.027 Loading class sun/util/resources/cldr/TimeZoneNames_en_US done
Event: 37.027 Loading class sun/util/cldr/CLDRBaseLocaleDataMetaInfo$TZCanonicalIDMapHolder
Event: 37.028 Loading class sun/util/cldr/CLDRBaseLocaleDataMetaInfo$TZCanonicalIDMapHolder done
Event: 37.029 Loading class sun/util/resources/TimeZoneNames
Event: 37.030 Loading class sun/util/resources/TimeZoneNames done
Event: 37.030 Loading class sun/util/resources/TimeZoneNames_en
Event: 37.030 Loading class sun/util/resources/TimeZoneNames_en done
Event: 78.027 Loading class java/lang/StackTraceElement$HashedModules
Event: 79.052 Loading class java/lang/StackTraceElement$HashedModules done
Event: 79.057 Loading class sun/nio/cs/UTF_8$Encoder
Event: 79.057 Loading class sun/nio/cs/UTF_8$Encoder done

Classes unloaded (0 events):
No events

Classes redefined (0 events):
No events

Internal exceptions (20 events):
Event: 0.635 Thread 0x0000018a7ccfc7c0 Exception <a 'java/lang/NoSuchMethodError'{0x00000000d58e37e8}: 'void java.lang.invoke.DirectMethodHandle$Holder.invokeStatic(java.lang.Object, java.lang.Object, java.lang.Object, java.lang.Object)'> (0x00000000d58e37e8) 
thrown [s\src\hotspot\share\interpreter\linkResolver.cpp, line 773]
Event: 0.636 Thread 0x0000018a7ccfc7c0 Implicit null exception at 0x0000018a0ad41e9a to 0x0000018a0ad420a4
Event: 0.636 Thread 0x0000018a7ccfc7c0 Implicit null exception at 0x0000018a0ad3ef3d to 0x0000018a0ad3efc1
Event: 0.721 Thread 0x0000018a7ccfc7c0 Exception <a 'java/lang/NoSuchMethodError'{0x00000000d5c0e670}: 'void java.lang.invoke.DirectMethodHandle$Holder.invokeSpecial(java.lang.Object, java.lang.Object, java.lang.Object)'> (0x00000000d5c0e670) 
thrown [s\src\hotspot\share\interpreter\linkResolver.cpp, line 773]
Event: 0.828 Thread 0x0000018a7ccfc7c0 Exception <a 'java/lang/NoSuchMethodError'{0x00000000d666fef0}: 'int java.lang.invoke.DirectMethodHandle$Holder.invokeVirtual(java.lang.Object, java.lang.Object)'> (0x00000000d666fef0) 
thrown [s\src\hotspot\share\interpreter\linkResolver.cpp, line 773]
Event: 0.866 Thread 0x0000018a7ccfc7c0 Exception <a 'java/lang/NoSuchMethodError'{0x00000000d67e70e0}: 'int java.lang.invoke.DirectMethodHandle$Holder.invokeStaticInit(java.lang.Object, java.lang.Object, java.lang.Object, java.lang.Object)'> (0x00000000d67e70e0) 
thrown [s\src\hotspot\share\interpreter\linkResolver.cpp, line 773]
Event: 0.867 Thread 0x0000018a7ccfc7c0 Exception <a 'java/lang/IncompatibleClassChangeError'{0x00000000d67ef988}: Found class java.lang.Object, but interface was expected> (0x00000000d67ef988) 
thrown [s\src\hotspot\share\interpreter\linkResolver.cpp, line 840]
Event: 0.867 Thread 0x0000018a7ccfc7c0 Exception <a 'java/lang/NoSuchMethodError'{0x00000000d67f5f38}: 'void java.lang.invoke.DirectMethodHandle$Holder.invokeStaticInit(java.lang.Object, java.lang.Object)'> (0x00000000d67f5f38) 
thrown [s\src\hotspot\share\interpreter\linkResolver.cpp, line 773]
Event: 0.867 Thread 0x0000018a7ccfc7c0 Exception <a 'java/lang/NoSuchMethodError'{0x00000000d67ff170}: 'int java.lang.invoke.DirectMethodHandle$Holder.invokeStaticInit(java.lang.Object, java.lang.Object)'> (0x00000000d67ff170) 
thrown [s\src\hotspot\share\interpreter\linkResolver.cpp, line 773]
Event: 0.886 Thread 0x0000018a7ccfc7c0 Exception <a 'java/lang/NoSuchMethodError'{0x00000000d6a4f720}: 'java.lang.Object java.lang.invoke.DirectMethodHandle$Holder.newInvokeSpecial(java.lang.Object, int, java.lang.Object)'> (0x00000000d6a4f720) 
thrown [s\src\hotspot\share\interpreter\linkResolver.cpp, line 773]
Event: 0.906 Thread 0x0000018a7ccfc7c0 Exception <a 'java/lang/ClassNotFoundException'{0x00000000d6c683c0}: sun/net/www/protocol/plurl/Handler> (0x00000000d6c683c0) 
thrown [s\src\hotspot\share\classfile\systemDictionary.cpp, line 312]
Event: 0.906 Thread 0x0000018a7ccfc7c0 Exception <a 'java/lang/ClassNotFoundException'{0x00000000d6c69240}: sun/net/www/protocol/plurl/Handler> (0x00000000d6c69240) 
thrown [s\src\hotspot\share\classfile\systemDictionary.cpp, line 312]
Event: 18.723 Thread 0x0000018a7ccfc7c0 Exception <a 'java/lang/UnsatisfiedLinkError'{0x00000000d5857f28}: 'void org.eclipse.equinox.launcher.JNIBridge._update_splash()'> (0x00000000d5857f28) 
thrown [s\src\hotspot\share\prims\nativeLookup.cpp, line 415]
Event: 18.750 Thread 0x0000018a7f1482a0 Exception <a 'java/lang/NoSuchMethodError'{0x00000000d5ae9680}: 'void java.lang.invoke.DirectMethodHandle$Holder.invokeInterface(java.lang.Object, java.lang.Object, java.lang.Object)'> (0x00000000d5ae9680) 
thrown [s\src\hotspot\share\interpreter\linkResolver.cpp, line 773]
Event: 18.803 Thread 0x0000018a5a66e0a0 Exception <a 'java/lang/NoSuchMethodError'{0x00000000d5ea7ad8}: 'java.lang.Object java.lang.invoke.DirectMethodHandle$Holder.newInvokeSpecial(java.lang.Object, java.lang.Object, int, java.lang.Object)'> (0x00000000d5ea7ad8) 
thrown [s\src\hotspot\share\interpreter\linkResolver.cpp, line 773]
Event: 18.803 Thread 0x0000018a5a66e0a0 Exception <a 'java/lang/NoSuchMethodError'{0x00000000d5eab908}: 'java.lang.Object java.lang.invoke.DirectMethodHandle$Holder.invokeSpecial(java.lang.Object, java.lang.Object, java.lang.Object, int, java.lang.Object)'> (0x00000000d5eab908) 
thrown [s\src\hotspot\share\interpreter\linkResolver.cpp, line 773]
Event: 18.809 Thread 0x0000018a5a66e0a0 Exception <a 'java/lang/NoClassDefFoundError'{0x00000000d5f53980}: jakarta/servlet/ServletContainerInitializer> (0x00000000d5f53980) 
thrown [s\src\hotspot\share\classfile\systemDictionary.cpp, line 301]
Event: 18.840 Thread 0x0000018a5a66e0a0 Exception <a 'java/lang/NoSuchMethodError'{0x00000000d6076f58}: 'java.lang.Object java.lang.invoke.DirectMethodHandle$Holder.invokeStatic(java.lang.Object, int, java.lang.Object)'> (0x00000000d6076f58) 
thrown [s\src\hotspot\share\interpreter\linkResolver.cpp, line 773]
Event: 18.847 Thread 0x0000018a5a66e0a0 Exception <a 'java/lang/ClassNotFoundException'{0x00000000d60e3088}: sun/util/logging/resources/spi/loggingProvider> (0x00000000d60e3088) 
thrown [s\src\hotspot\share\classfile\systemDictionary.cpp, line 312]
Event: 78.027 Thread 0x0000018a5a66e0a0 Exception <a 'java/io/FileNotFoundException'{0x00000000d697eab0}> (0x00000000d697eab0) 
thrown [s\src\hotspot\share\prims\jni.cpp, line 520]

ZGC Phase Switch (0 events):
No events

VM Operations (20 events):
Event: 31.920 Executing VM operation: Cleanup done
Event: 33.936 Executing VM operation: Cleanup
Event: 34.992 Executing VM operation: Cleanup done
Event: 38.023 Executing VM operation: Cleanup
Event: 38.024 Executing VM operation: Cleanup done
Event: 42.063 Executing VM operation: Cleanup
Event: 42.063 Executing VM operation: Cleanup done
Event: 46.112 Executing VM operation: Cleanup
Event: 46.112 Executing VM operation: Cleanup done
Event: 60.157 Executing VM operation: HandshakeAllThreads (HandshakeForDeflation)
Event: 60.157 Executing VM operation: HandshakeAllThreads (HandshakeForDeflation) done
Event: 60.157 Executing VM operation: RendezvousGCThreads
Event: 60.157 Executing VM operation: RendezvousGCThreads done
Event: 63.182 Executing VM operation: Cleanup
Event: 63.182 Executing VM operation: Cleanup done
Event: 67.226 Executing VM operation: Cleanup
Event: 67.226 Executing VM operation: Cleanup done
Event: 78.336 Executing VM operation: Cleanup
Event: 79.052 Executing VM operation: Cleanup done
Event: 80.062 Executing VM operation: Cleanup

Memory protections (0 events):
No events

Nmethod flushes (0 events):
No events

Events (20 events):
Event: 18.722 Thread 0x0000018a7ccfc7c0 Thread added: 0x0000018a7f1482a0
Event: 18.751 Thread 0x0000018a7f1482a0 Thread added: 0x0000018a5a66ccf0
Event: 18.753 Thread 0x0000018a7ccfc7c0 Thread added: 0x0000018a5a66e0a0
Event: 18.839 Thread 0x0000018a5880c1c0 Thread added: 0x0000018a5a1b5210
Event: 18.871 Thread 0x0000018a5a1b5210 Thread added: 0x0000018a5a1d6860
Event: 19.459 Thread 0x0000018a5a1b5210 Thread exited: 0x0000018a5a1b5210
Event: 20.322 Thread 0x0000018a5a1d6860 Thread exited: 0x0000018a5a1d6860
Event: 21.348 Thread 0x0000018a5880c1c0 Thread added: 0x0000018a5a1b5210
Event: 21.447 Thread 0x0000018a5a66e0a0 Thread added: 0x0000018a5a66b2b0
Event: 21.781 Thread 0x0000018a5a1b5210 Thread exited: 0x0000018a5a1b5210
Event: 30.880 Thread 0x0000018a58805f90 Thread added: 0x0000018a5a1b5210
Event: 30.881 Thread 0x0000018a5a1b5210 Thread added: 0x0000018a5a4a1f10
Event: 30.883 Thread 0x0000018a5a1b5210 Thread added: 0x0000018a5a4a25b0
Event: 30.888 Thread 0x0000018a5880c1c0 Thread added: 0x0000018a5a763aa0
Event: 30.888 Thread 0x0000018a5a4a25b0 Thread added: 0x0000018a58a55dc0
Event: 35.802 Thread 0x0000018a5a4a25b0 Thread exited: 0x0000018a5a4a25b0
Event: 37.221 Thread 0x0000018a58a55dc0 Thread exited: 0x0000018a58a55dc0
Event: 37.221 Thread 0x0000018a5a763aa0 Thread exited: 0x0000018a5a763aa0
Event: 44.418 Thread 0x0000018a5a4a1f10 Thread exited: 0x0000018a5a4a1f10
Event: 44.418 Thread 0x0000018a5a1b5210 Thread exited: 0x0000018a5a1b5210


Dynamic libraries:
0x00007ff7f9110000 - 0x00007ff7f911e000 	c:\Users\vince\.vscode\extensions\redhat.java-1.52.0-win32-x64\jre\21.0.9-win32-x86_64\bin\java.exe
0x00007ff87bb60000 - 0x00007ff87bdc8000 	C:\WINDOWS\SYSTEM32\ntdll.dll
0x00007ff879ec0000 - 0x00007ff879f89000 	C:\WINDOWS\System32\KERNEL32.DLL
0x00007ff878570000 - 0x00007ff878961000 	C:\WINDOWS\System32\KERNELBASE.dll
0x00007ff878970000 - 0x00007ff878abb000 	C:\WINDOWS\System32\ucrtbase.dll
0x00007ff835d80000 - 0x00007ff835d98000 	c:\Users\vince\.vscode\extensions\redhat.java-1.52.0-win32-x64\jre\21.0.9-win32-x86_64\bin\jli.dll
0x00007ff8359f0000 - 0x00007ff835a0e000 	c:\Users\vince\.vscode\extensions\redhat.java-1.52.0-win32-x64\jre\21.0.9-win32-x86_64\bin\VCRUNTIME140.dll
0x00007ff87b480000 - 0x00007ff87b646000 	C:\WINDOWS\System32\USER32.dll
0x00007ff878e50000 - 0x00007ff878e77000 	C:\WINDOWS\System32\win32u.dll
0x00007ff87b450000 - 0x00007ff87b47b000 	C:\WINDOWS\System32\GDI32.dll
0x00007ff862570000 - 0x00007ff862803000 	C:\WINDOWS\WinSxS\amd64_microsoft.windows.common-controls_6595b64144ccf1df_6.0.26100.7705_none_3e06597ae3363b04\COMCTL32.dll
0x00007ff878440000 - 0x00007ff87856b000 	C:\WINDOWS\System32\gdi32full.dll
0x00007ff878b80000 - 0x00007ff878c23000 	C:\WINDOWS\System32\msvcp_win.dll
0x00007ff87a670000 - 0x00007ff87a719000 	C:\WINDOWS\System32\msvcrt.dll
0x00007ff87b650000 - 0x00007ff87b681000 	C:\WINDOWS\System32\IMM32.DLL
0x00007ff85cb60000 - 0x00007ff85cb6c000 	c:\Users\vince\.vscode\extensions\redhat.java-1.52.0-win32-x64\jre\21.0.9-win32-x86_64\bin\vcruntime140_1.dll
0x00007ff807aa0000 - 0x00007ff807b2d000 	c:\Users\vince\.vscode\extensions\redhat.java-1.52.0-win32-x64\jre\21.0.9-win32-x86_64\bin\msvcp140.dll
0x00007fff43820000 - 0x00007fff445c0000 	c:\Users\vince\.vscode\extensions\redhat.java-1.52.0-win32-x64\jre\21.0.9-win32-x86_64\bin\server\jvm.dll
0x00007ff879f90000 - 0x00007ff87a044000 	C:\WINDOWS\System32\ADVAPI32.dll
0x00007ff87a410000 - 0x00007ff87a4b6000 	C:\WINDOWS\System32\sechost.dll
0x00007ff87a150000 - 0x00007ff87a268000 	C:\WINDOWS\System32\RPCRT4.dll
0x00007ff87af80000 - 0x00007ff87aff4000 	C:\WINDOWS\System32\WS2_32.dll
0x00007ff877060000 - 0x00007ff8770be000 	C:\WINDOWS\SYSTEM32\POWRPROF.dll
0x00007ff86de20000 - 0x00007ff86de2b000 	C:\WINDOWS\SYSTEM32\VERSION.dll
0x00007ff86df20000 - 0x00007ff86df55000 	C:\WINDOWS\SYSTEM32\WINMM.dll
0x00007ff877040000 - 0x00007ff877054000 	C:\WINDOWS\SYSTEM32\UMPDC.dll
0x00007ff877310000 - 0x00007ff87732b000 	C:\WINDOWS\SYSTEM32\kernel.appcore.dll
0x00007ff859460000 - 0x00007ff85946a000 	c:\Users\vince\.vscode\extensions\redhat.java-1.52.0-win32-x64\jre\21.0.9-win32-x86_64\bin\jimage.dll
0x00007ff875db0000 - 0x00007ff875ff2000 	C:\WINDOWS\SYSTEM32\DBGHELP.DLL
0x00007ff87b0c0000 - 0x00007ff87b446000 	C:\WINDOWS\System32\combase.dll
0x00007ff87a310000 - 0x00007ff87a3e7000 	C:\WINDOWS\System32\OLEAUT32.dll
0x00007ff85fc40000 - 0x00007ff85fc7b000 	C:\WINDOWS\SYSTEM32\dbgcore.DLL
0x00007ff878da0000 - 0x00007ff878e45000 	C:\WINDOWS\System32\bcryptPrimitives.dll
0x00007ff859310000 - 0x00007ff85931f000 	c:\Users\vince\.vscode\extensions\redhat.java-1.52.0-win32-x64\jre\21.0.9-win32-x86_64\bin\instrument.dll
0x00007ff835870000 - 0x00007ff835890000 	c:\Users\vince\.vscode\extensions\redhat.java-1.52.0-win32-x64\jre\21.0.9-win32-x86_64\bin\java.dll
0x00007ff87a7a0000 - 0x00007ff87aef1000 	C:\WINDOWS\System32\SHELL32.dll
0x00007ff878c30000 - 0x00007ff878d9a000 	C:\WINDOWS\System32\wintypes.dll
0x00007ff878e80000 - 0x00007ff8796e2000 	C:\WINDOWS\System32\windows.storage.dll
0x00007ff87a4c0000 - 0x00007ff87a5b6000 	C:\WINDOWS\System32\SHCORE.dll
0x00007ff87a5d0000 - 0x00007ff87a637000 	C:\WINDOWS\System32\shlwapi.dll
0x00007ff878360000 - 0x00007ff878389000 	C:\WINDOWS\SYSTEM32\profapi.dll
0x00007ff8354d0000 - 0x00007ff8354e8000 	c:\Users\vince\.vscode\extensions\redhat.java-1.52.0-win32-x64\jre\21.0.9-win32-x86_64\bin\zip.dll
0x00007ff852b00000 - 0x00007ff852b10000 	C:\Users\vince\.vscode\extensions\redhat.java-1.52.0-win32-x64\jre\21.0.9-win32-x86_64\bin\net.dll
0x00007ff872710000 - 0x00007ff872837000 	C:\WINDOWS\SYSTEM32\WINHTTP.dll
0x00007ff877880000 - 0x00007ff8778eb000 	C:\WINDOWS\system32\mswsock.dll
0x00007ff833e20000 - 0x00007ff833e36000 	C:\Users\vince\.vscode\extensions\redhat.java-1.52.0-win32-x64\jre\21.0.9-win32-x86_64\bin\nio.dll
0x00007ff84ea40000 - 0x00007ff84ea50000 	c:\Users\vince\.vscode\extensions\redhat.java-1.52.0-win32-x64\jre\21.0.9-win32-x86_64\bin\verify.dll
0x00007fffeb6c0000 - 0x00007fffeb705000 	C:\Users\vince\AppData\Roaming\Code\User\globalStorage\redhat.java\1.52.0\config_win\org.eclipse.equinox.launcher\org.eclipse.equinox.launcher.win32.win32.x86_64_1.2.1500.v20260121-1430\eclipse_11919.dll
0x00007ff879af0000 - 0x00007ff879c87000 	C:\WINDOWS\System32\ole32.dll

JVMTI agents:
c:\Users\vince\.vscode\extensions\redhat.java-1.52.0-win32-x64\lombok\lombok-1.18.39-4050.jar path:c:\Users\vince\.vscode\extensions\redhat.java-1.52.0-win32-x64\jre\21.0.9-win32-x86_64\bin\instrument.dll, loaded, initialized, instrumentlib options:none

dbghelp: loaded successfully - version: 4.0.5 - missing functions: none
symbol engine: initialized successfully - sym options: 0x614 - pdb path: .;c:\Users\vince\.vscode\extensions\redhat.java-1.52.0-win32-x64\jre\21.0.9-win32-x86_64\bin;C:\WINDOWS\SYSTEM32;C:\WINDOWS\WinSxS\amd64_microsoft.windows.common-controls_6595b64144ccf1df_6.0.26100.7705_none_3e06597ae3363b04;c:\Users\vince\.vscode\extensions\redhat.java-1.52.0-win32-x64\jre\21.0.9-win32-x86_64\bin\server;C:\Users\vince\AppData\Roaming\Code\User\globalStorage\redhat.java\1.52.0\config_win\org.eclipse.equinox.launcher\org.eclipse.equinox.launcher.win32.win32.x86_64_1.2.1500.v20260121-1430

VM Arguments:
jvm_args: --add-modules=ALL-SYSTEM --add-opens=java.base/java.util=ALL-UNNAMED --add-opens=java.base/java.lang=ALL-UNNAMED --add-opens=java.base/sun.nio.fs=ALL-UNNAMED -Declipse.application=org.eclipse.jdt.ls.core.id1 -Dosgi.bundles.defaultStartLevel=4 -Declipse.product=org.eclipse.jdt.ls.core.product -Djava.import.generatesMetadataFilesAtProjectRoot=false -DDetectVMInstallationsJob.disabled=true -Dfile.encoding=utf8 -XX:+UseParallelGC -XX:GCTimeRatio=4 -XX:AdaptiveSizePolicyWeight=90 -Dsun.zip.disableMemoryMapping=true -Xmx2G -Xms100m -Xlog:disable -javaagent:c:\Users\vince\.vscode\extensions\redhat.java-1.52.0-win32-x64\lombok\lombok-1.18.39-4050.jar -XX:+HeapDumpOnOutOfMemoryError -XX:HeapDumpPath=c:\Users\vince\AppData\Roaming\Code\User\workspaceStorage\77af15548cbb9c7536d3998b667843c5\redhat.java -Daether.dependencyCollector.impl=bf 
java_command: c:\Users\vince\.vscode\extensions\redhat.java-1.52.0-win32-x64\server\plugins\org.eclipse.equinox.launcher_1.7.100.v20251111-0406.jar -configuration c:\Users\vince\AppData\Roaming\Code\User\globalStorage\redhat.java\1.52.0\config_win -data c:\Users\vince\AppData\Roaming\Code\User\workspaceStorage\77af15548cbb9c7536d3998b667843c5\redhat.java\jdt_ws --pipe=\\.\pipe\lsp-372b1a307c3672a464ebea5ad36435d3-sock
java_class_path (initial): c:\Users\vince\.vscode\extensions\redhat.java-1.52.0-win32-x64\server\plugins\org.eclipse.equinox.launcher_1.7.100.v20251111-0406.jar
Launcher Type: SUN_STANDARD

[Global flags]
    uintx AdaptiveSizePolicyWeight                 = 90                                        {product} {command line}
     intx CICompilerCount                          = 12                                        {product} {ergonomic}
    uintx GCTimeRatio                              = 4                                         {product} {command line}
     bool HeapDumpOnOutOfMemoryError               = true                                   {manageable} {command line}
    ccstr HeapDumpPath                             = c:\Users\vince\AppData\Roaming\Code\User\workspaceStorage\77af15548cbb9c7536d3998b667843c5\redhat.java         {manageable} {command line}
   size_t InitialHeapSize                          = 104857600                                 {product} {command line}
   size_t MaxHeapSize                              = 2147483648                                {product} {command line}
   size_t MaxNewSize                               = 715653120                                 {product} {ergonomic}
   size_t MinHeapDeltaBytes                        = 524288                                    {product} {ergonomic}
   size_t MinHeapSize                              = 104857600                                 {product} {command line}
   size_t NewSize                                  = 34603008                                  {product} {ergonomic}
    uintx NonNMethodCodeHeapSize                   = 7602480                                {pd product} {ergonomic}
    uintx NonProfiledCodeHeapSize                  = 122027880                              {pd product} {ergonomic}
   size_t OldSize                                  = 70254592                                  {product} {ergonomic}
    uintx ProfiledCodeHeapSize                     = 122027880                              {pd product} {ergonomic}
    uintx ReservedCodeCacheSize                    = 251658240                              {pd product} {ergonomic}
     bool SegmentedCodeCache                       = true                                      {product} {ergonomic}
   size_t SoftMaxHeapSize                          = 2147483648                             {manageable} {ergonomic}
     bool UseCompressedOops                        = true                           {product lp64_product} {ergonomic}
     bool UseLargePagesIndividualAllocation        = false                                  {pd product} {ergonomic}
     bool UseParallelGC                            = true                                      {product} {command line}

Logging:
Log output configuration:
 #0: stdout all=off uptime,level,tags foldmultilines=false
 #1: stderr all=off uptime,level,tags foldmultilines=false

Release file:
JAVA_VERSION="21.0.9" 
MODULES="java.base java.compiler java.datatransfer java.xml java.prefs java.desktop java.instrument java.logging java.management java.security.sasl java.naming java.rmi java.management.rmi java.net.http java.scripting java.security.jgss java.transaction.xa java.sql java.sql.rowset java.xml.crypto java.se java.smartcardio jdk.accessibility jdk.internal.jvmstat jdk.attach jdk.charsets jdk.internal.opt jdk.zipfs jdk.compiler jdk.crypto.ec jdk.crypto.cryptoki jdk.crypto.mscapi jdk.dynalink jdk.internal.ed jdk.editpad jdk.hotspot.agent jdk.httpserver jdk.internal.le jdk.internal.vm.ci jdk.internal.vm.compiler jdk.internal.vm.compiler.management jdk.jartool jdk.javadoc jdk.jcmd jdk.management jdk.management.agent jdk.jconsole jdk.jdeps jdk.jdwp.agent jdk.jdi jdk.jfr jdk.jshell jdk.jsobject jdk.jstatd jdk.localedata jdk.management.jfr jdk.naming.dns jdk.naming.rmi jdk.net jdk.nio.mapmode jdk.random jdk.sctp jdk.security.auth jdk.security.jgss jdk.unsupported jdk.unsupported.desktop jdk.xml.dom" 

Environment Variables:
PATH=C:\Python313\Scripts\;C:\Python313\;C:\Program Files\Common Files\Oracle\Java\javapath;C:\Program Files (x86)\Common Files\Oracle\Java\java8path;C:\Program Files (x86)\Common Files\Oracle\Java\javapath;C:\Windows\system32;C:\Windows;C:\Windows\System32\Wbem;C:\Windows\System32\WindowsPowerShell\v1.0\;C:\Windows\System32\OpenSSH\;C:\Program Files (x86)\NVIDIA Corporation\PhysX\Common;C:\Program Files\Git\cmd;C:\Program Files\dotnet\;C:\Program Files\NVIDIA Corporation\NVIDIA NvDLISR;C:\WINDOWS\system32;C:\WINDOWS;C:\WINDOWS\System32\Wbem;C:\WINDOWS\System32\WindowsPowerShell\v1.0\;C:\WINDOWS\System32\OpenSSH\;D:\Logiciel\AndroidStudio\flutter\bin;C:\ProgramData\chocolatey\bin;C:\Program Files\nodejs\;C:\Program Files\PuTTY\;C:\Program Files\Redis\;C:\Program Files\Docker\Docker\resources\bin;C:\Users\vince\AppData\Local\Microsoft\WindowsApps;C:\Users\vince\AppData\Local\GitHubDesktop\bin;C:\Program Files\JetBrains\IntelliJ IDEA 2023.2.4\bin;;C:\Users\vince\AppData\Local\Programs\Microsoft VS Code\bin;C:\Users\vince\.dotnet\tools;C:\Users\vince\AppData\Roaming\npm;D:\Logiciel\mongosh-2.5.7-win32-x64\bin;
USERNAME=vince
OS=Windows_NT
PROCESSOR_IDENTIFIER=Intel64 Family 6 Model 154 Stepping 3, GenuineIntel
TMP=C:\Users\vince\AppData\Local\Temp
TEMP=C:\Users\vince\AppData\Local\Temp




Periodic native trim disabled

---------------  S Y S T E M  ---------------

OS:
 Windows 11 , 64 bit Build 26100 (10.0.26100.7705)
OS uptime: 7 days 23:49 hours
Hyper-V role detected

CPU: total 16 (initial active 16) (8 cores per cpu, 2 threads per core) family 6 model 154 stepping 3 microcode 0x424, cx8, cmov, fxsr, ht, mmx, 3dnowpref, sse, sse2, sse3, ssse3, sse4.1, sse4.2, popcnt, lzcnt, tsc, tscinvbit, avx, avx2, aes, erms, clmul, bmi1, bmi2, adx, sha, fma, vzeroupper, clflush, clflushopt, clwb, hv, serialize, rdtscp, rdpid, fsrm, f16c, cet_ibt, cet_ss
Processor Information for processor 0
  Max Mhz: 2300, Current Mhz: 2300, Mhz Limit: 2300
Processor Information for processor 1
  Max Mhz: 2300, Current Mhz: 2300, Mhz Limit: 2300
Processor Information for processor 2
  Max Mhz: 2300, Current Mhz: 1506, Mhz Limit: 2300
Processor Information for processor 3
  Max Mhz: 2300, Current Mhz: 2300, Mhz Limit: 2300
Processor Information for processor 4
  Max Mhz: 2300, Current Mhz: 1506, Mhz Limit: 2300
Processor Information for processor 5
  Max Mhz: 2300, Current Mhz: 2300, Mhz Limit: 2300
Processor Information for processor 6
  Max Mhz: 2300, Current Mhz: 2300, Mhz Limit: 2300
Processor Information for processor 7
  Max Mhz: 2300, Current Mhz: 2300, Mhz Limit: 2300
Processor Information for processor 8
  Max Mhz: 2300, Current Mhz: 2300, Mhz Limit: 2300
Processor Information for processor 9
  Max Mhz: 2300, Current Mhz: 2300, Mhz Limit: 2300
Processor Information for processor 10
  Max Mhz: 2300, Current Mhz: 1506, Mhz Limit: 2300
Processor Information for processor 11
  Max Mhz: 2300, Current Mhz: 1506, Mhz Limit: 2300
Processor Information for processor 12
  Max Mhz: 2300, Current Mhz: 1488, Mhz Limit: 2300
Processor Information for processor 13
  Max Mhz: 2300, Current Mhz: 1488, Mhz Limit: 2300
Processor Information for processor 14
  Max Mhz: 2300, Current Mhz: 2300, Mhz Limit: 2300
Processor Information for processor 15
  Max Mhz: 2300, Current Mhz: 1488, Mhz Limit: 2300

Memory: 4k page, system-wide physical 16082M (2578M free)
TotalPageFile size 65234M (AvailPageFile size 0M)
current process WorkingSet (physical memory assigned to process): 96M, peak: 114M
current process commit charge ("private bytes"): 265M, peak: 272M

vm_info: OpenJDK 64-Bit Server VM (21.0.9+10-LTS) for windows-amd64 JRE (21.0.9+10-LTS), built on 2025-10-21T00:00:00Z by "admin" with unknown MS VC++:1942

END.
