#
# There is insufficient memory for the Java Runtime Environment to continue.
# Native memory allocation (malloc) failed to allocate 266416 bytes. Error detail: Chunk::new
# Possible reasons:
#   The system is out of physical RAM or swap space
#   This process is running with CompressedOops enabled, and the Java Heap may be blocking the growth of the native heap
# Possible solutions:
#   Reduce memory load on the system
#   Increase physical memory or swap space
#   Check if swap backing store is full
#   Decrease Java heap size (-Xmx/-Xms)
#   Decrease number of Java threads
#   Decrease Java thread stack sizes (-Xss)
#   Set larger code cache with -XX:ReservedCodeCacheSize=
#   JVM is running with Unscaled Compressed Oops mode in which the Java heap is
#     placed in the first 4GB address space. The Java Heap base address is the
#     maximum limit for the native heap growth. Please use -XX:HeapBaseMinAddress
#     to set the Java Heap base and to place the Java Heap above 4GB virtual address.
# This output file may be truncated or incomplete.
#
#  Out of Memory Error (arena.cpp:168), pid=22156, tid=10120
#
# JRE version: OpenJDK Runtime Environment Temurin-21.0.9+10 (21.0.9+10) (build 21.0.9+10-LTS)
# Java VM: OpenJDK 64-Bit Server VM Temurin-21.0.9+10 (21.0.9+10-LTS, mixed mode, sharing, tiered, compressed oops, compressed class ptrs, parallel gc, windows-amd64)
# No core dump will be written. Minidumps are not enabled by default on client versions of Windows
#

---------------  S U M M A R Y ------------

Command Line: --add-modules=ALL-SYSTEM --add-opens=java.base/java.util=ALL-UNNAMED --add-opens=java.base/java.lang=ALL-UNNAMED --add-opens=java.base/sun.nio.fs=ALL-UNNAMED -Declipse.application=org.eclipse.jdt.ls.core.id1 -Dosgi.bundles.defaultStartLevel=4 -Declipse.product=org.eclipse.jdt.ls.core.product -Djava.import.generatesMetadataFilesAtProjectRoot=false -DDetectVMInstallationsJob.disabled=true -Dfile.encoding=utf8 -XX:+UseParallelGC -XX:GCTimeRatio=4 -XX:AdaptiveSizePolicyWeight=90 -Dsun.zip.disableMemoryMapping=true -Xmx2G -Xms100m -Xlog:disable -javaagent:c:\Users\vince\.vscode\extensions\redhat.java-1.52.0-win32-x64\lombok\lombok-1.18.39-4050.jar -XX:+HeapDumpOnOutOfMemoryError -XX:HeapDumpPath=c:\Users\vince\AppData\Roaming\Code\User\workspaceStorage\77af15548cbb9c7536d3998b667843c5\redhat.java -Daether.dependencyCollector.impl=bf c:\Users\vince\.vscode\extensions\redhat.java-1.52.0-win32-x64\server\plugins\org.eclipse.equinox.launcher_1.7.100.v20251111-0406.jar -configuration c:\Users\vince\AppData\Roaming\Code\User\globalStorage\redhat.java\1.52.0\config_win -data c:\Users\vince\AppData\Roaming\Code\User\workspaceStorage\77af15548cbb9c7536d3998b667843c5\redhat.java\jdt_ws --pipe=\\.\pipe\lsp-a043e4be6500d17aff3a0806ed72b7a9-sock

Host: 12th Gen Intel(R) Core(TM) i7-12650H, 16 cores, 15G,  Windows 11 , 64 bit Build 26100 (10.0.26100.7705)
Time: Thu Feb  5 00:11:49 2026 Paris, Madrid elapsed time: 16.786050 seconds (0d 0h 0m 16s)

---------------  T H R E A D  ---------------

Current thread (0x000001947f9fab20):  JavaThread "C2 CompilerThread3" daemon [_thread_in_native, id=10120, stack(0x00000036b9300000,0x00000036b9400000) (1024K)]


Current CompileTask:
C2:16786 4115   !   4       java.util.zip.ZipFile$ZipFileInputStream::close (59 bytes)

Stack: [0x00000036b9300000,0x00000036b9400000]
Native frames: (J=compiled Java code, j=interpreted, Vv=VM code, C=native code)
V  [jvm.dll+0x6d6e29]
V  [jvm.dll+0x8b4b76]
V  [jvm.dll+0x8b712e]
V  [jvm.dll+0x8b7813]
V  [jvm.dll+0x283d86]
V  [jvm.dll+0xc66ed]
V  [jvm.dll+0xc6c31]
V  [jvm.dll+0x2facee]
V  [jvm.dll+0x5fde44]
V  [jvm.dll+0x255557]
V  [jvm.dll+0x25591d]
V  [jvm.dll+0x24df40]
V  [jvm.dll+0x24b482]
V  [jvm.dll+0x1cb13e]
V  [jvm.dll+0x25b29d]
V  [jvm.dll+0x25982a]
V  [jvm.dll+0x3f7ea6]
V  [jvm.dll+0x85e9ad]
V  [jvm.dll+0x6d565d]
C  [ucrtbase.dll+0x37b0]
C  [KERNEL32.DLL+0x2e8d7]
C  [ntdll.dll+0x8c40c]


---------------  P R O C E S S  ---------------

Threads class SMR info:
_java_thread_list=0x000001947fcddd10, length=25, elements={
0x0000019469fc4870, 0x000001947ca6e370, 0x000001946a067730, 0x000001946a06ce50,
0x000001946a06ee60, 0x000001946a072e80, 0x000001946a076da0, 0x000001947de1d2d0,
0x000001946a07a570, 0x000001947e09db30, 0x000001947f7124d0, 0x0000019449031640,
0x00000194494fb2c0, 0x000001944940b060, 0x000001944940b6c0, 0x0000019449236810,
0x00000194495fa860, 0x0000019449042780, 0x000001944903f990, 0x0000019449042e10,
0x0000019449040020, 0x0000019449041a60, 0x000001947f9f6700, 0x000001947f9f6dd0,
0x000001947f9fab20
}

Java Threads: ( => current thread )
  0x0000019469fc4870 JavaThread "main"                              [_thread_blocked, id=20904, stack(0x00000036b6a00000,0x00000036b6b00000) (1024K)]
  0x000001947ca6e370 JavaThread "Reference Handler"          daemon [_thread_blocked, id=32836, stack(0x00000036b6e00000,0x00000036b6f00000) (1024K)]
  0x000001946a067730 JavaThread "Finalizer"                  daemon [_thread_blocked, id=25004, stack(0x00000036b6f00000,0x00000036b7000000) (1024K)]
  0x000001946a06ce50 JavaThread "Signal Dispatcher"          daemon [_thread_blocked, id=17260, stack(0x00000036b7000000,0x00000036b7100000) (1024K)]
  0x000001946a06ee60 JavaThread "Attach Listener"            daemon [_thread_blocked, id=22560, stack(0x00000036b7100000,0x00000036b7200000) (1024K)]
  0x000001946a072e80 JavaThread "Service Thread"             daemon [_thread_blocked, id=2336, stack(0x00000036b7200000,0x00000036b7300000) (1024K)]
  0x000001946a076da0 JavaThread "Monitor Deflation Thread"   daemon [_thread_blocked, id=10048, stack(0x00000036b7300000,0x00000036b7400000) (1024K)]
  0x000001947de1d2d0 JavaThread "C2 CompilerThread0"         daemon [_thread_in_native, id=25836, stack(0x00000036b7400000,0x00000036b7500000) (1024K)]
  0x000001946a07a570 JavaThread "C1 CompilerThread0"         daemon [_thread_blocked, id=17964, stack(0x00000036b7500000,0x00000036b7600000) (1024K)]
  0x000001947e09db30 JavaThread "Common-Cleaner"             daemon [_thread_blocked, id=28852, stack(0x00000036b7900000,0x00000036b7a00000) (1024K)]
  0x000001947f7124d0 JavaThread "Notification Thread"        daemon [_thread_blocked, id=8988, stack(0x00000036b7b00000,0x00000036b7c00000) (1024K)]
  0x0000019449031640 JavaThread "Active Thread: Equinox Container: 20a5480d-4df2-4490-8293-b68ea892de3e"        [_thread_blocked, id=34952, stack(0x00000036b8400000,0x00000036b8500000) (1024K)]
  0x00000194494fb2c0 JavaThread "Refresh Thread: Equinox Container: 20a5480d-4df2-4490-8293-b68ea892de3e" daemon [_thread_blocked, id=33636, stack(0x00000036b8600000,0x00000036b8700000) (1024K)]
  0x000001944940b060 JavaThread "Framework Event Dispatcher: Equinox Container: 20a5480d-4df2-4490-8293-b68ea892de3e" daemon [_thread_blocked, id=22852, stack(0x00000036b8700000,0x00000036b8800000) (1024K)]
  0x000001944940b6c0 JavaThread "Start Level: Equinox Container: 20a5480d-4df2-4490-8293-b68ea892de3e" daemon [_thread_in_native, id=30848, stack(0x00000036b8800000,0x00000036b8900000) (1024K)]
  0x0000019449236810 JavaThread "Bundle File Closer"         daemon [_thread_blocked, id=40008, stack(0x00000036b8c00000,0x00000036b8d00000) (1024K)]
  0x00000194495fa860 JavaThread "SCR Component Actor"        daemon [_thread_blocked, id=20040, stack(0x00000036b8d00000,0x00000036b8e00000) (1024K)]
  0x0000019449042780 JavaThread "Worker-JM"                         [_thread_blocked, id=7704, stack(0x00000036b8e00000,0x00000036b8f00000) (1024K)]
  0x000001944903f990 JavaThread "Worker-0: Updating Maven Dependencies"        [_thread_blocked, id=22616, stack(0x00000036b7c00000,0x00000036b7d00000) (1024K)]
  0x0000019449042e10 JavaThread "Worker-1: Repository registry initialization"        [_thread_in_vm, id=21508, stack(0x00000036b8300000,0x00000036b8400000) (1024K)]
  0x0000019449040020 JavaThread "Worker-2"                          [_thread_blocked, id=12824, stack(0x00000036b8f00000,0x00000036b9000000) (1024K)]
  0x0000019449041a60 JavaThread "Worker-3"                          [_thread_blocked, id=27916, stack(0x00000036b9000000,0x00000036b9100000) (1024K)]
  0x000001947f9f6700 JavaThread "C2 CompilerThread1"         daemon [_thread_in_native, id=26288, stack(0x00000036b9100000,0x00000036b9200000) (1024K)]
  0x000001947f9f6dd0 JavaThread "C2 CompilerThread2"         daemon [_thread_blocked, id=5520, stack(0x00000036b9200000,0x00000036b9300000) (1024K)]
=>0x000001947f9fab20 JavaThread "C2 CompilerThread3"         daemon [_thread_in_native, id=10120, stack(0x00000036b9300000,0x00000036b9400000) (1024K)]
Total: 25

Other Threads:
  0x000001947ca54a00 VMThread "VM Thread"                           [id=20132, stack(0x00000036b6d00000,0x00000036b6e00000) (1024K)]
  0x000001947c94ca10 WatcherThread "VM Periodic Task Thread"        [id=18180, stack(0x00000036b6c00000,0x00000036b6d00000) (1024K)]
  0x0000019469fe2ed0 WorkerThread "GC Thread#0"                     [id=27296, stack(0x00000036b6b00000,0x00000036b6c00000) (1024K)]
  0x000001947f9f1fc0 WorkerThread "GC Thread#1"                     [id=11920, stack(0x00000036b7d00000,0x00000036b7e00000) (1024K)]
  0x000001947fbfecd0 WorkerThread "GC Thread#2"                     [id=21012, stack(0x00000036b7e00000,0x00000036b7f00000) (1024K)]
  0x00000194490b9ba0 WorkerThread "GC Thread#3"                     [id=24816, stack(0x00000036b7f00000,0x00000036b8000000) (1024K)]
  0x000001947fcef130 WorkerThread "GC Thread#4"                     [id=25036, stack(0x00000036b8000000,0x00000036b8100000) (1024K)]
  0x000001947fcef8e0 WorkerThread "GC Thread#5"                     [id=25504, stack(0x00000036b8100000,0x00000036b8200000) (1024K)]
  0x00000194490b9f40 WorkerThread "GC Thread#6"                     [id=26224, stack(0x00000036b8200000,0x00000036b8300000) (1024K)]
  0x00000194494e3410 WorkerThread "GC Thread#7"                     [id=5932, stack(0x00000036b8500000,0x00000036b8600000) (1024K)]
  0x00000194491fbd00 WorkerThread "GC Thread#8"                     [id=29176, stack(0x00000036b8900000,0x00000036b8a00000) (1024K)]
  0x00000194491fd2c0 WorkerThread "GC Thread#9"                     [id=13304, stack(0x00000036b8a00000,0x00000036b8b00000) (1024K)]
  0x00000194491fb960 WorkerThread "GC Thread#10"                    [id=21092, stack(0x00000036b8b00000,0x00000036b8c00000) (1024K)]
  0x00000194491fc0a0 WorkerThread "GC Thread#11"                    [id=13416, stack(0x00000036b7800000,0x00000036b7900000) (1024K)]
  0x00000194491fc440 WorkerThread "GC Thread#12"                    [id=14580, stack(0x00000036b7a00000,0x00000036b7b00000) (1024K)]
Total: 15

Threads with active compile tasks:
C2 CompilerThread0  17805 4141       4       org.osgi.framework.Version::toString0 (102 bytes)
C1 CompilerThread0  17805 4147   !   3       java.lang.reflect.Executable::declaredAnnotations (85 bytes)
C2 CompilerThread1  17805 4112       4       org.eclipse.osgi.internal.serviceregistry.ServiceRegistry::notifyHooksPrivileged (57 bytes)
C2 CompilerThread3  17805 4115   !   4       java.util.zip.ZipFile$ZipFileInputStream::close (59 bytes)
Total: 4

VM state: not at safepoint (normal execution)

VM Mutex/Monitor currently owned by a thread: None

Heap address: 0x0000000080000000, size: 2048 MB, Compressed Oops mode: 32-bit

CDS archive(s) mapped at: [0x0000019404000000-0x0000019404ba0000-0x0000019404ba0000), size 12189696, SharedBaseAddress: 0x0000019404000000, ArchiveRelocationMode: 1.
Compressed class space mapped at: 0x0000019405000000-0x0000019445000000, reserved size: 1073741824
Narrow klass base: 0x0000019404000000, Narrow klass shift: 0, Narrow klass range: 0x100000000

GC Precious Log:
 CardTable entry size: 512
 CPUs: 16 total, 16 available
 Memory: 16082M
 Large Page Support: Disabled
 NUMA Support: Disabled
 Compressed Oops: Enabled (32-bit)
 Alignments: Space 512K, Generation 512K, Heap 2M
 Heap Min Capacity: 100M
 Heap Initial Capacity: 100M
 Heap Max Capacity: 2G
 Pre-touch: Disabled
 Parallel Workers: 13

Heap:
 PSYoungGen      total 25088K, used 16582K [0x00000000d5580000, 0x00000000d7380000, 0x0000000100000000)
  eden space 24064K, 64% used [0x00000000d5580000,0x00000000d64c0888,0x00000000d6d00000)
  from space 1024K, 94% used [0x00000000d6d80000,0x00000000d6e71110,0x00000000d6e80000)
  to   space 3072K, 0% used [0x00000000d7080000,0x00000000d7080000,0x00000000d7380000)
 ParOldGen       total 68608K, used 14674K [0x0000000080000000, 0x0000000084300000, 0x00000000d5580000)
  object space 68608K, 21% used [0x0000000080000000,0x0000000080e548b8,0x0000000084300000)
 Metaspace       used 25775K, committed 26688K, reserved 1114112K
  class space    used 2644K, committed 3072K, reserved 1048576K

Card table byte_map: [0x0000019469970000,0x0000019469d80000] _byte_map_base: 0x0000019469570000

Marking Bits: (ParMarkBitMap*) 0x00007ffd97dd2460
 Begin Bits: [0x0000019400000000, 0x0000019402000000)
 End Bits:   [0x0000019402000000, 0x0000019404000000)

Polling page: 0x0000019468200000

Metaspace:

Usage:
  Non-class:     22.59 MB used.
      Class:      2.58 MB used.
       Both:     25.17 MB used.

Virtual space:
  Non-class space:       64.00 MB reserved,      23.06 MB ( 36%) committed,  1 nodes.
      Class space:        1.00 GB reserved,       3.00 MB ( <1%) committed,  1 nodes.
             Both:        1.06 GB reserved,      26.06 MB (  2%) committed. 

Chunk freelists:
   Non-Class:  8.84 MB
       Class:  12.92 MB
        Both:  21.76 MB

MaxMetaspaceSize: unlimited
CompressedClassSpaceSize: 1.00 GB
Initial GC threshold: 21.00 MB
Current GC threshold: 35.56 MB
CDS: on
 - commit_granule_bytes: 65536.
 - commit_granule_words: 8192.
 - virtual_space_node_default_size: 8388608.
 - enlarge_chunks_in_place: 1.
 - use_allocation_guard: 0.


Internal statistics:

num_allocs_failed_limit: 7.
num_arena_births: 646.
num_arena_deaths: 14.
num_vsnodes_births: 2.
num_vsnodes_deaths: 0.
num_space_committed: 417.
num_space_uncommitted: 0.
num_chunks_returned_to_freelist: 21.
num_chunks_taken_from_freelist: 1735.
num_chunk_merges: 12.
num_chunk_splits: 1093.
num_chunks_enlarged: 636.
num_inconsistent_stats: 0.

CodeHeap 'non-profiled nmethods': size=119168Kb used=1822Kb max_used=1822Kb free=117345Kb
 bounds [0x0000019474d60000, 0x0000019474fd0000, 0x000001947c1c0000]
CodeHeap 'profiled nmethods': size=119104Kb used=8861Kb max_used=8861Kb free=110242Kb
 bounds [0x000001946d1c0000, 0x000001946da70000, 0x0000019474610000]
CodeHeap 'non-nmethods': size=7488Kb used=1315Kb max_used=2985Kb free=6172Kb
 bounds [0x0000019474610000, 0x0000019474900000, 0x0000019474d60000]
CodeCache: size=245760Kb, used=11998Kb, max_used=13668Kb, free=233759Kb
 total_blobs=4740, nmethods=4141, adapters=505, full_count=0
Compilation: enabled, stopped_count=0, restarted_count=0

Compilation events (20 events):
Event: 13.737 Thread 0x000001946a07a570 4119       3       org.eclipse.osgi.internal.loader.sources.PackageSource::<init> (13 bytes)
Event: 14.757 Thread 0x000001946a07a570 nmethod 4119 0x000001946da59a90 code [0x000001946da59c40, 0x000001946da59e08]
Event: 14.757 Thread 0x000001946a07a570 4120  s!   3       org.eclipse.osgi.framework.eventmgr.EventManager$EventThread::getNextEvent (61 bytes)
Event: 14.757 Thread 0x000001946a07a570 nmethod 4120 0x000001946da59f10 code [0x000001946da5a0e0, 0x000001946da5a588]
Event: 14.757 Thread 0x000001947de1d2d0 nmethod 4113 0x0000019474f20e90 code [0x0000019474f21120, 0x0000019474f22688]
Event: 14.758 Thread 0x000001947f9f6dd0 nmethod 4114 0x0000019474f23310 code [0x0000019474f235c0, 0x0000019474f245f8]
Event: 14.758 Thread 0x000001947de1d2d0 4116       4       jdk.internal.access.SharedSecrets::getJavaLangAccess (4 bytes)
Event: 14.759 Thread 0x000001947de1d2d0 nmethod 4116 0x0000019474f25210 code [0x0000019474f253a0, 0x0000019474f25418]
Event: 15.069 Thread 0x000001946a07a570 4121       3       java.lang.Thread::onSpinWait (1 bytes)
Event: 15.069 Thread 0x000001946a07a570 nmethod 4121 0x000001946da5a710 code [0x000001946da5a8a0, 0x000001946da5a988]
Event: 15.506 Thread 0x000001946a07a570 4122   !   3       java.util.concurrent.locks.LockSupport::parkNanos (56 bytes)
Event: 15.506 Thread 0x000001946a07a570 nmethod 4122 0x000001946da5aa10 code [0x000001946da5ac20, 0x000001946da5b060]
Event: 15.817 Thread 0x000001946a07a570 4123       3       java.util.concurrent.locks.AbstractQueuedSynchronizer$Node::clearStatus (12 bytes)
Event: 15.817 Thread 0x000001946a07a570 nmethod 4123 0x000001946da5b210 code [0x000001946da5b3c0, 0x000001946da5b578]
Event: 15.817 Thread 0x000001946a07a570 4124       3       jdk.internal.misc.Unsafe::putIntOpaque (9 bytes)
Event: 15.817 Thread 0x000001946a07a570 nmethod 4124 0x000001946da5b610 code [0x000001946da5b7a0, 0x000001946da5b8b8]
Event: 16.255 Thread 0x000001946a07a570 4125       3       java.util.concurrent.locks.AbstractQueuedSynchronizer$Node::<init> (5 bytes)
Event: 16.255 Thread 0x000001946a07a570 nmethod 4125 0x000001946da5b990 code [0x000001946da5bb40, 0x000001946da5bca8]
Event: 16.690 Thread 0x000001946a07a570 4126       3       org.osgi.util.tracker.ServiceTracker::getService (33 bytes)
Event: 16.690 Thread 0x000001946a07a570 nmethod 4126 0x000001946da5bd90 code [0x000001946da5bf80, 0x000001946da5c618]

GC Heap History (20 events):
Event: 0.463 GC heap before
{Heap before GC invocations=1 (full 0):
 PSYoungGen      total 29696K, used 25600K [0x00000000d5580000, 0x00000000d7680000, 0x0000000100000000)
  eden space 25600K, 100% used [0x00000000d5580000,0x00000000d6e80000,0x00000000d6e80000)
  from space 4096K, 0% used [0x00000000d7280000,0x00000000d7280000,0x00000000d7680000)
  to   space 4096K, 0% used [0x00000000d6e80000,0x00000000d6e80000,0x00000000d7280000)
 ParOldGen       total 68608K, used 0K [0x0000000080000000, 0x0000000084300000, 0x00000000d5580000)
  object space 68608K, 0% used [0x0000000080000000,0x0000000080000000,0x0000000084300000)
 Metaspace       used 4135K, committed 4416K, reserved 1114112K
  class space    used 452K, committed 576K, reserved 1048576K
}
Event: 0.467 GC heap after
{Heap after GC invocations=1 (full 0):
 PSYoungGen      total 29696K, used 3659K [0x00000000d5580000, 0x00000000d7680000, 0x0000000100000000)
  eden space 25600K, 0% used [0x00000000d5580000,0x00000000d5580000,0x00000000d6e80000)
  from space 4096K, 89% used [0x00000000d6e80000,0x00000000d7212ff0,0x00000000d7280000)
  to   space 4096K, 0% used [0x00000000d7280000,0x00000000d7280000,0x00000000d7680000)
 ParOldGen       total 68608K, used 16K [0x0000000080000000, 0x0000000084300000, 0x00000000d5580000)
  object space 68608K, 0% used [0x0000000080000000,0x0000000080004000,0x0000000084300000)
 Metaspace       used 4135K, committed 4416K, reserved 1114112K
  class space    used 452K, committed 576K, reserved 1048576K
}
Event: 0.793 GC heap before
{Heap before GC invocations=2 (full 0):
 PSYoungGen      total 29696K, used 29259K [0x00000000d5580000, 0x00000000d7680000, 0x0000000100000000)
  eden space 25600K, 100% used [0x00000000d5580000,0x00000000d6e80000,0x00000000d6e80000)
  from space 4096K, 89% used [0x00000000d6e80000,0x00000000d7212ff0,0x00000000d7280000)
  to   space 4096K, 0% used [0x00000000d7280000,0x00000000d7280000,0x00000000d7680000)
 ParOldGen       total 68608K, used 16K [0x0000000080000000, 0x0000000084300000, 0x00000000d5580000)
  object space 68608K, 0% used [0x0000000080000000,0x0000000080004000,0x0000000084300000)
 Metaspace       used 7824K, committed 8128K, reserved 1114112K
  class space    used 809K, committed 960K, reserved 1048576K
}
Event: 0.796 GC heap after
{Heap after GC invocations=2 (full 0):
 PSYoungGen      total 29696K, used 4070K [0x00000000d5580000, 0x00000000d7680000, 0x0000000100000000)
  eden space 25600K, 0% used [0x00000000d5580000,0x00000000d5580000,0x00000000d6e80000)
  from space 4096K, 99% used [0x00000000d7280000,0x00000000d7679800,0x00000000d7680000)
  to   space 4096K, 0% used [0x00000000d6e80000,0x00000000d6e80000,0x00000000d7280000)
 ParOldGen       total 68608K, used 1913K [0x0000000080000000, 0x0000000084300000, 0x00000000d5580000)
  object space 68608K, 2% used [0x0000000080000000,0x00000000801de6a8,0x0000000084300000)
 Metaspace       used 7824K, committed 8128K, reserved 1114112K
  class space    used 809K, committed 960K, reserved 1048576K
}
Event: 1.073 GC heap before
{Heap before GC invocations=3 (full 0):
 PSYoungGen      total 29696K, used 29670K [0x00000000d5580000, 0x00000000d7680000, 0x0000000100000000)
  eden space 25600K, 100% used [0x00000000d5580000,0x00000000d6e80000,0x00000000d6e80000)
  from space 4096K, 99% used [0x00000000d7280000,0x00000000d7679800,0x00000000d7680000)
  to   space 4096K, 0% used [0x00000000d6e80000,0x00000000d6e80000,0x00000000d7280000)
 ParOldGen       total 68608K, used 1913K [0x0000000080000000, 0x0000000084300000, 0x00000000d5580000)
  object space 68608K, 2% used [0x0000000080000000,0x00000000801de6a8,0x0000000084300000)
 Metaspace       used 9515K, committed 9856K, reserved 1114112K
  class space    used 1013K, committed 1152K, reserved 1048576K
}
Event: 1.076 GC heap after
{Heap after GC invocations=3 (full 0):
 PSYoungGen      total 29696K, used 4067K [0x00000000d5580000, 0x00000000d7680000, 0x0000000100000000)
  eden space 25600K, 0% used [0x00000000d5580000,0x00000000d5580000,0x00000000d6e80000)
  from space 4096K, 99% used [0x00000000d6e80000,0x00000000d7278e90,0x00000000d7280000)
  to   space 4096K, 0% used [0x00000000d7280000,0x00000000d7280000,0x00000000d7680000)
 ParOldGen       total 68608K, used 4174K [0x0000000080000000, 0x0000000084300000, 0x00000000d5580000)
  object space 68608K, 6% used [0x0000000080000000,0x00000000804138e0,0x0000000084300000)
 Metaspace       used 9515K, committed 9856K, reserved 1114112K
  class space    used 1013K, committed 1152K, reserved 1048576K
}
Event: 1.466 GC heap before
{Heap before GC invocations=4 (full 0):
 PSYoungGen      total 29696K, used 29667K [0x00000000d5580000, 0x00000000d7680000, 0x0000000100000000)
  eden space 25600K, 100% used [0x00000000d5580000,0x00000000d6e80000,0x00000000d6e80000)
  from space 4096K, 99% used [0x00000000d6e80000,0x00000000d7278e90,0x00000000d7280000)
  to   space 4096K, 0% used [0x00000000d7280000,0x00000000d7280000,0x00000000d7680000)
 ParOldGen       total 68608K, used 4174K [0x0000000080000000, 0x0000000084300000, 0x00000000d5580000)
  object space 68608K, 6% used [0x0000000080000000,0x00000000804138e0,0x0000000084300000)
 Metaspace       used 11410K, committed 11776K, reserved 1114112K
  class space    used 1194K, committed 1344K, reserved 1048576K
}
Event: 1.470 GC heap after
{Heap after GC invocations=4 (full 0):
 PSYoungGen      total 29696K, used 4088K [0x00000000d5580000, 0x00000000d7680000, 0x0000000100000000)
  eden space 25600K, 0% used [0x00000000d5580000,0x00000000d5580000,0x00000000d6e80000)
  from space 4096K, 99% used [0x00000000d7280000,0x00000000d767e1a0,0x00000000d7680000)
  to   space 4096K, 0% used [0x00000000d6e80000,0x00000000d6e80000,0x00000000d7280000)
 ParOldGen       total 68608K, used 6623K [0x0000000080000000, 0x0000000084300000, 0x00000000d5580000)
  object space 68608K, 9% used [0x0000000080000000,0x0000000080677fa8,0x0000000084300000)
 Metaspace       used 11410K, committed 11776K, reserved 1114112K
  class space    used 1194K, committed 1344K, reserved 1048576K
}
Event: 3.016 GC heap before
{Heap before GC invocations=5 (full 0):
 PSYoungGen      total 29696K, used 29688K [0x00000000d5580000, 0x00000000d7680000, 0x0000000100000000)
  eden space 25600K, 100% used [0x00000000d5580000,0x00000000d6e80000,0x00000000d6e80000)
  from space 4096K, 99% used [0x00000000d7280000,0x00000000d767e1a0,0x00000000d7680000)
  to   space 4096K, 0% used [0x00000000d6e80000,0x00000000d6e80000,0x00000000d7280000)
 ParOldGen       total 68608K, used 6623K [0x0000000080000000, 0x0000000084300000, 0x00000000d5580000)
  object space 68608K, 9% used [0x0000000080000000,0x0000000080677fa8,0x0000000084300000)
 Metaspace       used 15296K, committed 15936K, reserved 1114112K
  class space    used 1577K, committed 1856K, reserved 1048576K
}
Event: 3.019 GC heap after
{Heap after GC invocations=5 (full 0):
 PSYoungGen      total 29184K, used 4084K [0x00000000d5580000, 0x00000000d7a00000, 0x0000000100000000)
  eden space 25088K, 0% used [0x00000000d5580000,0x00000000d5580000,0x00000000d6e00000)
  from space 4096K, 99% used [0x00000000d6e80000,0x00000000d727d248,0x00000000d7280000)
  to   space 6144K, 0% used [0x00000000d7400000,0x00000000d7400000,0x00000000d7a00000)
 ParOldGen       total 68608K, used 7676K [0x0000000080000000, 0x0000000084300000, 0x00000000d5580000)
  object space 68608K, 11% used [0x0000000080000000,0x000000008077f018,0x0000000084300000)
 Metaspace       used 15296K, committed 15936K, reserved 1114112K
  class space    used 1577K, committed 1856K, reserved 1048576K
}
Event: 3.261 GC heap before
{Heap before GC invocations=6 (full 0):
 PSYoungGen      total 29184K, used 29172K [0x00000000d5580000, 0x00000000d7a00000, 0x0000000100000000)
  eden space 25088K, 100% used [0x00000000d5580000,0x00000000d6e00000,0x00000000d6e00000)
  from space 4096K, 99% used [0x00000000d6e80000,0x00000000d727d248,0x00000000d7280000)
  to   space 6144K, 0% used [0x00000000d7400000,0x00000000d7400000,0x00000000d7a00000)
 ParOldGen       total 68608K, used 7676K [0x0000000080000000, 0x0000000084300000, 0x00000000d5580000)
  object space 68608K, 11% used [0x0000000080000000,0x000000008077f018,0x0000000084300000)
 Metaspace       used 17822K, committed 18560K, reserved 1114112K
  class space    used 1858K, committed 2176K, reserved 1048576K
}
Event: 3.264 GC heap after
{Heap after GC invocations=6 (full 0):
 PSYoungGen      total 30720K, used 6099K [0x00000000d5580000, 0x00000000d7a80000, 0x0000000100000000)
  eden space 24576K, 0% used [0x00000000d5580000,0x00000000d5580000,0x00000000d6d80000)
  from space 6144K, 99% used [0x00000000d7400000,0x00000000d79f4fa8,0x00000000d7a00000)
  to   space 6656K, 0% used [0x00000000d6d80000,0x00000000d6d80000,0x00000000d7400000)
 ParOldGen       total 68608K, used 7684K [0x0000000080000000, 0x0000000084300000, 0x00000000d5580000)
  object space 68608K, 11% used [0x0000000080000000,0x0000000080781018,0x0000000084300000)
 Metaspace       used 17822K, committed 18560K, reserved 1114112K
  class space    used 1858K, committed 2176K, reserved 1048576K
}
Event: 9.544 GC heap before
{Heap before GC invocations=7 (full 0):
 PSYoungGen      total 30720K, used 28602K [0x00000000d5580000, 0x00000000d7a80000, 0x0000000100000000)
  eden space 24576K, 91% used [0x00000000d5580000,0x00000000d6b79a98,0x00000000d6d80000)
  from space 6144K, 99% used [0x00000000d7400000,0x00000000d79f4fa8,0x00000000d7a00000)
  to   space 6656K, 0% used [0x00000000d6d80000,0x00000000d6d80000,0x00000000d7400000)
 ParOldGen       total 68608K, used 7684K [0x0000000080000000, 0x0000000084300000, 0x00000000d5580000)
  object space 68608K, 11% used [0x0000000080000000,0x0000000080781018,0x0000000084300000)
 Metaspace       used 20734K, committed 21568K, reserved 1114112K
  class space    used 2145K, committed 2496K, reserved 1048576K
}
Event: 9.546 GC heap after
{Heap after GC invocations=7 (full 0):
 PSYoungGen      total 29696K, used 4895K [0x00000000d5580000, 0x00000000d7880000, 0x0000000100000000)
  eden space 24576K, 0% used [0x00000000d5580000,0x00000000d5580000,0x00000000d6d80000)
  from space 5120K, 95% used [0x00000000d6d80000,0x00000000d7247df0,0x00000000d7280000)
  to   space 5632K, 0% used [0x00000000d7300000,0x00000000d7300000,0x00000000d7880000)
 ParOldGen       total 68608K, used 9215K [0x0000000080000000, 0x0000000084300000, 0x00000000d5580000)
  object space 68608K, 13% used [0x0000000080000000,0x00000000808fff90,0x0000000084300000)
 Metaspace       used 20734K, committed 21568K, reserved 1114112K
  class space    used 2145K, committed 2496K, reserved 1048576K
}
Event: 10.561 GC heap before
{Heap before GC invocations=8 (full 0):
 PSYoungGen      total 29696K, used 8417K [0x00000000d5580000, 0x00000000d7880000, 0x0000000100000000)
  eden space 24576K, 14% used [0x00000000d5580000,0x00000000d58f09f0,0x00000000d6d80000)
  from space 5120K, 95% used [0x00000000d6d80000,0x00000000d7247df0,0x00000000d7280000)
  to   space 5632K, 0% used [0x00000000d7300000,0x00000000d7300000,0x00000000d7880000)
 ParOldGen       total 68608K, used 9215K [0x0000000080000000, 0x0000000084300000, 0x00000000d5580000)
  object space 68608K, 13% used [0x0000000080000000,0x00000000808fff90,0x0000000084300000)
 Metaspace       used 21017K, committed 21824K, reserved 1114112K
  class space    used 2170K, committed 2560K, reserved 1048576K
}
Event: 10.562 GC heap after
{Heap after GC invocations=8 (full 0):
 PSYoungGen      total 30208K, used 5506K [0x00000000d5580000, 0x00000000d7880000, 0x0000000100000000)
  eden space 24576K, 0% used [0x00000000d5580000,0x00000000d5580000,0x00000000d6d80000)
  from space 5632K, 97% used [0x00000000d7300000,0x00000000d7860988,0x00000000d7880000)
  to   space 5632K, 0% used [0x00000000d6d80000,0x00000000d6d80000,0x00000000d7300000)
 ParOldGen       total 68608K, used 10120K [0x0000000080000000, 0x0000000084300000, 0x00000000d5580000)
  object space 68608K, 14% used [0x0000000080000000,0x00000000809e22f8,0x0000000084300000)
 Metaspace       used 21017K, committed 21824K, reserved 1114112K
  class space    used 2170K, committed 2560K, reserved 1048576K
}
Event: 10.562 GC heap before
{Heap before GC invocations=9 (full 1):
 PSYoungGen      total 30208K, used 5506K [0x00000000d5580000, 0x00000000d7880000, 0x0000000100000000)
  eden space 24576K, 0% used [0x00000000d5580000,0x00000000d5580000,0x00000000d6d80000)
  from space 5632K, 97% used [0x00000000d7300000,0x00000000d7860988,0x00000000d7880000)
  to   space 5632K, 0% used [0x00000000d6d80000,0x00000000d6d80000,0x00000000d7300000)
 ParOldGen       total 68608K, used 10120K [0x0000000080000000, 0x0000000084300000, 0x00000000d5580000)
  object space 68608K, 14% used [0x0000000080000000,0x00000000809e22f8,0x0000000084300000)
 Metaspace       used 21017K, committed 21824K, reserved 1114112K
  class space    used 2170K, committed 2560K, reserved 1048576K
}
Event: 10.579 GC heap after
{Heap after GC invocations=9 (full 1):
 PSYoungGen      total 30208K, used 0K [0x00000000d5580000, 0x00000000d7880000, 0x0000000100000000)
  eden space 24576K, 0% used [0x00000000d5580000,0x00000000d5580000,0x00000000d6d80000)
  from space 5632K, 0% used [0x00000000d7300000,0x00000000d7300000,0x00000000d7880000)
  to   space 5632K, 0% used [0x00000000d6d80000,0x00000000d6d80000,0x00000000d7300000)
 ParOldGen       total 68608K, used 14674K [0x0000000080000000, 0x0000000084300000, 0x00000000d5580000)
  object space 68608K, 21% used [0x0000000080000000,0x0000000080e548b8,0x0000000084300000)
 Metaspace       used 21004K, committed 21824K, reserved 1114112K
  class space    used 2166K, committed 2560K, reserved 1048576K
}
Event: 13.690 GC heap before
{Heap before GC invocations=10 (full 1):
 PSYoungGen      total 30208K, used 24576K [0x00000000d5580000, 0x00000000d7880000, 0x0000000100000000)
  eden space 24576K, 100% used [0x00000000d5580000,0x00000000d6d80000,0x00000000d6d80000)
  from space 5632K, 0% used [0x00000000d7300000,0x00000000d7300000,0x00000000d7880000)
  to   space 5632K, 0% used [0x00000000d6d80000,0x00000000d6d80000,0x00000000d7300000)
 ParOldGen       total 68608K, used 14674K [0x0000000080000000, 0x0000000084300000, 0x00000000d5580000)
  object space 68608K, 21% used [0x0000000080000000,0x0000000080e548b8,0x0000000084300000)
 Metaspace       used 23557K, committed 24448K, reserved 1114112K
  class space    used 2388K, committed 2752K, reserved 1048576K
}
Event: 13.691 GC heap after
{Heap after GC invocations=10 (full 1):
 PSYoungGen      total 25088K, used 964K [0x00000000d5580000, 0x00000000d7380000, 0x0000000100000000)
  eden space 24064K, 0% used [0x00000000d5580000,0x00000000d5580000,0x00000000d6d00000)
  from space 1024K, 94% used [0x00000000d6d80000,0x00000000d6e71110,0x00000000d6e80000)
  to   space 3072K, 0% used [0x00000000d7080000,0x00000000d7080000,0x00000000d7380000)
 ParOldGen       total 68608K, used 14674K [0x0000000080000000, 0x0000000084300000, 0x00000000d5580000)
  object space 68608K, 21% used [0x0000000080000000,0x0000000080e548b8,0x0000000084300000)
 Metaspace       used 23557K, committed 24448K, reserved 1114112K
  class space    used 2388K, committed 2752K, reserved 1048576K
}

Dll operation events (9 events):
Event: 0.021 Loaded shared library c:\Users\vince\.vscode\extensions\redhat.java-1.52.0-win32-x64\jre\21.0.9-win32-x86_64\bin\java.dll
Event: 0.075 Loaded shared library c:\Users\vince\.vscode\extensions\redhat.java-1.52.0-win32-x64\jre\21.0.9-win32-x86_64\bin\zip.dll
Event: 0.090 Loaded shared library C:\Users\vince\.vscode\extensions\redhat.java-1.52.0-win32-x64\jre\21.0.9-win32-x86_64\bin\instrument.dll
Event: 0.094 Loaded shared library C:\Users\vince\.vscode\extensions\redhat.java-1.52.0-win32-x64\jre\21.0.9-win32-x86_64\bin\net.dll
Event: 0.096 Loaded shared library C:\Users\vince\.vscode\extensions\redhat.java-1.52.0-win32-x64\jre\21.0.9-win32-x86_64\bin\nio.dll
Event: 0.098 Loaded shared library C:\Users\vince\.vscode\extensions\redhat.java-1.52.0-win32-x64\jre\21.0.9-win32-x86_64\bin\zip.dll
Event: 0.110 Loaded shared library C:\Users\vince\.vscode\extensions\redhat.java-1.52.0-win32-x64\jre\21.0.9-win32-x86_64\bin\jimage.dll
Event: 0.162 Loaded shared library c:\Users\vince\.vscode\extensions\redhat.java-1.52.0-win32-x64\jre\21.0.9-win32-x86_64\bin\verify.dll
Event: 0.858 Loaded shared library C:\Users\vince\AppData\Roaming\Code\User\globalStorage\redhat.java\1.52.0\config_win\org.eclipse.equinox.launcher\org.eclipse.equinox.launcher.win32.win32.x86_64_1.2.1500.v20260121-1430\eclipse_11919.dll

Deoptimization events (20 events):
Event: 9.538 Thread 0x0000019449042e10 Uncommon trap: trap_request=0xffffff45 fr.pc=0x0000019474e8f458 relative=0x00000000000009b8
Event: 9.538 Thread 0x0000019449042e10 Uncommon trap: reason=unstable_if action=reinterpret pc=0x0000019474e8f458 method=java.io.BufferedInputStream.implRead([BII)I @ 30 c2
Event: 9.538 Thread 0x0000019449042e10 DEOPT PACKING pc=0x0000019474e8f458 sp=0x00000036b83fe8b0
Event: 9.538 Thread 0x0000019449042e10 DEOPT UNPACKING pc=0x0000019474663aa2 sp=0x00000036b83fe818 mode 2
Event: 9.538 Thread 0x0000019449042e10 Uncommon trap: trap_request=0xffffff76 fr.pc=0x0000019474eee200 relative=0x0000000000000380
Event: 9.538 Thread 0x0000019449042e10 Uncommon trap: reason=predicate action=maybe_recompile pc=0x0000019474eee200 method=java.util.regex.Pattern$BmpCharPropertyGreedy.match(Ljava/util/regex/Matcher;ILjava/lang/CharSequence;)Z @ 12 c2
Event: 9.538 Thread 0x0000019449042e10 DEOPT PACKING pc=0x0000019474eee200 sp=0x00000036b83fe680
Event: 9.538 Thread 0x0000019449042e10 DEOPT UNPACKING pc=0x0000019474663aa2 sp=0x00000036b83fe628 mode 2
Event: 9.543 Thread 0x0000019449042e10 Uncommon trap: trap_request=0xffffffde fr.pc=0x0000019474ddd334 relative=0x00000000000005f4
Event: 9.543 Thread 0x0000019449042e10 Uncommon trap: reason=class_check action=maybe_recompile pc=0x0000019474ddd334 method=java.io.BufferedInputStream.implRead([BII)I @ 100 c2
Event: 9.543 Thread 0x0000019449042e10 DEOPT PACKING pc=0x0000019474ddd334 sp=0x00000036b83fe360
Event: 9.543 Thread 0x0000019449042e10 DEOPT UNPACKING pc=0x0000019474663aa2 sp=0x00000036b83fe338 mode 2
Event: 9.547 Thread 0x0000019449042e10 Uncommon trap: trap_request=0xffffffde fr.pc=0x0000019474ddd334 relative=0x00000000000005f4
Event: 9.547 Thread 0x0000019449042e10 Uncommon trap: reason=class_check action=maybe_recompile pc=0x0000019474ddd334 method=java.io.BufferedInputStream.implRead([BII)I @ 100 c2
Event: 9.547 Thread 0x0000019449042e10 DEOPT PACKING pc=0x0000019474ddd334 sp=0x00000036b83fe3b0
Event: 9.547 Thread 0x0000019449042e10 DEOPT UNPACKING pc=0x0000019474663aa2 sp=0x00000036b83fe388 mode 2
Event: 10.561 Thread 0x000001944940b6c0 Uncommon trap: trap_request=0xffffff45 fr.pc=0x0000019474f0412c relative=0x00000000000007ac
Event: 10.561 Thread 0x000001944940b6c0 Uncommon trap: reason=unstable_if action=reinterpret pc=0x0000019474f0412c method=org.lombokweb.asm.ClassReader.readUTF8(I[C)Ljava/lang/String; @ 11 c2
Event: 10.561 Thread 0x000001944940b6c0 DEOPT PACKING pc=0x0000019474f0412c sp=0x00000036b88ef340
Event: 10.561 Thread 0x000001944940b6c0 DEOPT UNPACKING pc=0x0000019474663aa2 sp=0x00000036b88ef328 mode 2

Classes loaded (20 events):
Event: 13.698 Loading class sun/reflect/generics/tree/ClassSignature
Event: 13.698 Loading class sun/reflect/generics/tree/Signature
Event: 13.698 Loading class sun/reflect/generics/tree/Signature done
Event: 13.698 Loading class sun/reflect/generics/tree/ClassSignature done
Event: 13.698 Loading class sun/reflect/annotation/TypeAnnotation$TypeAnnotationTarget
Event: 13.698 Loading class sun/reflect/annotation/TypeAnnotation$TypeAnnotationTarget done
Event: 13.698 Loading class sun/reflect/annotation/TypeAnnotation$LocationInfo
Event: 13.698 Loading class sun/reflect/annotation/TypeAnnotation$LocationInfo done
Event: 13.698 Loading class sun/reflect/annotation/TypeAnnotation$LocationInfo$Location
Event: 13.698 Loading class sun/reflect/annotation/TypeAnnotation$LocationInfo$Location done
Event: 13.698 Loading class sun/reflect/annotation/AnnotatedTypeFactory
Event: 13.698 Loading class sun/reflect/annotation/AnnotatedTypeFactory done
Event: 13.698 Loading class sun/reflect/annotation/AnnotatedTypeFactory$AnnotatedTypeBaseImpl
Event: 13.698 Loading class sun/reflect/annotation/AnnotatedTypeFactory$AnnotatedTypeBaseImpl done
Event: 13.728 Loading class java/lang/reflect/UndeclaredThrowableException
Event: 13.728 Loading class java/lang/reflect/UndeclaredThrowableException done
Event: 13.730 Loading class java/lang/annotation/ElementType
Event: 13.730 Loading class java/lang/annotation/ElementType done
Event: 13.730 Loading class java/lang/annotation/Documented
Event: 13.730 Loading class java/lang/annotation/Documented done

Classes unloaded (7 events):
Event: 10.565 Thread 0x000001947ca54a00 Unloading class 0x00000194051a5000 'java/lang/invoke/LambdaForm$MH+0x00000194051a5000'
Event: 10.565 Thread 0x000001947ca54a00 Unloading class 0x00000194051a4c00 'java/lang/invoke/LambdaForm$MH+0x00000194051a4c00'
Event: 10.565 Thread 0x000001947ca54a00 Unloading class 0x00000194051a4800 'java/lang/invoke/LambdaForm$MH+0x00000194051a4800'
Event: 10.565 Thread 0x000001947ca54a00 Unloading class 0x00000194051a4400 'java/lang/invoke/LambdaForm$MH+0x00000194051a4400'
Event: 10.565 Thread 0x000001947ca54a00 Unloading class 0x00000194051a4000 'java/lang/invoke/LambdaForm$BMH+0x00000194051a4000'
Event: 10.565 Thread 0x000001947ca54a00 Unloading class 0x00000194051a3c00 'java/lang/invoke/LambdaForm$DMH+0x00000194051a3c00'
Event: 10.565 Thread 0x000001947ca54a00 Unloading class 0x00000194051a2800 'java/lang/invoke/LambdaForm$DMH+0x00000194051a2800'

Classes redefined (0 events):
No events

Internal exceptions (20 events):
Event: 3.196 Thread 0x000001944940b6c0 Exception <a 'java/lang/NoSuchMethodError'{0x00000000d66f1630}: 'java.lang.Object java.lang.invoke.Invokers$Holder.linkToTargetMethod(java.lang.Object, long, java.lang.Object, java.lang.Object)'> (0x00000000d66f1630) 
thrown [s\src\hotspot\share\interpreter\linkResolver.cpp, line 773]
Event: 7.465 Thread 0x000001944940b6c0 Exception <a 'java/lang/NoSuchMethodError'{0x00000000d63eb808}: 'double java.lang.invoke.DirectMethodHandle$Holder.invokeStatic(java.lang.Object, java.lang.Object)'> (0x00000000d63eb808) 
thrown [s\src\hotspot\share\interpreter\linkResolver.cpp, line 773]
Event: 7.466 Thread 0x000001944940b6c0 Exception <a 'java/lang/NoSuchMethodError'{0x00000000d63eee98}: 'double java.lang.invoke.DirectMethodHandle$Holder.invokeStaticInit(java.lang.Object, java.lang.Object)'> (0x00000000d63eee98) 
thrown [s\src\hotspot\share\interpreter\linkResolver.cpp, line 773]
Event: 8.512 Thread 0x0000019449042e10 Exception <a 'java/lang/NoSuchMethodError'{0x00000000d66cd488}: 'java.lang.Object java.lang.invoke.DirectMethodHandle$Holder.invokeStaticInit(java.lang.Object, java.lang.Object, java.lang.Object, java.lang.Object, java.lang.Object, java.lang.Object, java.lang.Object)'> (0x00000000d66cd488) 
thrown [s\src\hotspot\share\interpreter\linkResolver.cpp, line 773]
Event: 8.513 Thread 0x0000019449042e10 Exception <a 'java/lang/NoSuchMethodError'{0x00000000d66d1c60}: 'java.lang.Object java.lang.invoke.Invokers$Holder.invoke_MT(java.lang.Object, java.lang.Object, java.lang.Object, java.lang.Object, java.lang.Object, java.lang.Object, java.lang.Object, java.lang.Object, java.lang.Object)'> (0x00000000d66d1c60) 
thrown [s\src\hotspot\share\interpreter\linkResolver.cpp, line 773]
Event: 8.515 Thread 0x0000019449042e10 Exception <a 'java/lang/NoSuchMethodError'{0x00000000d67bded8}: 'int java.lang.invoke.DirectMethodHandle$Holder.invokeVirtual(java.lang.Object, java.lang.Object, java.lang.Object)'> (0x00000000d67bded8) 
thrown [s\src\hotspot\share\interpreter\linkResolver.cpp, line 773]
Event: 8.515 Thread 0x0000019449042e10 Exception <a 'java/lang/NoSuchMethodError'{0x00000000d67c1bd0}: 'int java.lang.invoke.DirectMethodHandle$Holder.invokeStaticInit(java.lang.Object, int, int)'> (0x00000000d67c1bd0) 
thrown [s\src\hotspot\share\interpreter\linkResolver.cpp, line 773]
Event: 8.516 Thread 0x0000019449042e10 Exception <a 'java/lang/NoSuchMethodError'{0x00000000d67d0c68}: 'int java.lang.invoke.DirectMethodHandle$Holder.invokeStaticInit(java.lang.Object, long, long)'> (0x00000000d67d0c68) 
thrown [s\src\hotspot\share\interpreter\linkResolver.cpp, line 773]
Event: 8.516 Thread 0x0000019449042e10 Exception <a 'java/lang/NoSuchMethodError'{0x00000000d67df3a0}: 'int java.lang.invoke.DirectMethodHandle$Holder.invokeStaticInit(java.lang.Object, float, float)'> (0x00000000d67df3a0) 
thrown [s\src\hotspot\share\interpreter\linkResolver.cpp, line 773]
Event: 8.517 Thread 0x0000019449042e10 Exception <a 'java/lang/NoSuchMethodError'{0x00000000d67f53b8}: 'int java.lang.invoke.DirectMethodHandle$Holder.invokeStaticInit(java.lang.Object, double, double)'> (0x00000000d67f53b8) 
thrown [s\src\hotspot\share\interpreter\linkResolver.cpp, line 773]
Event: 8.517 Thread 0x0000019449042e10 Exception <a 'java/lang/NoSuchMethodError'{0x00000000d67f9500}: 'int java.lang.invoke.DirectMethodHandle$Holder.invokeStatic(java.lang.Object, long)'> (0x00000000d67f9500) 
thrown [s\src\hotspot\share\interpreter\linkResolver.cpp, line 773]
Event: 8.518 Thread 0x0000019449042e10 Exception <a 'java/lang/NoSuchMethodError'{0x00000000d6840e80}: 'int java.lang.invoke.Invokers$Holder.linkToTargetMethod(java.lang.Object, java.lang.Object)'> (0x00000000d6840e80) 
thrown [s\src\hotspot\share\interpreter\linkResolver.cpp, line 773]
Event: 8.520 Thread 0x000001944903f990 Exception <a 'java/lang/NoSuchMethodError'{0x00000000d68c1440}: 'int java.lang.invoke.DirectMethodHandle$Holder.invokeSpecial(java.lang.Object, java.lang.Object, java.lang.Object, java.lang.Object)'> (0x00000000d68c1440) 
thrown [s\src\hotspot\share\interpreter\linkResolver.cpp, line 773]
Event: 8.520 Thread 0x000001944903f990 Exception <a 'java/lang/NoSuchMethodError'{0x00000000d68e18b0}: 'java.lang.Object java.lang.invoke.DirectMethodHandle$Holder.invokeStatic(java.lang.Object, int, java.lang.Object, java.lang.Object)'> (0x00000000d68e18b0) 
thrown [s\src\hotspot\share\interpreter\linkResolver.cpp, line 773]
Event: 8.520 Thread 0x000001944903f990 Exception <a 'java/lang/NoSuchMethodError'{0x00000000d68f4be8}: 'java.lang.Object java.lang.invoke.DelegatingMethodHandle$Holder.delegate(java.lang.Object, int, java.lang.Object, java.lang.Object)'> (0x00000000d68f4be8) 
thrown [s\src\hotspot\share\interpreter\linkResolver.cpp, line 773]
Event: 8.521 Thread 0x000001944903f990 Exception <a 'java/lang/NoSuchMethodError'{0x00000000d6911198}: 'int java.lang.invoke.Invokers$Holder.linkToTargetMethod(java.lang.Object, java.lang.Object, java.lang.Object)'> (0x00000000d6911198) 
thrown [s\src\hotspot\share\interpreter\linkResolver.cpp, line 773]
Event: 9.552 Thread 0x0000019449042e10 Exception <a 'java/lang/NoSuchMethodError'{0x00000000d56cd550}: 'java.lang.Object java.lang.invoke.DirectMethodHandle$Holder.invokeSpecialIFC(java.lang.Object, java.lang.Object, java.lang.Object, java.lang.Object)'> (0x00000000d56cd550) 
thrown [s\src\hotspot\share\interpreter\linkResolver.cpp, line 773]
Event: 12.615 Thread 0x000001944940b6c0 Exception <a 'java/io/FileNotFoundException'{0x00000000d60f1ce0}> (0x00000000d60f1ce0) 
thrown [s\src\hotspot\share\prims\jni.cpp, line 520]
Event: 12.615 Thread 0x000001944940b6c0 Exception <a 'java/io/FileNotFoundException'{0x00000000d60f2ae8}> (0x00000000d60f2ae8) 
thrown [s\src\hotspot\share\prims\jni.cpp, line 520]
Event: 12.615 Thread 0x000001944940b6c0 Exception <a 'java/io/FileNotFoundException'{0x00000000d60f39f8}> (0x00000000d60f39f8) 
thrown [s\src\hotspot\share\prims\jni.cpp, line 520]

ZGC Phase Switch (0 events):
No events

VM Operations (20 events):
Event: 9.543 Executing VM operation: CollectForMetadataAllocation (Metadata GC Threshold)
Event: 9.543 Executing VM operation: CollectForMetadataAllocation (Metadata GC Threshold) done
Event: 9.543 Executing VM operation: ParallelGCSystemGC (GCLocker Initiated GC)
Event: 9.546 Executing VM operation: ParallelGCSystemGC (GCLocker Initiated GC) done
Event: 10.560 Executing VM operation: Cleanup
Event: 10.560 Executing VM operation: Cleanup done
Event: 10.561 Executing VM operation: CollectForMetadataAllocation (Metadata GC Threshold)
Event: 10.579 Executing VM operation: CollectForMetadataAllocation (Metadata GC Threshold) done
Event: 11.586 Executing VM operation: Cleanup
Event: 11.586 Executing VM operation: Cleanup done
Event: 12.588 Executing VM operation: Cleanup
Event: 12.588 Executing VM operation: Cleanup done
Event: 13.592 Executing VM operation: Cleanup
Event: 13.653 Executing VM operation: Cleanup done
Event: 13.690 Executing VM operation: ParallelGCFailedAllocation (Allocation Failure)
Event: 13.691 Executing VM operation: ParallelGCFailedAllocation (Allocation Failure) done
Event: 14.694 Executing VM operation: Cleanup
Event: 14.757 Executing VM operation: Cleanup done
Event: 15.771 Executing VM operation: Cleanup
Event: 15.771 Executing VM operation: Cleanup done

Memory protections (0 events):
No events

Nmethod flushes (0 events):
No events

Events (20 events):
Event: 1.685 Thread 0x000001944940b6c0 Thread added: 0x0000019449042780
Event: 2.722 Thread 0x000001947fc8d7f0 Thread exited: 0x000001947fc8d7f0
Event: 2.722 Thread 0x000001947e07dce0 Thread exited: 0x000001947e07dce0
Event: 2.723 Thread 0x000001947f7e8040 Thread exited: 0x000001947f7e8040
Event: 2.723 Thread 0x000001947df76430 Thread exited: 0x000001947df76430
Event: 3.043 Thread 0x000001944940b6c0 Thread added: 0x000001944903f990
Event: 3.057 Thread 0x000001944940b6c0 Thread added: 0x0000019449042e10
Event: 3.111 Thread 0x000001947df161c0 Thread added: 0x000001947fc8ca50
Event: 4.322 Thread 0x000001947df1c140 Thread exited: 0x000001947df1c140
Event: 7.365 Thread 0x000001946a07a570 Thread added: 0x000001947f9f8240
Event: 7.365 Thread 0x000001947df161c0 Thread added: 0x000001947f9f6dd0
Event: 7.730 Thread 0x000001947fc8ca50 Thread exited: 0x000001947fc8ca50
Event: 8.510 Thread 0x000001947f9f6dd0 Thread exited: 0x000001947f9f6dd0
Event: 8.510 Thread 0x000001944903f990 Thread added: 0x0000019449040020
Event: 9.540 Thread 0x0000019449040020 Thread added: 0x0000019449041a60
Event: 12.593 Thread 0x000001947df161c0 Thread added: 0x000001947f9f6700
Event: 12.596 Thread 0x000001947f9f8240 Thread added: 0x000001947f9f6dd0
Event: 12.597 Thread 0x000001946a07a570 Thread added: 0x000001947f9fab20
Event: 13.654 Thread 0x000001947f9f8240 Thread exited: 0x000001947f9f8240
Event: 13.654 Thread 0x000001947df161c0 Thread exited: 0x000001947df161c0


Dynamic libraries:
0x00007ff6054e0000 - 0x00007ff6054ee000 	c:\Users\vince\.vscode\extensions\redhat.java-1.52.0-win32-x64\jre\21.0.9-win32-x86_64\bin\java.exe
0x00007ffe4eda0000 - 0x00007ffe4f008000 	C:\WINDOWS\SYSTEM32\ntdll.dll
0x00007ffe4e090000 - 0x00007ffe4e159000 	C:\WINDOWS\System32\KERNEL32.DLL
0x00007ffe4c100000 - 0x00007ffe4c4f1000 	C:\WINDOWS\System32\KERNELBASE.dll
0x00007ffe4c660000 - 0x00007ffe4c7ab000 	C:\WINDOWS\System32\ucrtbase.dll
0x00007ffe42e70000 - 0x00007ffe42e8e000 	c:\Users\vince\.vscode\extensions\redhat.java-1.52.0-win32-x64\jre\21.0.9-win32-x86_64\bin\VCRUNTIME140.dll
0x00007ffe43d60000 - 0x00007ffe43d78000 	c:\Users\vince\.vscode\extensions\redhat.java-1.52.0-win32-x64\jre\21.0.9-win32-x86_64\bin\jli.dll
0x00007ffe4e490000 - 0x00007ffe4e656000 	C:\WINDOWS\System32\USER32.dll
0x00007ffe33d60000 - 0x00007ffe33ff3000 	C:\WINDOWS\WinSxS\amd64_microsoft.windows.common-controls_6595b64144ccf1df_6.0.26100.7705_none_3e06597ae3363b04\COMCTL32.dll
0x00007ffe4c7b0000 - 0x00007ffe4c7d7000 	C:\WINDOWS\System32\win32u.dll
0x00007ffe4d1b0000 - 0x00007ffe4d259000 	C:\WINDOWS\System32\msvcrt.dll
0x00007ffe4e170000 - 0x00007ffe4e19b000 	C:\WINDOWS\System32\GDI32.dll
0x00007ffe4ca10000 - 0x00007ffe4cb3b000 	C:\WINDOWS\System32\gdi32full.dll
0x00007ffe4c500000 - 0x00007ffe4c5a3000 	C:\WINDOWS\System32\msvcp_win.dll
0x00007ffe4d710000 - 0x00007ffe4d741000 	C:\WINDOWS\System32\IMM32.DLL
0x00007ffe46980000 - 0x00007ffe4698c000 	c:\Users\vince\.vscode\extensions\redhat.java-1.52.0-win32-x64\jre\21.0.9-win32-x86_64\bin\vcruntime140_1.dll
0x00007ffe2c080000 - 0x00007ffe2c10d000 	c:\Users\vince\.vscode\extensions\redhat.java-1.52.0-win32-x64\jre\21.0.9-win32-x86_64\bin\msvcp140.dll
0x00007ffd97110000 - 0x00007ffd97eb0000 	c:\Users\vince\.vscode\extensions\redhat.java-1.52.0-win32-x64\jre\21.0.9-win32-x86_64\bin\server\jvm.dll
0x00007ffe4e350000 - 0x00007ffe4e404000 	C:\WINDOWS\System32\ADVAPI32.dll
0x00007ffe4d7c0000 - 0x00007ffe4d866000 	C:\WINDOWS\System32\sechost.dll
0x00007ffe4d260000 - 0x00007ffe4d378000 	C:\WINDOWS\System32\RPCRT4.dll
0x00007ffe4e660000 - 0x00007ffe4e6d4000 	C:\WINDOWS\System32\WS2_32.dll
0x00007ffe4aee0000 - 0x00007ffe4af3e000 	C:\WINDOWS\SYSTEM32\POWRPROF.dll
0x00007ffe40fd0000 - 0x00007ffe41005000 	C:\WINDOWS\SYSTEM32\WINMM.dll
0x00007ffe439c0000 - 0x00007ffe439cb000 	C:\WINDOWS\SYSTEM32\VERSION.dll
0x00007ffe4aec0000 - 0x00007ffe4aed4000 	C:\WINDOWS\SYSTEM32\UMPDC.dll
0x00007ffe4a410000 - 0x00007ffe4a42b000 	C:\WINDOWS\SYSTEM32\kernel.appcore.dll
0x00007ffe45aa0000 - 0x00007ffe45aaa000 	c:\Users\vince\.vscode\extensions\redhat.java-1.52.0-win32-x64\jre\21.0.9-win32-x86_64\bin\jimage.dll
0x00007ffe49000000 - 0x00007ffe49242000 	C:\WINDOWS\SYSTEM32\DBGHELP.DLL
0x00007ffe4d380000 - 0x00007ffe4d706000 	C:\WINDOWS\System32\combase.dll
0x00007ffe4e210000 - 0x00007ffe4e2e7000 	C:\WINDOWS\System32\OLEAUT32.dll
0x00007ffe34000000 - 0x00007ffe3403b000 	C:\WINDOWS\SYSTEM32\dbgcore.DLL
0x00007ffe4c5b0000 - 0x00007ffe4c655000 	C:\WINDOWS\System32\bcryptPrimitives.dll
0x00007ffe44820000 - 0x00007ffe4482f000 	c:\Users\vince\.vscode\extensions\redhat.java-1.52.0-win32-x64\jre\21.0.9-win32-x86_64\bin\instrument.dll
0x00007ffe42d60000 - 0x00007ffe42d80000 	c:\Users\vince\.vscode\extensions\redhat.java-1.52.0-win32-x64\jre\21.0.9-win32-x86_64\bin\java.dll
0x00007ffe4d930000 - 0x00007ffe4e081000 	C:\WINDOWS\System32\SHELL32.dll
0x00007ffe4c8a0000 - 0x00007ffe4ca0a000 	C:\WINDOWS\System32\wintypes.dll
0x00007ffe4b890000 - 0x00007ffe4c0f2000 	C:\WINDOWS\System32\windows.storage.dll
0x00007ffe4ea30000 - 0x00007ffe4eb26000 	C:\WINDOWS\System32\SHCORE.dll
0x00007ffe4d750000 - 0x00007ffe4d7b7000 	C:\WINDOWS\System32\shlwapi.dll
0x00007ffe4b5a0000 - 0x00007ffe4b5c9000 	C:\WINDOWS\SYSTEM32\profapi.dll
0x00007ffe42ce0000 - 0x00007ffe42cf8000 	c:\Users\vince\.vscode\extensions\redhat.java-1.52.0-win32-x64\jre\21.0.9-win32-x86_64\bin\zip.dll
0x00007ffe430e0000 - 0x00007ffe430f0000 	C:\Users\vince\.vscode\extensions\redhat.java-1.52.0-win32-x64\jre\21.0.9-win32-x86_64\bin\net.dll
0x00007ffe45cf0000 - 0x00007ffe45e17000 	C:\WINDOWS\SYSTEM32\WINHTTP.dll
0x00007ffe4a9a0000 - 0x00007ffe4aa0b000 	C:\WINDOWS\system32\mswsock.dll
0x00007ffe425a0000 - 0x00007ffe425b6000 	C:\Users\vince\.vscode\extensions\redhat.java-1.52.0-win32-x64\jre\21.0.9-win32-x86_64\bin\nio.dll
0x00007ffe42590000 - 0x00007ffe425a0000 	c:\Users\vince\.vscode\extensions\redhat.java-1.52.0-win32-x64\jre\21.0.9-win32-x86_64\bin\verify.dll
0x00007ffe0bf50000 - 0x00007ffe0bf95000 	C:\Users\vince\AppData\Roaming\Code\User\globalStorage\redhat.java\1.52.0\config_win\org.eclipse.equinox.launcher\org.eclipse.equinox.launcher.win32.win32.x86_64_1.2.1500.v20260121-1430\eclipse_11919.dll
0x00007ffe4ebb0000 - 0x00007ffe4ed47000 	C:\WINDOWS\System32\ole32.dll

JVMTI agents:
c:\Users\vince\.vscode\extensions\redhat.java-1.52.0-win32-x64\lombok\lombok-1.18.39-4050.jar path:c:\Users\vince\.vscode\extensions\redhat.java-1.52.0-win32-x64\jre\21.0.9-win32-x86_64\bin\instrument.dll, loaded, initialized, instrumentlib options:none

dbghelp: loaded successfully - version: 4.0.5 - missing functions: none
symbol engine: initialized successfully - sym options: 0x614 - pdb path: .;c:\Users\vince\.vscode\extensions\redhat.java-1.52.0-win32-x64\jre\21.0.9-win32-x86_64\bin;C:\WINDOWS\SYSTEM32;C:\WINDOWS\WinSxS\amd64_microsoft.windows.common-controls_6595b64144ccf1df_6.0.26100.7705_none_3e06597ae3363b04;c:\Users\vince\.vscode\extensions\redhat.java-1.52.0-win32-x64\jre\21.0.9-win32-x86_64\bin\server;C:\Users\vince\AppData\Roaming\Code\User\globalStorage\redhat.java\1.52.0\config_win\org.eclipse.equinox.launcher\org.eclipse.equinox.launcher.win32.win32.x86_64_1.2.1500.v20260121-1430

VM Arguments:
jvm_args: --add-modules=ALL-SYSTEM --add-opens=java.base/java.util=ALL-UNNAMED --add-opens=java.base/java.lang=ALL-UNNAMED --add-opens=java.base/sun.nio.fs=ALL-UNNAMED -Declipse.application=org.eclipse.jdt.ls.core.id1 -Dosgi.bundles.defaultStartLevel=4 -Declipse.product=org.eclipse.jdt.ls.core.product -Djava.import.generatesMetadataFilesAtProjectRoot=false -DDetectVMInstallationsJob.disabled=true -Dfile.encoding=utf8 -XX:+UseParallelGC -XX:GCTimeRatio=4 -XX:AdaptiveSizePolicyWeight=90 -Dsun.zip.disableMemoryMapping=true -Xmx2G -Xms100m -Xlog:disable -javaagent:c:\Users\vince\.vscode\extensions\redhat.java-1.52.0-win32-x64\lombok\lombok-1.18.39-4050.jar -XX:+HeapDumpOnOutOfMemoryError -XX:HeapDumpPath=c:\Users\vince\AppData\Roaming\Code\User\workspaceStorage\77af15548cbb9c7536d3998b667843c5\redhat.java -Daether.dependencyCollector.impl=bf 
java_command: c:\Users\vince\.vscode\extensions\redhat.java-1.52.0-win32-x64\server\plugins\org.eclipse.equinox.launcher_1.7.100.v20251111-0406.jar -configuration c:\Users\vince\AppData\Roaming\Code\User\globalStorage\redhat.java\1.52.0\config_win -data c:\Users\vince\AppData\Roaming\Code\User\workspaceStorage\77af15548cbb9c7536d3998b667843c5\redhat.java\jdt_ws --pipe=\\.\pipe\lsp-a043e4be6500d17aff3a0806ed72b7a9-sock
java_class_path (initial): c:\Users\vince\.vscode\extensions\redhat.java-1.52.0-win32-x64\server\plugins\org.eclipse.equinox.launcher_1.7.100.v20251111-0406.jar
Launcher Type: SUN_STANDARD

[Global flags]
    uintx AdaptiveSizePolicyWeight                 = 90                                        {product} {command line}
     intx CICompilerCount                          = 12                                        {product} {ergonomic}
    uintx GCTimeRatio                              = 4                                         {product} {command line}
     bool HeapDumpOnOutOfMemoryError               = true                                   {manageable} {command line}
    ccstr HeapDumpPath                             = c:\Users\vince\AppData\Roaming\Code\User\workspaceStorage\77af15548cbb9c7536d3998b667843c5\redhat.java         {manageable} {command line}
   size_t InitialHeapSize                          = 104857600                                 {product} {command line}
   size_t MaxHeapSize                              = 2147483648                                {product} {command line}
   size_t MaxNewSize                               = 715653120                                 {product} {ergonomic}
   size_t MinHeapDeltaBytes                        = 524288                                    {product} {ergonomic}
   size_t MinHeapSize                              = 104857600                                 {product} {command line}
   size_t NewSize                                  = 34603008                                  {product} {ergonomic}
    uintx NonNMethodCodeHeapSize                   = 7602480                                {pd product} {ergonomic}
    uintx NonProfiledCodeHeapSize                  = 122027880                              {pd product} {ergonomic}
   size_t OldSize                                  = 70254592                                  {product} {ergonomic}
    uintx ProfiledCodeHeapSize                     = 122027880                              {pd product} {ergonomic}
    uintx ReservedCodeCacheSize                    = 251658240                              {pd product} {ergonomic}
     bool SegmentedCodeCache                       = true                                      {product} {ergonomic}
   size_t SoftMaxHeapSize                          = 2147483648                             {manageable} {ergonomic}
     bool UseCompressedOops                        = true                           {product lp64_product} {ergonomic}
     bool UseLargePagesIndividualAllocation        = false                                  {pd product} {ergonomic}
     bool UseParallelGC                            = true                                      {product} {command line}

Logging:
Log output configuration:
 #0: stdout all=off uptime,level,tags foldmultilines=false
 #1: stderr all=off uptime,level,tags foldmultilines=false

Release file:
JAVA_VERSION="21.0.9" 
MODULES="java.base java.compiler java.datatransfer java.xml java.prefs java.desktop java.instrument java.logging java.management java.security.sasl java.naming java.rmi java.management.rmi java.net.http java.scripting java.security.jgss java.transaction.xa java.sql java.sql.rowset java.xml.crypto java.se java.smartcardio jdk.accessibility jdk.internal.jvmstat jdk.attach jdk.charsets jdk.internal.opt jdk.zipfs jdk.compiler jdk.crypto.ec jdk.crypto.cryptoki jdk.crypto.mscapi jdk.dynalink jdk.internal.ed jdk.editpad jdk.hotspot.agent jdk.httpserver jdk.internal.le jdk.internal.vm.ci jdk.internal.vm.compiler jdk.internal.vm.compiler.management jdk.jartool jdk.javadoc jdk.jcmd jdk.management jdk.management.agent jdk.jconsole jdk.jdeps jdk.jdwp.agent jdk.jdi jdk.jfr jdk.jshell jdk.jsobject jdk.jstatd jdk.localedata jdk.management.jfr jdk.naming.dns jdk.naming.rmi jdk.net jdk.nio.mapmode jdk.random jdk.sctp jdk.security.auth jdk.security.jgss jdk.unsupported jdk.unsupported.desktop jdk.xml.dom" 

Environment Variables:
PATH=C:\Python313\Scripts\;C:\Python313\;C:\Program Files\Common Files\Oracle\Java\javapath;C:\Program Files (x86)\Common Files\Oracle\Java\java8path;C:\Program Files (x86)\Common Files\Oracle\Java\javapath;C:\Windows\system32;C:\Windows;C:\Windows\System32\Wbem;C:\Windows\System32\WindowsPowerShell\v1.0\;C:\Windows\System32\OpenSSH\;C:\Program Files (x86)\NVIDIA Corporation\PhysX\Common;C:\Program Files\Git\cmd;C:\Program Files\dotnet\;C:\Program Files\NVIDIA Corporation\NVIDIA NvDLISR;C:\WINDOWS\system32;C:\WINDOWS;C:\WINDOWS\System32\Wbem;C:\WINDOWS\System32\WindowsPowerShell\v1.0\;C:\WINDOWS\System32\OpenSSH\;D:\Logiciel\AndroidStudio\flutter\bin;C:\ProgramData\chocolatey\bin;C:\Program Files\nodejs\;C:\Program Files\PuTTY\;C:\Program Files\Redis\;C:\Program Files\Docker\Docker\resources\bin;C:\Users\vince\AppData\Local\Microsoft\WindowsApps;C:\Users\vince\AppData\Local\GitHubDesktop\bin;C:\Program Files\JetBrains\IntelliJ IDEA 2023.2.4\bin;;C:\Users\vince\AppData\Local\Programs\Microsoft VS Code\bin;C:\Users\vince\.dotnet\tools;C:\Users\vince\AppData\Roaming\npm;D:\Logiciel\mongosh-2.5.7-win32-x64\bin;
USERNAME=vince
OS=Windows_NT
PROCESSOR_IDENTIFIER=Intel64 Family 6 Model 154 Stepping 3, GenuineIntel
TMP=C:\Users\vince\AppData\Local\Temp
TEMP=C:\Users\vince\AppData\Local\Temp




Periodic native trim disabled

---------------  S Y S T E M  ---------------

OS:
 Windows 11 , 64 bit Build 26100 (10.0.26100.7705)
OS uptime: 2 days 13:48 hours
Hyper-V role detected

CPU: total 16 (initial active 16) (8 cores per cpu, 2 threads per core) family 6 model 154 stepping 3 microcode 0x424, cx8, cmov, fxsr, ht, mmx, 3dnowpref, sse, sse2, sse3, ssse3, sse4.1, sse4.2, popcnt, lzcnt, tsc, tscinvbit, avx, avx2, aes, erms, clmul, bmi1, bmi2, adx, sha, fma, vzeroupper, clflush, clflushopt, clwb, hv, serialize, rdtscp, rdpid, fsrm, f16c, cet_ibt, cet_ss
Processor Information for the first 16 processors :
  Max Mhz: 2300, Current Mhz: 2300, Mhz Limit: 2300

Memory: 4k page, system-wide physical 16082M (870M free)
TotalPageFile size 65234M (AvailPageFile size 4M)
current process WorkingSet (physical memory assigned to process): 153M, peak: 153M
current process commit charge ("private bytes"): 298M, peak: 298M

vm_info: OpenJDK 64-Bit Server VM (21.0.9+10-LTS) for windows-amd64 JRE (21.0.9+10-LTS), built on 2025-10-21T00:00:00Z by "admin" with unknown MS VC++:1942

END.
