#
# There is insufficient memory for the Java Runtime Environment to continue.
# Native memory allocation (malloc) failed to allocate 1160032 bytes. Error detail: Chunk::new
# Possible reasons:
#   The system is out of physical RAM or swap space
#   This process is running with CompressedOops enabled, and the Java Heap may be blocking the growth of the native heap
# Possible solutions:
#   Reduce memory load on the system
#   Increase physical memory or swap space
#   Check if swap backing store is full
#   Decrease Java heap size (-Xmx/-Xms)
#   Decrease number of Java threads
#   Decrease Java thread stack sizes (-Xss)
#   Set larger code cache with -XX:ReservedCodeCacheSize=
#   JVM is running with Unscaled Compressed Oops mode in which the Java heap is
#     placed in the first 4GB address space. The Java Heap base address is the
#     maximum limit for the native heap growth. Please use -XX:HeapBaseMinAddress
#     to set the Java Heap base and to place the Java Heap above 4GB virtual address.
# This output file may be truncated or incomplete.
#
#  Out of Memory Error (arena.cpp:168), pid=23264, tid=35864
#
# JRE version: OpenJDK Runtime Environment Temurin-21.0.9+10 (21.0.9+10) (build 21.0.9+10-LTS)
# Java VM: OpenJDK 64-Bit Server VM Temurin-21.0.9+10 (21.0.9+10-LTS, mixed mode, sharing, tiered, compressed oops, compressed class ptrs, parallel gc, windows-amd64)
# No core dump will be written. Minidumps are not enabled by default on client versions of Windows
#

---------------  S U M M A R Y ------------

Command Line: --add-modules=ALL-SYSTEM --add-opens=java.base/java.util=ALL-UNNAMED --add-opens=java.base/java.lang=ALL-UNNAMED --add-opens=java.base/sun.nio.fs=ALL-UNNAMED -Declipse.application=org.eclipse.jdt.ls.core.id1 -Dosgi.bundles.defaultStartLevel=4 -Declipse.product=org.eclipse.jdt.ls.core.product -Djava.import.generatesMetadataFilesAtProjectRoot=false -DDetectVMInstallationsJob.disabled=true -Dfile.encoding=utf8 -XX:+UseParallelGC -XX:GCTimeRatio=4 -XX:AdaptiveSizePolicyWeight=90 -Dsun.zip.disableMemoryMapping=true -Xmx2G -Xms100m -Xlog:disable -javaagent:c:\Users\vince\.vscode\extensions\redhat.java-1.52.0-win32-x64\lombok\lombok-1.18.39-4050.jar -XX:+HeapDumpOnOutOfMemoryError -XX:HeapDumpPath=c:\Users\vince\AppData\Roaming\Code\User\workspaceStorage\77af15548cbb9c7536d3998b667843c5\redhat.java -Daether.dependencyCollector.impl=bf c:\Users\vince\.vscode\extensions\redhat.java-1.52.0-win32-x64\server\plugins\org.eclipse.equinox.launcher_1.7.100.v20251111-0406.jar -configuration c:\Users\vince\AppData\Roaming\Code\User\globalStorage\redhat.java\1.52.0\config_win -data c:\Users\vince\AppData\Roaming\Code\User\workspaceStorage\77af15548cbb9c7536d3998b667843c5\redhat.java\jdt_ws --pipe=\\.\pipe\lsp-c26b8c9f8b894307dc5428ff1b597be5-sock

Host: 12th Gen Intel(R) Core(TM) i7-12650H, 16 cores, 15G,  Windows 11 , 64 bit Build 26100 (10.0.26100.7705)
Time: Thu Feb  5 00:11:29 2026 Paris, Madrid elapsed time: 12.015493 seconds (0d 0h 0m 12s)

---------------  T H R E A D  ---------------

Current thread (0x000002037382e340):  JavaThread "C2 CompilerThread1" daemon [_thread_in_native, id=35864, stack(0x000000360f800000,0x000000360f900000) (1024K)]


Current CompileTask:
C2:12015 9439       4       org.lombokweb.asm.ClassReader::readMethod (1070 bytes)

Stack: [0x000000360f800000,0x000000360f900000]
Native frames: (J=compiled Java code, j=interpreted, Vv=VM code, C=native code)
V  [jvm.dll+0x6d6e29]
V  [jvm.dll+0x8b4b76]
V  [jvm.dll+0x8b712e]
V  [jvm.dll+0x8b7813]
V  [jvm.dll+0x283d86]
V  [jvm.dll+0xc66ed]
V  [jvm.dll+0xc6c31]
V  [jvm.dll+0x3be53b]
V  [jvm.dll+0x38ab92]
V  [jvm.dll+0x389fda]
V  [jvm.dll+0x24bfa0]
V  [jvm.dll+0x24b580]
V  [jvm.dll+0x1cb13e]
V  [jvm.dll+0x25b29d]
V  [jvm.dll+0x25982a]
V  [jvm.dll+0x3f7ea6]
V  [jvm.dll+0x85e9ad]
V  [jvm.dll+0x6d565d]
C  [ucrtbase.dll+0x37b0]
C  [KERNEL32.DLL+0x2e8d7]
C  [ntdll.dll+0x8c40c]


---------------  P R O C E S S  ---------------

Threads class SMR info:
_java_thread_list=0x000002036fb7db30, length=52, elements={
0x000002030ddacf90, 0x00000203102e77a0, 0x00000203101eb600, 0x00000203102e8330,
0x00000203102eb140, 0x00000203102ef2b0, 0x00000203102f67f0, 0x00000203102f8250,
0x00000203102f9a90, 0x0000020369173040, 0x000002036932c000, 0x00000203693415e0,
0x000002036f058250, 0x000002036f33ac30, 0x000002036fc7afb0, 0x000002036f588e90,
0x000002036f58a2e0, 0x000002037014f300, 0x0000020370007ad0, 0x000002036fff1a30,
0x000002036fff0680, 0x000002036fff3470, 0x000002036fff2750, 0x000002036fff3b00,
0x000002036fff2de0, 0x000002036fff0d10, 0x000002036fff13a0, 0x0000020371a1d0f0,
0x0000020371a19c70, 0x0000020371a1b6b0, 0x0000020371a1d780, 0x0000020371a1a300,
0x0000020371a1b020, 0x0000020371a1bd40, 0x0000020371a1c3d0, 0x0000020371a1de10,
0x0000020371a1a990, 0x0000020371a1e4a0, 0x0000020371a1eb30, 0x0000020371a1f1c0,
0x0000020371a1f850, 0x0000020371a1fee0, 0x0000020371a1ca60, 0x0000020371a20570,
0x0000020371a21290, 0x00000203730a08a0, 0x00000203730a0f30, 0x000002037309fb80,
0x00000203730a0210, 0x000002037382e340, 0x000002037382c800, 0x000002037382ea10
}

Java Threads: ( => current thread )
  0x000002030ddacf90 JavaThread "main"                              [_thread_blocked, id=380, stack(0x000000360e800000,0x000000360e900000) (1024K)]
  0x00000203102e77a0 JavaThread "Reference Handler"          daemon [_thread_blocked, id=30692, stack(0x000000360ec00000,0x000000360ed00000) (1024K)]
  0x00000203101eb600 JavaThread "Finalizer"                  daemon [_thread_blocked, id=24544, stack(0x000000360ed00000,0x000000360ee00000) (1024K)]
  0x00000203102e8330 JavaThread "Signal Dispatcher"          daemon [_thread_blocked, id=24656, stack(0x000000360ee00000,0x000000360ef00000) (1024K)]
  0x00000203102eb140 JavaThread "Attach Listener"            daemon [_thread_blocked, id=7380, stack(0x000000360ef00000,0x000000360f000000) (1024K)]
  0x00000203102ef2b0 JavaThread "Service Thread"             daemon [_thread_blocked, id=22336, stack(0x000000360f000000,0x000000360f100000) (1024K)]
  0x00000203102f67f0 JavaThread "Monitor Deflation Thread"   daemon [_thread_blocked, id=2372, stack(0x000000360f100000,0x000000360f200000) (1024K)]
  0x00000203102f8250 JavaThread "C2 CompilerThread0"         daemon [_thread_in_native, id=24308, stack(0x000000360f200000,0x000000360f300000) (1024K)]
  0x00000203102f9a90 JavaThread "C1 CompilerThread0"         daemon [_thread_in_native, id=8252, stack(0x000000360f300000,0x000000360f400000) (1024K)]
  0x0000020369173040 JavaThread "C1 CompilerThread1"         daemon [_thread_in_native, id=15568, stack(0x000000360f400000,0x000000360f500000) (1024K)]
  0x000002036932c000 JavaThread "Common-Cleaner"             daemon [_thread_blocked, id=16768, stack(0x000000360f600000,0x000000360f700000) (1024K)]
  0x00000203693415e0 JavaThread "C1 CompilerThread2"         daemon [_thread_in_native, id=35436, stack(0x000000360f700000,0x000000360f800000) (1024K)]
  0x000002036f058250 JavaThread "Notification Thread"        daemon [_thread_blocked, id=29032, stack(0x000000360f900000,0x000000360fa00000) (1024K)]
  0x000002036f33ac30 JavaThread "Active Thread: Equinox Container: 2bb6f712-5175-4a5a-91d4-156d709b4ff1"        [_thread_blocked, id=40540, stack(0x0000003610300000,0x0000003610400000) (1024K)]
  0x000002036fc7afb0 JavaThread "Refresh Thread: Equinox Container: 2bb6f712-5175-4a5a-91d4-156d709b4ff1" daemon [_thread_blocked, id=2292, stack(0x0000003610500000,0x0000003610600000) (1024K)]
  0x000002036f588e90 JavaThread "Framework Event Dispatcher: Equinox Container: 2bb6f712-5175-4a5a-91d4-156d709b4ff1" daemon [_thread_blocked, id=35252, stack(0x0000003610600000,0x0000003610700000) (1024K)]
  0x000002036f58a2e0 JavaThread "Start Level: Equinox Container: 2bb6f712-5175-4a5a-91d4-156d709b4ff1" daemon [_thread_blocked, id=24976, stack(0x0000003610700000,0x0000003610800000) (1024K)]
  0x000002037014f300 JavaThread "Bundle File Closer"         daemon [_thread_blocked, id=40892, stack(0x0000003610b00000,0x0000003610c00000) (1024K)]
  0x0000020370007ad0 JavaThread "SCR Component Actor"        daemon [_thread_blocked, id=6212, stack(0x000000360f500000,0x000000360f600000) (1024K)]
  0x000002036fff1a30 JavaThread "Worker-JM"                         [_thread_blocked, id=13472, stack(0x0000003610c00000,0x0000003610d00000) (1024K)]
  0x000002036fff0680 JavaThread "Worker-0: Updating workspace"        [_thread_in_vm, id=26048, stack(0x0000003610f00000,0x0000003611000000) (1024K)]
  0x000002036fff3470 JavaThread "Worker-1: Java indexing... "        [_thread_blocked, id=21996, stack(0x0000003611000000,0x0000003611100000) (1024K)]
  0x000002036fff2750 JavaThread "Java indexing"              daemon [_thread_in_vm, id=16696, stack(0x0000003611100000,0x0000003611200000) (1024K)]
  0x000002036fff3b00 JavaThread "JNA Cleaner"                daemon [_thread_blocked, id=35804, stack(0x0000003611200000,0x0000003611300000) (1024K)]
  0x000002036fff2de0 JavaThread "Worker-2"                          [_thread_blocked, id=26576, stack(0x0000003611500000,0x0000003611600000) (1024K)]
  0x000002036fff0d10 JavaThread "Worker-3"                          [_thread_blocked, id=21516, stack(0x0000003611600000,0x0000003611700000) (1024K)]
  0x000002036fff13a0 JavaThread "Thread-1"                   daemon [_thread_in_native, id=39024, stack(0x0000003611700000,0x0000003611800000) (1024K)]
  0x0000020371a1d0f0 JavaThread "Thread-2"                   daemon [_thread_in_native, id=36716, stack(0x0000003611800000,0x0000003611900000) (1024K)]
  0x0000020371a19c70 JavaThread "Thread-3"                   daemon [_thread_in_native, id=26084, stack(0x0000003611900000,0x0000003611a00000) (1024K)]
  0x0000020371a1b6b0 JavaThread "Thread-4"                   daemon [_thread_in_native, id=17020, stack(0x0000003611a00000,0x0000003611b00000) (1024K)]
  0x0000020371a1d780 JavaThread "Thread-5"                   daemon [_thread_in_native, id=19296, stack(0x0000003611b00000,0x0000003611c00000) (1024K)]
  0x0000020371a1a300 JavaThread "Thread-6"                   daemon [_thread_in_native, id=40124, stack(0x0000003611c00000,0x0000003611d00000) (1024K)]
  0x0000020371a1b020 JavaThread "Thread-7"                   daemon [_thread_in_native, id=16116, stack(0x0000003611d00000,0x0000003611e00000) (1024K)]
  0x0000020371a1bd40 JavaThread "Thread-8"                   daemon [_thread_in_native, id=34780, stack(0x0000003611e00000,0x0000003611f00000) (1024K)]
  0x0000020371a1c3d0 JavaThread "Thread-9"                   daemon [_thread_in_native, id=38888, stack(0x0000003611f00000,0x0000003612000000) (1024K)]
  0x0000020371a1de10 JavaThread "Thread-10"                  daemon [_thread_in_native, id=15580, stack(0x0000003612000000,0x0000003612100000) (1024K)]
  0x0000020371a1a990 JavaThread "Thread-11"                  daemon [_thread_in_native, id=29100, stack(0x0000003612100000,0x0000003612200000) (1024K)]
  0x0000020371a1e4a0 JavaThread "Thread-12"                  daemon [_thread_in_native, id=33704, stack(0x0000003612200000,0x0000003612300000) (1024K)]
  0x0000020371a1eb30 JavaThread "Thread-13"                  daemon [_thread_in_native, id=12808, stack(0x0000003612300000,0x0000003612400000) (1024K)]
  0x0000020371a1f1c0 JavaThread "Thread-14"                  daemon [_thread_in_native, id=37488, stack(0x0000003612400000,0x0000003612500000) (1024K)]
  0x0000020371a1f850 JavaThread "Thread-15"                  daemon [_thread_in_native, id=19128, stack(0x0000003612500000,0x0000003612600000) (1024K)]
  0x0000020371a1fee0 JavaThread "Thread-16"                  daemon [_thread_in_native, id=23252, stack(0x0000003612600000,0x0000003612700000) (1024K)]
  0x0000020371a1ca60 JavaThread "Thread-17"                  daemon [_thread_in_native, id=35992, stack(0x0000003612700000,0x0000003612800000) (1024K)]
  0x0000020371a20570 JavaThread "pool-2-thread-1"                   [_thread_blocked, id=8284, stack(0x0000003612800000,0x0000003612900000) (1024K)]
  0x0000020371a21290 JavaThread "Worker-4"                          [_thread_blocked, id=7900, stack(0x0000003612a00000,0x0000003612b00000) (1024K)]
  0x00000203730a08a0 JavaThread "WorkspaceEventsHandler"            [_thread_blocked, id=19028, stack(0x0000003612b00000,0x0000003612c00000) (1024K)]
  0x00000203730a0f30 JavaThread "pool-1-thread-1"                   [_thread_blocked, id=30080, stack(0x0000003612c00000,0x0000003612d00000) (1024K)]
  0x000002037309fb80 JavaThread "Worker-5: Initialize Workspace"        [_thread_blocked, id=25064, stack(0x0000003612d00000,0x0000003612e00000) (1024K)]
  0x00000203730a0210 JavaThread "Keep-Alive-Timer"           daemon [_thread_blocked, id=11984, stack(0x0000003612e00000,0x0000003612f00000) (1024K)]
=>0x000002037382e340 JavaThread "C2 CompilerThread1"         daemon [_thread_in_native, id=35864, stack(0x000000360f800000,0x000000360f900000) (1024K)]
  0x000002037382c800 JavaThread "C1 CompilerThread3"         daemon [_thread_in_native, id=21560, stack(0x000000360fa00000,0x000000360fb00000) (1024K)]
  0x000002037382ea10 JavaThread "C2 CompilerThread2"         daemon [_thread_in_native, id=27732, stack(0x0000003610100000,0x0000003610200000) (1024K)]
Total: 52

Other Threads:
  0x00000203102e29a0 VMThread "VM Thread"                           [id=34244, stack(0x000000360eb00000,0x000000360ec00000) (1024K)]
  0x00000203100cba00 WatcherThread "VM Periodic Task Thread"        [id=34872, stack(0x000000360ea00000,0x000000360eb00000) (1024K)]
  0x0000020310262180 WorkerThread "GC Thread#0"                     [id=37688, stack(0x000000360e900000,0x000000360ea00000) (1024K)]
  0x000002036f356e60 WorkerThread "GC Thread#1"                     [id=23420, stack(0x000000360fb00000,0x000000360fc00000) (1024K)]
  0x000002036f25c0c0 WorkerThread "GC Thread#2"                     [id=26124, stack(0x000000360fc00000,0x000000360fd00000) (1024K)]
  0x000002036f25c460 WorkerThread "GC Thread#3"                     [id=17800, stack(0x000000360fd00000,0x000000360fe00000) (1024K)]
  0x000002036f25c800 WorkerThread "GC Thread#4"                     [id=27796, stack(0x000000360fe00000,0x000000360ff00000) (1024K)]
  0x000002036f63fe00 WorkerThread "GC Thread#5"                     [id=40676, stack(0x000000360ff00000,0x0000003610000000) (1024K)]
  0x000002036f5daf50 WorkerThread "GC Thread#6"                     [id=37604, stack(0x0000003610000000,0x0000003610100000) (1024K)]
  0x000002036f5dc170 WorkerThread "GC Thread#7"                     [id=38352, stack(0x0000003610400000,0x0000003610500000) (1024K)]
  0x000002036f5dc8b0 WorkerThread "GC Thread#8"                     [id=9528, stack(0x0000003610800000,0x0000003610900000) (1024K)]
  0x000002036f5db690 WorkerThread "GC Thread#9"                     [id=35476, stack(0x0000003610900000,0x0000003610a00000) (1024K)]
  0x000002036f5dba30 WorkerThread "GC Thread#10"                    [id=29368, stack(0x0000003610a00000,0x0000003610b00000) (1024K)]
  0x000002036f5dbdd0 WorkerThread "GC Thread#11"                    [id=22508, stack(0x0000003610d00000,0x0000003610e00000) (1024K)]
  0x0000020370211dd0 WorkerThread "GC Thread#12"                    [id=976, stack(0x0000003610e00000,0x0000003610f00000) (1024K)]
Total: 15

Threads with active compile tasks:
C2 CompilerThread0  15079 9287 %     4       org.lombokweb.asm.SymbolTable::<init> @ 98 (554 bytes)
C1 CompilerThread0  15079 9522   !   3       org.eclipse.jdt.internal.compiler.parser.Scanner::$SWITCH_TABLE$org$eclipse$jdt$internal$compiler$parser$TerminalToken (2065 bytes)
C1 CompilerThread1  15079 9542       3       org.eclipse.jdt.internal.compiler.classfmt.ClassFileStruct::u1At (16 bytes)
C1 CompilerThread2  15080 9527       3       org.eclipse.jdt.internal.compiler.parser.Parser::consumeToken (2260 bytes)
C2 CompilerThread1  15080 9439       4       org.lombokweb.asm.ClassReader::readMethod (1070 bytes)
C1 CompilerThread3  15080 9540       1       org.eclipse.core.runtime.Status::getCode (5 bytes)
C2 CompilerThread2  15080 9219       4       jdk.internal.jimage.ImageStringsReader::charsFromByteBufferLength (81 bytes)
Total: 7

VM state: not at safepoint (normal execution)

VM Mutex/Monitor currently owned by a thread: None

Heap address: 0x0000000080000000, size: 2048 MB, Compressed Oops mode: 32-bit

CDS archive(s) mapped at: [0x0000020327000000-0x0000020327ba0000-0x0000020327ba0000), size 12189696, SharedBaseAddress: 0x0000020327000000, ArchiveRelocationMode: 1.
Compressed class space mapped at: 0x0000020328000000-0x0000020368000000, reserved size: 1073741824
Narrow klass base: 0x0000020327000000, Narrow klass shift: 0, Narrow klass range: 0x100000000

GC Precious Log:
 CardTable entry size: 512
 CPUs: 16 total, 16 available
 Memory: 16082M
 Large Page Support: Disabled
 NUMA Support: Disabled
 Compressed Oops: Enabled (32-bit)
 Alignments: Space 512K, Generation 512K, Heap 2M
 Heap Min Capacity: 100M
 Heap Initial Capacity: 100M
 Heap Max Capacity: 2G
 Pre-touch: Disabled
 Parallel Workers: 13

Heap:
 PSYoungGen      total 20992K, used 3903K [0x00000000d5580000, 0x00000000d7180000, 0x0000000100000000)
  eden space 19456K, 12% used [0x00000000d5580000,0x00000000d57d7d88,0x00000000d6880000)
  from space 1536K, 97% used [0x00000000d6c00000,0x00000000d6d78010,0x00000000d6d80000)
  to   space 3584K, 0% used [0x00000000d6880000,0x00000000d6880000,0x00000000d6c00000)
 ParOldGen       total 68608K, used 33696K [0x0000000080000000, 0x0000000084300000, 0x00000000d5580000)
  object space 68608K, 49% used [0x0000000080000000,0x00000000820e8288,0x0000000084300000)
 Metaspace       used 62026K, committed 63360K, reserved 1114112K
  class space    used 6793K, committed 7360K, reserved 1048576K

Card table byte_map: [0x000002030fbe0000,0x000002030fff0000] _byte_map_base: 0x000002030f7e0000

Marking Bits: (ParMarkBitMap*) 0x00007ffd97dd2460
 Begin Bits: [0x00000203226f0000, 0x00000203246f0000)
 End Bits:   [0x00000203246f0000, 0x00000203266f0000)

Polling page: 0x000002030e270000

Metaspace:

Usage:
  Non-class:     53.94 MB used.
      Class:      6.63 MB used.
       Both:     60.57 MB used.

Virtual space:
  Non-class space:       64.00 MB reserved,      54.69 MB ( 85%) committed,  1 nodes.
      Class space:        1.00 GB reserved,       7.19 MB ( <1%) committed,  1 nodes.
             Both:        1.06 GB reserved,      61.88 MB (  6%) committed. 

Chunk freelists:
   Non-Class:  8.86 MB
       Class:  8.86 MB
        Both:  17.72 MB

MaxMetaspaceSize: unlimited
CompressedClassSpaceSize: 1.00 GB
Initial GC threshold: 21.00 MB
Current GC threshold: 97.31 MB
CDS: on
 - commit_granule_bytes: 65536.
 - commit_granule_words: 8192.
 - virtual_space_node_default_size: 8388608.
 - enlarge_chunks_in_place: 1.
 - use_allocation_guard: 0.


Internal statistics:

num_allocs_failed_limit: 15.
num_arena_births: 996.
num_arena_deaths: 22.
num_vsnodes_births: 2.
num_vsnodes_deaths: 0.
num_space_committed: 990.
num_space_uncommitted: 0.
num_chunks_returned_to_freelist: 40.
num_chunks_taken_from_freelist: 3582.
num_chunk_merges: 15.
num_chunk_splits: 2231.
num_chunks_enlarged: 1361.
num_inconsistent_stats: 0.

CodeHeap 'non-profiled nmethods': size=119168Kb used=4692Kb max_used=4701Kb free=114476Kb
 bounds [0x000002031afe0000, 0x000002031b480000, 0x0000020322440000]
CodeHeap 'profiled nmethods': size=119104Kb used=18622Kb max_used=18622Kb free=100481Kb
 bounds [0x0000020313440000, 0x0000020314680000, 0x000002031a890000]
CodeHeap 'non-nmethods': size=7488Kb used=3143Kb max_used=3177Kb free=4344Kb
 bounds [0x000002031a890000, 0x000002031abc0000, 0x000002031afe0000]
CodeCache: size=245760Kb, used=26457Kb, max_used=26500Kb, free=219301Kb
 total_blobs=9488, nmethods=8725, adapters=665, full_count=0
Compilation: enabled, stopped_count=0, restarted_count=0

Compilation events (20 events):
Event: 10.988 Thread 0x00000203102f9a90 9516       3       org.eclipse.jdt.internal.compiler.parser.Parser::ntAction (8 bytes)
Event: 10.988 Thread 0x00000203693415e0 9517       3       org.eclipse.jdt.internal.compiler.parser.Parser::consumeRule (7843 bytes)
Event: 10.988 Thread 0x0000020369173040 nmethod 9514 0x000002031389ab10 code [0x000002031389acc0, 0x000002031389add8]
Event: 10.988 Thread 0x00000203102f9a90 nmethod 9516 0x0000020314614e90 code [0x0000020314615040, 0x0000020314615168]
Event: 10.988 Thread 0x000002037382c800 nmethod 9515 0x0000020314615290 code [0x0000020314615460, 0x0000020314615728]
Event: 10.989 Thread 0x000002037382c800 9518       3       org.eclipse.jdt.internal.compiler.parser.Scanner::getCurrentIdentifierSource (66 bytes)
Event: 10.989 Thread 0x0000020369173040 9519       1       java.lang.reflect.Method::getMethodAccessor (5 bytes)
Event: 10.989 Thread 0x0000020369173040 nmethod 9519 0x000002031b09ac10 code [0x000002031b09ada0, 0x000002031b09ae68]
Event: 10.989 Thread 0x000002037382c800 nmethod 9518 0x0000020314615810 code [0x00000203146159e0, 0x0000020314615d38]
Event: 10.992 Thread 0x000002037382c800 9520       3       org.eclipse.jdt.internal.core.util.SimpleWordSet::add (81 bytes)
Event: 10.992 Thread 0x000002037382c800 nmethod 9520 0x0000020314615e10 code [0x0000020314616020, 0x00000203146165d8]
Event: 10.994 Thread 0x00000203102f9a90 9521       1       java.util.ImmutableCollections$List12::isEmpty (2 bytes)
Event: 10.994 Thread 0x00000203102f9a90 nmethod 9521 0x000002031b206f90 code [0x000002031b207120, 0x000002031b2071e8]
Event: 10.998 Thread 0x00000203102f9a90 9522   !   3       org.eclipse.jdt.internal.compiler.parser.Scanner::$SWITCH_TABLE$org$eclipse$jdt$internal$compiler$parser$TerminalToken (2065 bytes)
Event: 10.998 Thread 0x000002037382c800 9524   !   3       org.eclipse.jdt.internal.compiler.parser.Scanner::getNextToken0 (3068 bytes)
Event: 10.998 Thread 0x0000020369173040 9523       3       org.eclipse.jdt.internal.compiler.parser.Scanner::getNextToken (176 bytes)
Event: 10.999 Thread 0x0000020369173040 nmethod 9523 0x0000020314616890 code [0x0000020314616b20, 0x00000203146178e0]
Event: 10.999 Thread 0x0000020369173040 9525       3       org.eclipse.jdt.internal.compiler.parser.Scanner::addTokenToLookBack (137 bytes)
Event: 11.000 Thread 0x0000020369173040 nmethod 9525 0x0000020314617b10 code [0x0000020314617d20, 0x00000203146185d0]
Event: 11.000 Thread 0x0000020369173040 9526   !   3       org.eclipse.jdt.internal.compiler.parser.Parser::$SWITCH_TABLE$org$eclipse$jdt$internal$compiler$parser$TerminalToken (2065 bytes)

GC Heap History (20 events):
Event: 6.716 GC heap before
{Heap before GC invocations=24 (full 2):
 PSYoungGen      total 23552K, used 23391K [0x00000000d5580000, 0x00000000d6e00000, 0x0000000100000000)
  eden space 22016K, 99% used [0x00000000d5580000,0x00000000d6affe08,0x00000000d6b00000)
  from space 1536K, 89% used [0x00000000d6c00000,0x00000000d6d58000,0x00000000d6d80000)
  to   space 512K, 0% used [0x00000000d6d80000,0x00000000d6d80000,0x00000000d6e00000)
 ParOldGen       total 68608K, used 29000K [0x0000000080000000, 0x0000000084300000, 0x00000000d5580000)
  object space 68608K, 42% used [0x0000000080000000,0x0000000081c52228,0x0000000084300000)
 Metaspace       used 53527K, committed 54784K, reserved 1114112K
  class space    used 5905K, committed 6464K, reserved 1048576K
}
Event: 6.717 GC heap after
{Heap after GC invocations=24 (full 2):
 PSYoungGen      total 22016K, used 480K [0x00000000d5580000, 0x00000000d7100000, 0x0000000100000000)
  eden space 21504K, 0% used [0x00000000d5580000,0x00000000d5580000,0x00000000d6a80000)
  from space 512K, 93% used [0x00000000d6d80000,0x00000000d6df8010,0x00000000d6e00000)
  to   space 3072K, 0% used [0x00000000d6a80000,0x00000000d6a80000,0x00000000d6d80000)
 ParOldGen       total 68608K, used 31243K [0x0000000080000000, 0x0000000084300000, 0x00000000d5580000)
  object space 68608K, 45% used [0x0000000080000000,0x0000000081e82dd8,0x0000000084300000)
 Metaspace       used 53527K, committed 54784K, reserved 1114112K
  class space    used 5905K, committed 6464K, reserved 1048576K
}
Event: 9.235 GC heap before
{Heap before GC invocations=25 (full 2):
 PSYoungGen      total 22016K, used 21984K [0x00000000d5580000, 0x00000000d7100000, 0x0000000100000000)
  eden space 21504K, 100% used [0x00000000d5580000,0x00000000d6a80000,0x00000000d6a80000)
  from space 512K, 93% used [0x00000000d6d80000,0x00000000d6df8010,0x00000000d6e00000)
  to   space 3072K, 0% used [0x00000000d6a80000,0x00000000d6a80000,0x00000000d6d80000)
 ParOldGen       total 68608K, used 31243K [0x0000000080000000, 0x0000000084300000, 0x00000000d5580000)
  object space 68608K, 45% used [0x0000000080000000,0x0000000081e82dd8,0x0000000084300000)
 Metaspace       used 55000K, committed 56256K, reserved 1114112K
  class space    used 6068K, committed 6592K, reserved 1048576K
}
Event: 9.236 GC heap after
{Heap after GC invocations=25 (full 2):
 PSYoungGen      total 23552K, used 1978K [0x00000000d5580000, 0x00000000d6f80000, 0x0000000100000000)
  eden space 21504K, 0% used [0x00000000d5580000,0x00000000d5580000,0x00000000d6a80000)
  from space 2048K, 96% used [0x00000000d6a80000,0x00000000d6c6e918,0x00000000d6c80000)
  to   space 2560K, 0% used [0x00000000d6d00000,0x00000000d6d00000,0x00000000d6f80000)
 ParOldGen       total 68608K, used 31711K [0x0000000080000000, 0x0000000084300000, 0x00000000d5580000)
  object space 68608K, 46% used [0x0000000080000000,0x0000000081ef7df8,0x0000000084300000)
 Metaspace       used 55000K, committed 56256K, reserved 1114112K
  class space    used 6068K, committed 6592K, reserved 1048576K
}
Event: 10.411 GC heap before
{Heap before GC invocations=26 (full 2):
 PSYoungGen      total 23552K, used 23482K [0x00000000d5580000, 0x00000000d6f80000, 0x0000000100000000)
  eden space 21504K, 100% used [0x00000000d5580000,0x00000000d6a80000,0x00000000d6a80000)
  from space 2048K, 96% used [0x00000000d6a80000,0x00000000d6c6e918,0x00000000d6c80000)
  to   space 2560K, 0% used [0x00000000d6d00000,0x00000000d6d00000,0x00000000d6f80000)
 ParOldGen       total 68608K, used 31711K [0x0000000080000000, 0x0000000084300000, 0x00000000d5580000)
  object space 68608K, 46% used [0x0000000080000000,0x0000000081ef7df8,0x0000000084300000)
 Metaspace       used 56123K, committed 57408K, reserved 1114112K
  class space    used 6177K, committed 6720K, reserved 1048576K
}
Event: 10.412 GC heap after
{Heap after GC invocations=26 (full 2):
 PSYoungGen      total 23552K, used 1773K [0x00000000d5580000, 0x00000000d6f00000, 0x0000000100000000)
  eden space 21504K, 0% used [0x00000000d5580000,0x00000000d5580000,0x00000000d6a80000)
  from space 2048K, 86% used [0x00000000d6d00000,0x00000000d6ebb510,0x00000000d6f00000)
  to   space 2048K, 0% used [0x00000000d6a80000,0x00000000d6a80000,0x00000000d6c80000)
 ParOldGen       total 68608K, used 32656K [0x0000000080000000, 0x0000000084300000, 0x00000000d5580000)
  object space 68608K, 47% used [0x0000000080000000,0x0000000081fe4148,0x0000000084300000)
 Metaspace       used 56123K, committed 57408K, reserved 1114112K
  class space    used 6177K, committed 6720K, reserved 1048576K
}
Event: 10.647 GC heap before
{Heap before GC invocations=27 (full 2):
 PSYoungGen      total 23552K, used 23277K [0x00000000d5580000, 0x00000000d6f00000, 0x0000000100000000)
  eden space 21504K, 100% used [0x00000000d5580000,0x00000000d6a80000,0x00000000d6a80000)
  from space 2048K, 86% used [0x00000000d6d00000,0x00000000d6ebb510,0x00000000d6f00000)
  to   space 2048K, 0% used [0x00000000d6a80000,0x00000000d6a80000,0x00000000d6c80000)
 ParOldGen       total 68608K, used 32656K [0x0000000080000000, 0x0000000084300000, 0x00000000d5580000)
  object space 68608K, 47% used [0x0000000080000000,0x0000000081fe4148,0x0000000084300000)
 Metaspace       used 58006K, committed 59264K, reserved 1114112K
  class space    used 6438K, committed 6976K, reserved 1048576K
}
Event: 10.649 GC heap after
{Heap after GC invocations=27 (full 2):
 PSYoungGen      total 23040K, used 1071K [0x00000000d5580000, 0x00000000d6d80000, 0x0000000100000000)
  eden space 21504K, 0% used [0x00000000d5580000,0x00000000d5580000,0x00000000d6a80000)
  from space 1536K, 69% used [0x00000000d6a80000,0x00000000d6b8be10,0x00000000d6c00000)
  to   space 1536K, 0% used [0x00000000d6c00000,0x00000000d6c00000,0x00000000d6d80000)
 ParOldGen       total 68608K, used 34224K [0x0000000080000000, 0x0000000084300000, 0x00000000d5580000)
  object space 68608K, 49% used [0x0000000080000000,0x000000008216c010,0x0000000084300000)
 Metaspace       used 58006K, committed 59264K, reserved 1114112K
  class space    used 6438K, committed 6976K, reserved 1048576K
}
Event: 10.737 GC heap before
{Heap before GC invocations=28 (full 2):
 PSYoungGen      total 23040K, used 9688K [0x00000000d5580000, 0x00000000d6d80000, 0x0000000100000000)
  eden space 21504K, 40% used [0x00000000d5580000,0x00000000d5dea238,0x00000000d6a80000)
  from space 1536K, 69% used [0x00000000d6a80000,0x00000000d6b8be10,0x00000000d6c00000)
  to   space 1536K, 0% used [0x00000000d6c00000,0x00000000d6c00000,0x00000000d6d80000)
 ParOldGen       total 68608K, used 34224K [0x0000000080000000, 0x0000000084300000, 0x00000000d5580000)
  object space 68608K, 49% used [0x0000000080000000,0x000000008216c010,0x0000000084300000)
 Metaspace       used 58514K, committed 59776K, reserved 1114112K
  class space    used 6479K, committed 7040K, reserved 1048576K
}
Event: 10.737 GC heap after
{Heap after GC invocations=28 (full 2):
 PSYoungGen      total 22528K, used 552K [0x00000000d5580000, 0x00000000d6d00000, 0x0000000100000000)
  eden space 21504K, 0% used [0x00000000d5580000,0x00000000d5580000,0x00000000d6a80000)
  from space 1024K, 53% used [0x00000000d6c00000,0x00000000d6c8a010,0x00000000d6d00000)
  to   space 1024K, 0% used [0x00000000d6b00000,0x00000000d6b00000,0x00000000d6c00000)
 ParOldGen       total 68608K, used 35010K [0x0000000080000000, 0x0000000084300000, 0x00000000d5580000)
  object space 68608K, 51% used [0x0000000080000000,0x0000000082230aa0,0x0000000084300000)
 Metaspace       used 58514K, committed 59776K, reserved 1114112K
  class space    used 6479K, committed 7040K, reserved 1048576K
}
Event: 10.737 GC heap before
{Heap before GC invocations=29 (full 3):
 PSYoungGen      total 22528K, used 552K [0x00000000d5580000, 0x00000000d6d00000, 0x0000000100000000)
  eden space 21504K, 0% used [0x00000000d5580000,0x00000000d5580000,0x00000000d6a80000)
  from space 1024K, 53% used [0x00000000d6c00000,0x00000000d6c8a010,0x00000000d6d00000)
  to   space 1024K, 0% used [0x00000000d6b00000,0x00000000d6b00000,0x00000000d6c00000)
 ParOldGen       total 68608K, used 35010K [0x0000000080000000, 0x0000000084300000, 0x00000000d5580000)
  object space 68608K, 51% used [0x0000000080000000,0x0000000082230aa0,0x0000000084300000)
 Metaspace       used 58514K, committed 59776K, reserved 1114112K
  class space    used 6479K, committed 7040K, reserved 1048576K
}
Event: 10.779 GC heap after
{Heap after GC invocations=29 (full 3):
 PSYoungGen      total 22528K, used 0K [0x00000000d5580000, 0x00000000d6d00000, 0x0000000100000000)
  eden space 21504K, 0% used [0x00000000d5580000,0x00000000d5580000,0x00000000d6a80000)
  from space 1024K, 0% used [0x00000000d6c00000,0x00000000d6c00000,0x00000000d6d00000)
  to   space 1024K, 0% used [0x00000000d6b00000,0x00000000d6b00000,0x00000000d6c00000)
 ParOldGen       total 68608K, used 29755K [0x0000000080000000, 0x0000000084300000, 0x00000000d5580000)
  object space 68608K, 43% used [0x0000000080000000,0x0000000081d0ee38,0x0000000084300000)
 Metaspace       used 58507K, committed 59776K, reserved 1114112K
  class space    used 6477K, committed 7040K, reserved 1048576K
}
Event: 10.893 GC heap before
{Heap before GC invocations=30 (full 3):
 PSYoungGen      total 22528K, used 21504K [0x00000000d5580000, 0x00000000d6d00000, 0x0000000100000000)
  eden space 21504K, 100% used [0x00000000d5580000,0x00000000d6a80000,0x00000000d6a80000)
  from space 1024K, 0% used [0x00000000d6c00000,0x00000000d6c00000,0x00000000d6d00000)
  to   space 1024K, 0% used [0x00000000d6b00000,0x00000000d6b00000,0x00000000d6c00000)
 ParOldGen       total 68608K, used 29755K [0x0000000080000000, 0x0000000084300000, 0x00000000d5580000)
  object space 68608K, 43% used [0x0000000080000000,0x0000000081d0ee38,0x0000000084300000)
 Metaspace       used 59897K, committed 61184K, reserved 1114112K
  class space    used 6611K, committed 7168K, reserved 1048576K
}
Event: 10.894 GC heap after
{Heap after GC invocations=30 (full 3):
 PSYoungGen      total 22528K, used 997K [0x00000000d5580000, 0x00000000d6f80000, 0x0000000100000000)
  eden space 21504K, 0% used [0x00000000d5580000,0x00000000d5580000,0x00000000d6a80000)
  from space 1024K, 97% used [0x00000000d6b00000,0x00000000d6bf9490,0x00000000d6c00000)
  to   space 2560K, 0% used [0x00000000d6d00000,0x00000000d6d00000,0x00000000d6f80000)
 ParOldGen       total 68608K, used 30592K [0x0000000080000000, 0x0000000084300000, 0x00000000d5580000)
  object space 68608K, 44% used [0x0000000080000000,0x0000000081de0170,0x0000000084300000)
 Metaspace       used 59897K, committed 61184K, reserved 1114112K
  class space    used 6611K, committed 7168K, reserved 1048576K
}
Event: 10.923 GC heap before
{Heap before GC invocations=31 (full 3):
 PSYoungGen      total 22528K, used 22501K [0x00000000d5580000, 0x00000000d6f80000, 0x0000000100000000)
  eden space 21504K, 100% used [0x00000000d5580000,0x00000000d6a80000,0x00000000d6a80000)
  from space 1024K, 97% used [0x00000000d6b00000,0x00000000d6bf9490,0x00000000d6c00000)
  to   space 2560K, 0% used [0x00000000d6d00000,0x00000000d6d00000,0x00000000d6f80000)
 ParOldGen       total 68608K, used 30592K [0x0000000080000000, 0x0000000084300000, 0x00000000d5580000)
  object space 68608K, 44% used [0x0000000080000000,0x0000000081de0170,0x0000000084300000)
 Metaspace       used 60045K, committed 61376K, reserved 1114112K
  class space    used 6619K, committed 7168K, reserved 1048576K
}
Event: 10.925 GC heap after
{Heap after GC invocations=31 (full 3):
 PSYoungGen      total 23040K, used 1459K [0x00000000d5580000, 0x00000000d6e80000, 0x0000000100000000)
  eden space 21504K, 0% used [0x00000000d5580000,0x00000000d5580000,0x00000000d6a80000)
  from space 1536K, 95% used [0x00000000d6d00000,0x00000000d6e6cd70,0x00000000d6e80000)
  to   space 2048K, 0% used [0x00000000d6a80000,0x00000000d6a80000,0x00000000d6c80000)
 ParOldGen       total 68608K, used 31365K [0x0000000080000000, 0x0000000084300000, 0x00000000d5580000)
  object space 68608K, 45% used [0x0000000080000000,0x0000000081ea17c0,0x0000000084300000)
 Metaspace       used 60045K, committed 61376K, reserved 1114112K
  class space    used 6619K, committed 7168K, reserved 1048576K
}
Event: 10.946 GC heap before
{Heap before GC invocations=32 (full 3):
 PSYoungGen      total 23040K, used 22963K [0x00000000d5580000, 0x00000000d6e80000, 0x0000000100000000)
  eden space 21504K, 100% used [0x00000000d5580000,0x00000000d6a80000,0x00000000d6a80000)
  from space 1536K, 95% used [0x00000000d6d00000,0x00000000d6e6cd70,0x00000000d6e80000)
  to   space 2048K, 0% used [0x00000000d6a80000,0x00000000d6a80000,0x00000000d6c80000)
 ParOldGen       total 68608K, used 31365K [0x0000000080000000, 0x0000000084300000, 0x00000000d5580000)
  object space 68608K, 45% used [0x0000000080000000,0x0000000081ea17c0,0x0000000084300000)
 Metaspace       used 60417K, committed 61696K, reserved 1114112K
  class space    used 6642K, committed 7168K, reserved 1048576K
}
Event: 10.947 GC heap after
{Heap after GC invocations=32 (full 3):
 PSYoungGen      total 23040K, used 1120K [0x00000000d5580000, 0x00000000d6d80000, 0x0000000100000000)
  eden space 21504K, 0% used [0x00000000d5580000,0x00000000d5580000,0x00000000d6a80000)
  from space 1536K, 72% used [0x00000000d6a80000,0x00000000d6b98030,0x00000000d6c00000)
  to   space 1536K, 0% used [0x00000000d6c00000,0x00000000d6c00000,0x00000000d6d80000)
 ParOldGen       total 68608K, used 32215K [0x0000000080000000, 0x0000000084300000, 0x00000000d5580000)
  object space 68608K, 46% used [0x0000000080000000,0x0000000081f75e68,0x0000000084300000)
 Metaspace       used 60417K, committed 61696K, reserved 1114112K
  class space    used 6642K, committed 7168K, reserved 1048576K
}
Event: 10.994 GC heap before
{Heap before GC invocations=33 (full 3):
 PSYoungGen      total 23040K, used 22624K [0x00000000d5580000, 0x00000000d6d80000, 0x0000000100000000)
  eden space 21504K, 100% used [0x00000000d5580000,0x00000000d6a80000,0x00000000d6a80000)
  from space 1536K, 72% used [0x00000000d6a80000,0x00000000d6b98030,0x00000000d6c00000)
  to   space 1536K, 0% used [0x00000000d6c00000,0x00000000d6c00000,0x00000000d6d80000)
 ParOldGen       total 68608K, used 32215K [0x0000000080000000, 0x0000000084300000, 0x00000000d5580000)
  object space 68608K, 46% used [0x0000000080000000,0x0000000081f75e68,0x0000000084300000)
 Metaspace       used 61671K, committed 62976K, reserved 1114112K
  class space    used 6755K, committed 7296K, reserved 1048576K
}
Event: 10.996 GC heap after
{Heap after GC invocations=33 (full 3):
 PSYoungGen      total 20992K, used 1504K [0x00000000d5580000, 0x00000000d7180000, 0x0000000100000000)
  eden space 19456K, 0% used [0x00000000d5580000,0x00000000d5580000,0x00000000d6880000)
  from space 1536K, 97% used [0x00000000d6c00000,0x00000000d6d78010,0x00000000d6d80000)
  to   space 3584K, 0% used [0x00000000d6880000,0x00000000d6880000,0x00000000d6c00000)
 ParOldGen       total 68608K, used 33696K [0x0000000080000000, 0x0000000084300000, 0x00000000d5580000)
  object space 68608K, 49% used [0x0000000080000000,0x00000000820e8288,0x0000000084300000)
 Metaspace       used 61671K, committed 62976K, reserved 1114112K
  class space    used 6755K, committed 7296K, reserved 1048576K
}

Dll operation events (14 events):
Event: 0.010 Loaded shared library c:\Users\vince\.vscode\extensions\redhat.java-1.52.0-win32-x64\jre\21.0.9-win32-x86_64\bin\java.dll
Event: 0.054 Loaded shared library c:\Users\vince\.vscode\extensions\redhat.java-1.52.0-win32-x64\jre\21.0.9-win32-x86_64\bin\zip.dll
Event: 0.065 Loaded shared library C:\Users\vince\.vscode\extensions\redhat.java-1.52.0-win32-x64\jre\21.0.9-win32-x86_64\bin\instrument.dll
Event: 0.069 Loaded shared library C:\Users\vince\.vscode\extensions\redhat.java-1.52.0-win32-x64\jre\21.0.9-win32-x86_64\bin\net.dll
Event: 0.070 Loaded shared library C:\Users\vince\.vscode\extensions\redhat.java-1.52.0-win32-x64\jre\21.0.9-win32-x86_64\bin\nio.dll
Event: 0.072 Loaded shared library C:\Users\vince\.vscode\extensions\redhat.java-1.52.0-win32-x64\jre\21.0.9-win32-x86_64\bin\zip.dll
Event: 0.084 Loaded shared library C:\Users\vince\.vscode\extensions\redhat.java-1.52.0-win32-x64\jre\21.0.9-win32-x86_64\bin\jimage.dll
Event: 0.147 Loaded shared library c:\Users\vince\.vscode\extensions\redhat.java-1.52.0-win32-x64\jre\21.0.9-win32-x86_64\bin\verify.dll
Event: 0.915 Loaded shared library C:\Users\vince\AppData\Roaming\Code\User\globalStorage\redhat.java\1.52.0\config_win\org.eclipse.equinox.launcher\org.eclipse.equinox.launcher.win32.win32.x86_64_1.2.1500.v20260121-1430\eclipse_11919.dll
Event: 1.986 Loaded shared library C:\Users\vince\.vscode\extensions\redhat.java-1.52.0-win32-x64\jre\21.0.9-win32-x86_64\bin\management.dll
Event: 1.988 Loaded shared library C:\Users\vince\.vscode\extensions\redhat.java-1.52.0-win32-x64\jre\21.0.9-win32-x86_64\bin\management_ext.dll
Event: 2.940 Loaded shared library C:\Users\vince\AppData\Local\Temp\jna-112212413\jna9038853963183534944.dll
Event: 3.242 Loaded shared library C:\Users\vince\.vscode\extensions\redhat.java-1.52.0-win32-x64\jre\21.0.9-win32-x86_64\bin\sunmscapi.dll
Event: 3.349 Loaded shared library C:\Users\vince\.vscode\extensions\redhat.java-1.52.0-win32-x64\jre\21.0.9-win32-x86_64\bin\extnet.dll

Deoptimization events (20 events):
Event: 10.926 Thread 0x000002036fff2750 DEOPT PACKING pc=0x0000020313cc4f33 sp=0x00000036111fafe0
Event: 10.926 Thread 0x000002036fff2750 DEOPT UNPACKING pc=0x000002031a8e4242 sp=0x00000036111fa510 mode 0
Event: 10.928 Thread 0x000002036fff2750 DEOPT PACKING pc=0x0000020313cc4f33 sp=0x00000036111fafe0
Event: 10.928 Thread 0x000002036fff2750 DEOPT UNPACKING pc=0x000002031a8e4242 sp=0x00000036111fa510 mode 0
Event: 10.929 Thread 0x000002036fff2750 DEOPT PACKING pc=0x0000020313cc4f33 sp=0x00000036111fafe0
Event: 10.929 Thread 0x000002036fff2750 DEOPT UNPACKING pc=0x000002031a8e4242 sp=0x00000036111fa510 mode 0
Event: 10.930 Thread 0x000002036fff2750 DEOPT PACKING pc=0x0000020313cc4f33 sp=0x00000036111fafe0
Event: 10.930 Thread 0x000002036fff2750 DEOPT UNPACKING pc=0x000002031a8e4242 sp=0x00000036111fa510 mode 0
Event: 10.933 Thread 0x000002036fff2750 DEOPT PACKING pc=0x0000020313cc4f33 sp=0x00000036111fafe0
Event: 10.933 Thread 0x000002036fff2750 DEOPT UNPACKING pc=0x000002031a8e4242 sp=0x00000036111fa510 mode 0
Event: 10.984 Thread 0x000002037309fb80 Uncommon trap: trap_request=0xffffffc6 fr.pc=0x000002031b45bedc relative=0x000000000000019c
Event: 10.984 Thread 0x000002037309fb80 Uncommon trap: reason=bimorphic_or_optimized_type_check action=maybe_recompile pc=0x000002031b45bedc method=java.util.stream.AbstractPipeline.exactOutputSizeIfKnown(Ljava/util/Spliterator;)J @ 16 c2
Event: 10.984 Thread 0x000002037309fb80 DEOPT PACKING pc=0x000002031b45bedc sp=0x0000003612dfd420
Event: 10.984 Thread 0x000002037309fb80 DEOPT UNPACKING pc=0x000002031a8e3aa2 sp=0x0000003612dfd3a0 mode 2
Event: 10.990 Thread 0x000002036fff2750 Uncommon trap: trap_request=0xffffffc6 fr.pc=0x000002031b45bedc relative=0x000000000000019c
Event: 10.990 Thread 0x000002036fff2750 Uncommon trap: reason=bimorphic_or_optimized_type_check action=maybe_recompile pc=0x000002031b45bedc method=java.util.stream.AbstractPipeline.exactOutputSizeIfKnown(Ljava/util/Spliterator;)J @ 16 c2
Event: 10.990 Thread 0x000002036fff2750 DEOPT PACKING pc=0x000002031b45bedc sp=0x00000036111fed00
Event: 10.990 Thread 0x000002036fff2750 DEOPT UNPACKING pc=0x000002031a8e3aa2 sp=0x00000036111fec80 mode 2
Event: 11.939 Thread 0x000002036fff0680 Uncommon trap: trap_request=0xffffffc6 fr.pc=0x000002031b45bedc relative=0x000000000000019c
Event: 12.013 Thread 0x000002036fff0680 Uncommon trap: reason=bimorphic_or_optimized_type_check action=maybe_recompile pc=0x000002031b45bedc method=java.util.stream.AbstractPipeline.exactOutputSizeIfKnown(Ljava/util/Spliterator;)J @ 16 c2

Classes loaded (20 events):
Event: 10.872 Loading class sun/nio/ch/FileChannelImpl$DefaultUnmapper
Event: 10.872 Loading class sun/nio/ch/FileChannelImpl$Unmapper
Event: 10.872 Loading class jdk/internal/access/foreign/UnmapperProxy
Event: 10.872 Loading class jdk/internal/access/foreign/UnmapperProxy done
Event: 10.872 Loading class sun/nio/ch/FileChannelImpl$Unmapper done
Event: 10.872 Loading class sun/nio/ch/FileChannelImpl$DefaultUnmapper done
Event: 10.872 Loading class sun/nio/ch/Util$4
Event: 10.872 Loading class sun/nio/ch/Util$4 done
Event: 10.875 Loading class java/nio/file/ClosedDirectoryStreamException
Event: 10.875 Loading class java/nio/file/ClosedDirectoryStreamException done
Event: 10.876 Loading class jdk/internal/jrtfs/JrtFileSystem
Event: 10.876 Loading class jdk/internal/jrtfs/JrtFileSystem done
Event: 10.876 Loading class jdk/internal/jrtfs/JrtPath
Event: 10.876 Loading class jdk/internal/jrtfs/JrtPath done
Event: 10.876 Loading class jdk/internal/jimage/ImageReader$Node
Event: 10.876 Loading class jdk/internal/jimage/ImageReader$Node done
Event: 10.879 Loading class java/nio/ByteBufferAsIntBufferL
Event: 10.879 Loading class java/nio/ByteBufferAsIntBufferL done
Event: 10.883 Loading class jdk/internal/jimage/ImageReader$Directory
Event: 10.883 Loading class jdk/internal/jimage/ImageReader$Directory done

Classes unloaded (11 events):
Event: 2.384 Thread 0x00000203102e29a0 Unloading class 0x00000203281a9400 'java/lang/invoke/LambdaForm$MH+0x00000203281a9400'
Event: 2.384 Thread 0x00000203102e29a0 Unloading class 0x00000203281a9000 'java/lang/invoke/LambdaForm$MH+0x00000203281a9000'
Event: 2.384 Thread 0x00000203102e29a0 Unloading class 0x00000203281a8c00 'java/lang/invoke/LambdaForm$MH+0x00000203281a8c00'
Event: 2.384 Thread 0x00000203102e29a0 Unloading class 0x00000203281a8800 'java/lang/invoke/LambdaForm$MH+0x00000203281a8800'
Event: 2.384 Thread 0x00000203102e29a0 Unloading class 0x00000203281a8400 'java/lang/invoke/LambdaForm$BMH+0x00000203281a8400'
Event: 2.384 Thread 0x00000203102e29a0 Unloading class 0x00000203281a8000 'java/lang/invoke/LambdaForm$DMH+0x00000203281a8000'
Event: 2.384 Thread 0x00000203102e29a0 Unloading class 0x00000203281a6c00 'java/lang/invoke/LambdaForm$DMH+0x00000203281a6c00'
Event: 10.744 Thread 0x00000203102e29a0 Unloading class 0x000002032863d800 'java/lang/invoke/LambdaForm$DMH+0x000002032863d800'
Event: 10.744 Thread 0x00000203102e29a0 Unloading class 0x000002032863d400 'java/lang/invoke/LambdaForm$DMH+0x000002032863d400'
Event: 10.744 Thread 0x00000203102e29a0 Unloading class 0x000002032863d000 'java/lang/invoke/LambdaForm$DMH+0x000002032863d000'
Event: 10.744 Thread 0x00000203102e29a0 Unloading class 0x000002032863cc00 'java/lang/invoke/LambdaForm$DMH+0x000002032863cc00'

Classes redefined (0 events):
No events

Internal exceptions (20 events):
Event: 9.233 Thread 0x000002037309fb80 Exception <a 'java/lang/NoSuchMethodError'{0x00000000d6a521c8}: static [Lorg/eclipse/jdt/core/IAccessRule;.<clinit>()V> (0x00000000d6a521c8) 
thrown [s\src\hotspot\share\prims\jni.cpp, line 1111]
Event: 9.233 Thread 0x000002037309fb80 Exception <a 'java/lang/NoSuchMethodError'{0x00000000d6a53020}: static [Lorg/eclipse/jdt/core/IClasspathAttribute;.<clinit>()V> (0x00000000d6a53020) 
thrown [s\src\hotspot\share\prims\jni.cpp, line 1111]
Event: 9.280 Thread 0x000002037309fb80 Exception <a 'java/io/FileNotFoundException'{0x00000000d59b9b50}> (0x00000000d59b9b50) 
thrown [s\src\hotspot\share\prims\jni.cpp, line 520]
Event: 9.281 Thread 0x000002037309fb80 Exception <a 'java/io/FileNotFoundException'{0x00000000d59baee0}> (0x00000000d59baee0) 
thrown [s\src\hotspot\share\prims\jni.cpp, line 520]
Event: 9.281 Thread 0x000002037309fb80 Exception <a 'java/io/FileNotFoundException'{0x00000000d59bc2a8}> (0x00000000d59bc2a8) 
thrown [s\src\hotspot\share\prims\jni.cpp, line 520]
Event: 9.318 Thread 0x000002037309fb80 Exception <a 'sun/nio/fs/WindowsException'{0x00000000d5ca6598}> (0x00000000d5ca6598) 
thrown [s\src\hotspot\share\prims\jni.cpp, line 520]
Event: 9.337 Thread 0x000002037309fb80 Exception <a 'sun/nio/fs/WindowsException'{0x00000000d5d3c548}> (0x00000000d5d3c548) 
thrown [s\src\hotspot\share\prims\jni.cpp, line 520]
Event: 10.365 Thread 0x0000020371a21290 Exception <a 'sun/nio/fs/WindowsException'{0x00000000d5feacd0}> (0x00000000d5feacd0) 
thrown [s\src\hotspot\share\prims\jni.cpp, line 520]
Event: 10.370 Thread 0x0000020371a21290 Exception <a 'java/io/FileNotFoundException'{0x00000000d6251858}> (0x00000000d6251858) 
thrown [s\src\hotspot\share\prims\jni.cpp, line 520]
Event: 10.372 Thread 0x0000020371a21290 Exception <a 'sun/nio/fs/WindowsException'{0x00000000d62d2c10}> (0x00000000d62d2c10) 
thrown [s\src\hotspot\share\prims\jni.cpp, line 520]
Event: 10.373 Thread 0x0000020371a21290 Exception <a 'sun/nio/fs/WindowsException'{0x00000000d62f55c8}> (0x00000000d62f55c8) 
thrown [s\src\hotspot\share\prims\jni.cpp, line 520]
Event: 10.415 Thread 0x000002037309fb80 Exception <a 'sun/nio/fs/WindowsException'{0x00000000d55fda28}> (0x00000000d55fda28) 
thrown [s\src\hotspot\share\prims\jni.cpp, line 520]
Event: 10.467 Thread 0x000002036fff2750 Exception <a 'java/lang/NoSuchMethodError'{0x00000000d5c1b418}: 'java.lang.Object java.lang.invoke.DirectMethodHandle$Holder.invokeVirtual(java.lang.Object, java.lang.Object, int)'> (0x00000000d5c1b418) 
thrown [s\src\hotspot\share\interpreter\linkResolver.cpp, line 773]
Event: 10.690 Thread 0x000002037309fb80 Exception <a 'sun/nio/fs/WindowsException'{0x00000000d55c5dc0}> (0x00000000d55c5dc0) 
thrown [s\src\hotspot\share\prims\jni.cpp, line 520]
Event: 10.691 Thread 0x000002037309fb80 Exception <a 'java/io/FileNotFoundException'{0x00000000d59a5b10}> (0x00000000d59a5b10) 
thrown [s\src\hotspot\share\prims\jni.cpp, line 520]
Event: 10.691 Thread 0x000002037309fb80 Exception <a 'java/io/FileNotFoundException'{0x00000000d59a6f10}> (0x00000000d59a6f10) 
thrown [s\src\hotspot\share\prims\jni.cpp, line 520]
Event: 10.842 Thread 0x000002037309fb80 Exception <a 'java/lang/ClassNotFoundException'{0x00000000d5b05f48}: com/sun/org/apache/xerces/internal/impl/msg/spi/DOMMessagesProvider> (0x00000000d5b05f48) 
thrown [s\src\hotspot\share\classfile\systemDictionary.cpp, line 312]
Event: 10.844 Thread 0x000002037309fb80 Exception <a 'java/lang/ClassNotFoundException'{0x00000000d5d5fcd8}: com/sun/org/apache/xerces/internal/impl/msg/spi/XMLSerializerMessagesProvider> (0x00000000d5d5fcd8) 
thrown [s\src\hotspot\share\classfile\systemDictionary.cpp, line 312]
Event: 10.845 Thread 0x000002037309fb80 Exception <a 'java/lang/ClassNotFoundException'{0x00000000d5da11b0}: com/sun/org/apache/xerces/internal/impl/msg/spi/XMLMessagesProvider> (0x00000000d5da11b0) 
thrown [s\src\hotspot\share\classfile\systemDictionary.cpp, line 312]
Event: 10.873 Thread 0x000002037309fb80 Exception <a 'java/lang/NoSuchMethodError'{0x00000000d62da580}: 'java.lang.Object java.lang.invoke.DelegatingMethodHandle$Holder.reinvoke_L(java.lang.Object, int, long, java.lang.Object, java.lang.Object, int, java.lang.Object)'> (0x00000000d62da580) 
thrown [s\src\hotspot\share\interpreter\linkResolver.cpp, line 773]

ZGC Phase Switch (0 events):
No events

VM Operations (20 events):
Event: 10.860 Executing VM operation: HandshakeAllThreads (Deoptimize) done
Event: 10.866 Executing VM operation: HandshakeAllThreads (Deoptimize)
Event: 10.866 Executing VM operation: HandshakeAllThreads (Deoptimize) done
Event: 10.867 Executing VM operation: HandshakeAllThreads (Deoptimize)
Event: 10.867 Executing VM operation: HandshakeAllThreads (Deoptimize) done
Event: 10.880 Executing VM operation: HandshakeAllThreads (Deoptimize)
Event: 10.881 Executing VM operation: HandshakeAllThreads (Deoptimize) done
Event: 10.881 Executing VM operation: HandshakeAllThreads (Deoptimize)
Event: 10.881 Executing VM operation: HandshakeAllThreads (Deoptimize) done
Event: 10.893 Executing VM operation: ParallelGCFailedAllocation (Allocation Failure)
Event: 10.894 Executing VM operation: ParallelGCFailedAllocation (Allocation Failure) done
Event: 10.901 Executing VM operation: HandshakeAllThreads (Deoptimize)
Event: 10.901 Executing VM operation: HandshakeAllThreads (Deoptimize) done
Event: 10.923 Executing VM operation: ParallelGCFailedAllocation (Allocation Failure)
Event: 10.925 Executing VM operation: ParallelGCFailedAllocation (Allocation Failure) done
Event: 10.946 Executing VM operation: ParallelGCFailedAllocation (Allocation Failure)
Event: 10.947 Executing VM operation: ParallelGCFailedAllocation (Allocation Failure) done
Event: 10.994 Executing VM operation: ParallelGCFailedAllocation (Allocation Failure)
Event: 10.996 Executing VM operation: ParallelGCFailedAllocation (Allocation Failure) done
Event: 11.997 Executing VM operation: Cleanup

Memory protections (0 events):
No events

Nmethod flushes (20 events):
Event: 10.756 Thread 0x00000203102e29a0 flushing  nmethod 0x0000020313d62f90
Event: 10.756 Thread 0x00000203102e29a0 flushing  nmethod 0x0000020313d64890
Event: 10.756 Thread 0x00000203102e29a0 flushing  nmethod 0x0000020313d64f90
Event: 10.756 Thread 0x00000203102e29a0 flushing  nmethod 0x0000020313d65590
Event: 10.756 Thread 0x00000203102e29a0 flushing  nmethod 0x0000020313d66490
Event: 10.756 Thread 0x00000203102e29a0 flushing  nmethod 0x0000020313d66d10
Event: 10.756 Thread 0x00000203102e29a0 flushing  nmethod 0x0000020313d67090
Event: 10.756 Thread 0x00000203102e29a0 flushing  nmethod 0x0000020313d69410
Event: 10.756 Thread 0x00000203102e29a0 flushing  nmethod 0x0000020313d8f710
Event: 10.756 Thread 0x00000203102e29a0 flushing  nmethod 0x0000020313da2290
Event: 10.756 Thread 0x00000203102e29a0 flushing  nmethod 0x0000020313dab810
Event: 10.756 Thread 0x00000203102e29a0 flushing  nmethod 0x0000020313db7d10
Event: 10.756 Thread 0x00000203102e29a0 flushing  nmethod 0x0000020313dbfb10
Event: 10.756 Thread 0x00000203102e29a0 flushing  nmethod 0x0000020313e25910
Event: 10.756 Thread 0x00000203102e29a0 flushing  nmethod 0x0000020313e31410
Event: 10.756 Thread 0x00000203102e29a0 flushing  nmethod 0x0000020313e36190
Event: 10.756 Thread 0x00000203102e29a0 flushing  nmethod 0x0000020313e3b190
Event: 10.756 Thread 0x00000203102e29a0 flushing  nmethod 0x0000020313e42010
Event: 10.756 Thread 0x00000203102e29a0 flushing  nmethod 0x0000020313e64e10
Event: 10.756 Thread 0x00000203102e29a0 flushing  nmethod 0x0000020313e70290

Events (20 events):
Event: 9.175 Thread 0x0000020371d84740 Thread exited: 0x0000020371d84740
Event: 9.175 Thread 0x0000020371d83390 Thread exited: 0x0000020371d83390
Event: 9.175 Thread 0x0000020371d83a20 Thread exited: 0x0000020371d83a20
Event: 9.175 Thread 0x0000020371d840b0 Thread exited: 0x0000020371d840b0
Event: 9.175 Thread 0x0000020371d82d00 Thread exited: 0x0000020371d82d00
Event: 9.346 Thread 0x000002037309fb80 Thread added: 0x0000020371d84dd0
Event: 9.346 Thread 0x000002037309fb80 Thread added: 0x0000020371d81fe0
Event: 9.346 Thread 0x000002037309fb80 Thread added: 0x0000020371d82670
Event: 9.346 Thread 0x000002037309fb80 Thread added: 0x0000020371d82d00
Event: 9.346 Thread 0x000002037309fb80 Thread added: 0x0000020371d83390
Event: 10.363 Thread 0x000002037382ea10 Thread exited: 0x000002037382ea10
Event: 10.367 Thread 0x00000203693415e0 Thread added: 0x000002037382ced0
Event: 10.380 Thread 0x0000020371d82670 Thread exited: 0x0000020371d82670
Event: 10.380 Thread 0x0000020371d81fe0 Thread exited: 0x0000020371d81fe0
Event: 10.380 Thread 0x0000020371d83390 Thread exited: 0x0000020371d83390
Event: 10.380 Thread 0x0000020371d84dd0 Thread exited: 0x0000020371d84dd0
Event: 10.380 Thread 0x0000020371d82d00 Thread exited: 0x0000020371d82d00
Event: 10.586 Thread 0x000002037382ced0 Thread exited: 0x000002037382ced0
Event: 10.712 Thread 0x0000020369173040 Thread added: 0x000002037382e340
Event: 10.892 Thread 0x0000020369173040 Thread added: 0x000002037382c800


Dynamic libraries:
0x00007ff6054e0000 - 0x00007ff6054ee000 	c:\Users\vince\.vscode\extensions\redhat.java-1.52.0-win32-x64\jre\21.0.9-win32-x86_64\bin\java.exe
0x00007ffe4eda0000 - 0x00007ffe4f008000 	C:\WINDOWS\SYSTEM32\ntdll.dll
0x00007ffe4e090000 - 0x00007ffe4e159000 	C:\WINDOWS\System32\KERNEL32.DLL
0x00007ffe4c100000 - 0x00007ffe4c4f1000 	C:\WINDOWS\System32\KERNELBASE.dll
0x00007ffe4c660000 - 0x00007ffe4c7ab000 	C:\WINDOWS\System32\ucrtbase.dll
0x00007ffe42e70000 - 0x00007ffe42e8e000 	c:\Users\vince\.vscode\extensions\redhat.java-1.52.0-win32-x64\jre\21.0.9-win32-x86_64\bin\VCRUNTIME140.dll
0x00007ffe43d60000 - 0x00007ffe43d78000 	c:\Users\vince\.vscode\extensions\redhat.java-1.52.0-win32-x64\jre\21.0.9-win32-x86_64\bin\jli.dll
0x00007ffe4e490000 - 0x00007ffe4e656000 	C:\WINDOWS\System32\USER32.dll
0x00007ffe4c7b0000 - 0x00007ffe4c7d7000 	C:\WINDOWS\System32\win32u.dll
0x00007ffe33d60000 - 0x00007ffe33ff3000 	C:\WINDOWS\WinSxS\amd64_microsoft.windows.common-controls_6595b64144ccf1df_6.0.26100.7705_none_3e06597ae3363b04\COMCTL32.dll
0x00007ffe4e170000 - 0x00007ffe4e19b000 	C:\WINDOWS\System32\GDI32.dll
0x00007ffe4ca10000 - 0x00007ffe4cb3b000 	C:\WINDOWS\System32\gdi32full.dll
0x00007ffe4d1b0000 - 0x00007ffe4d259000 	C:\WINDOWS\System32\msvcrt.dll
0x00007ffe4c500000 - 0x00007ffe4c5a3000 	C:\WINDOWS\System32\msvcp_win.dll
0x00007ffe4d710000 - 0x00007ffe4d741000 	C:\WINDOWS\System32\IMM32.DLL
0x00007ffe46980000 - 0x00007ffe4698c000 	c:\Users\vince\.vscode\extensions\redhat.java-1.52.0-win32-x64\jre\21.0.9-win32-x86_64\bin\vcruntime140_1.dll
0x00007ffe2c080000 - 0x00007ffe2c10d000 	c:\Users\vince\.vscode\extensions\redhat.java-1.52.0-win32-x64\jre\21.0.9-win32-x86_64\bin\msvcp140.dll
0x00007ffd97110000 - 0x00007ffd97eb0000 	c:\Users\vince\.vscode\extensions\redhat.java-1.52.0-win32-x64\jre\21.0.9-win32-x86_64\bin\server\jvm.dll
0x00007ffe4e350000 - 0x00007ffe4e404000 	C:\WINDOWS\System32\ADVAPI32.dll
0x00007ffe4d7c0000 - 0x00007ffe4d866000 	C:\WINDOWS\System32\sechost.dll
0x00007ffe4d260000 - 0x00007ffe4d378000 	C:\WINDOWS\System32\RPCRT4.dll
0x00007ffe4e660000 - 0x00007ffe4e6d4000 	C:\WINDOWS\System32\WS2_32.dll
0x00007ffe4aee0000 - 0x00007ffe4af3e000 	C:\WINDOWS\SYSTEM32\POWRPROF.dll
0x00007ffe40fd0000 - 0x00007ffe41005000 	C:\WINDOWS\SYSTEM32\WINMM.dll
0x00007ffe439c0000 - 0x00007ffe439cb000 	C:\WINDOWS\SYSTEM32\VERSION.dll
0x00007ffe4aec0000 - 0x00007ffe4aed4000 	C:\WINDOWS\SYSTEM32\UMPDC.dll
0x00007ffe4a410000 - 0x00007ffe4a42b000 	C:\WINDOWS\SYSTEM32\kernel.appcore.dll
0x00007ffe45aa0000 - 0x00007ffe45aaa000 	c:\Users\vince\.vscode\extensions\redhat.java-1.52.0-win32-x64\jre\21.0.9-win32-x86_64\bin\jimage.dll
0x00007ffe49000000 - 0x00007ffe49242000 	C:\WINDOWS\SYSTEM32\DBGHELP.DLL
0x00007ffe4d380000 - 0x00007ffe4d706000 	C:\WINDOWS\System32\combase.dll
0x00007ffe4e210000 - 0x00007ffe4e2e7000 	C:\WINDOWS\System32\OLEAUT32.dll
0x00007ffe34000000 - 0x00007ffe3403b000 	C:\WINDOWS\SYSTEM32\dbgcore.DLL
0x00007ffe4c5b0000 - 0x00007ffe4c655000 	C:\WINDOWS\System32\bcryptPrimitives.dll
0x00007ffe44820000 - 0x00007ffe4482f000 	c:\Users\vince\.vscode\extensions\redhat.java-1.52.0-win32-x64\jre\21.0.9-win32-x86_64\bin\instrument.dll
0x00007ffe42d60000 - 0x00007ffe42d80000 	c:\Users\vince\.vscode\extensions\redhat.java-1.52.0-win32-x64\jre\21.0.9-win32-x86_64\bin\java.dll
0x00007ffe4d930000 - 0x00007ffe4e081000 	C:\WINDOWS\System32\SHELL32.dll
0x00007ffe4c8a0000 - 0x00007ffe4ca0a000 	C:\WINDOWS\System32\wintypes.dll
0x00007ffe4b890000 - 0x00007ffe4c0f2000 	C:\WINDOWS\System32\windows.storage.dll
0x00007ffe4ea30000 - 0x00007ffe4eb26000 	C:\WINDOWS\System32\SHCORE.dll
0x00007ffe4d750000 - 0x00007ffe4d7b7000 	C:\WINDOWS\System32\shlwapi.dll
0x00007ffe4b5a0000 - 0x00007ffe4b5c9000 	C:\WINDOWS\SYSTEM32\profapi.dll
0x00007ffe42ce0000 - 0x00007ffe42cf8000 	c:\Users\vince\.vscode\extensions\redhat.java-1.52.0-win32-x64\jre\21.0.9-win32-x86_64\bin\zip.dll
0x00007ffe430e0000 - 0x00007ffe430f0000 	C:\Users\vince\.vscode\extensions\redhat.java-1.52.0-win32-x64\jre\21.0.9-win32-x86_64\bin\net.dll
0x00007ffe45cf0000 - 0x00007ffe45e17000 	C:\WINDOWS\SYSTEM32\WINHTTP.dll
0x00007ffe4a9a0000 - 0x00007ffe4aa0b000 	C:\WINDOWS\system32\mswsock.dll
0x00007ffe425a0000 - 0x00007ffe425b6000 	C:\Users\vince\.vscode\extensions\redhat.java-1.52.0-win32-x64\jre\21.0.9-win32-x86_64\bin\nio.dll
0x00007ffe42590000 - 0x00007ffe425a0000 	c:\Users\vince\.vscode\extensions\redhat.java-1.52.0-win32-x64\jre\21.0.9-win32-x86_64\bin\verify.dll
0x00007ffe0bf50000 - 0x00007ffe0bf95000 	C:\Users\vince\AppData\Roaming\Code\User\globalStorage\redhat.java\1.52.0\config_win\org.eclipse.equinox.launcher\org.eclipse.equinox.launcher.win32.win32.x86_64_1.2.1500.v20260121-1430\eclipse_11919.dll
0x00007ffe4ebb0000 - 0x00007ffe4ed47000 	C:\WINDOWS\System32\ole32.dll
0x00007ffe42360000 - 0x00007ffe4236a000 	C:\Users\vince\.vscode\extensions\redhat.java-1.52.0-win32-x64\jre\21.0.9-win32-x86_64\bin\management.dll
0x00007ffe42350000 - 0x00007ffe4235c000 	C:\Users\vince\.vscode\extensions\redhat.java-1.52.0-win32-x64\jre\21.0.9-win32-x86_64\bin\management_ext.dll
0x00007ffe4ed50000 - 0x00007ffe4ed58000 	C:\WINDOWS\System32\PSAPI.DLL
0x00007ffe4ac60000 - 0x00007ffe4ac7b000 	C:\WINDOWS\SYSTEM32\CRYPTSP.dll
0x00007ffe4a370000 - 0x00007ffe4a3a9000 	C:\WINDOWS\system32\rsaenh.dll
0x00007ffe4aa50000 - 0x00007ffe4aa7b000 	C:\WINDOWS\SYSTEM32\USERENV.dll
0x00007ffe4b570000 - 0x00007ffe4b59a000 	C:\WINDOWS\SYSTEM32\bcrypt.dll
0x00007ffe4ac80000 - 0x00007ffe4ac8c000 	C:\WINDOWS\SYSTEM32\CRYPTBASE.dll
0x00007ffe49e00000 - 0x00007ffe49e34000 	C:\WINDOWS\SYSTEM32\IPHLPAPI.DLL
0x00007ffe4e160000 - 0x00007ffe4e16a000 	C:\WINDOWS\System32\NSI.dll
0x00007ffe0b900000 - 0x00007ffe0b949000 	C:\Users\vince\AppData\Local\Temp\jna-112212413\jna9038853963183534944.dll
0x00007ffe45f90000 - 0x00007ffe45fae000 	C:\WINDOWS\SYSTEM32\dhcpcsvc6.DLL
0x00007ffe45eb0000 - 0x00007ffe45ed3000 	C:\WINDOWS\SYSTEM32\dhcpcsvc.DLL
0x00007ffe42340000 - 0x00007ffe4234e000 	C:\Users\vince\.vscode\extensions\redhat.java-1.52.0-win32-x64\jre\21.0.9-win32-x86_64\bin\sunmscapi.dll
0x00007ffe4b680000 - 0x00007ffe4b7f7000 	C:\WINDOWS\System32\CRYPT32.dll
0x00007ffe4afa0000 - 0x00007ffe4afd0000 	C:\WINDOWS\SYSTEM32\ncrypt.dll
0x00007ffe4af50000 - 0x00007ffe4af8f000 	C:\WINDOWS\SYSTEM32\NTASN1.dll
0x00007ffe49ef0000 - 0x00007ffe4a01c000 	C:\WINDOWS\SYSTEM32\DNSAPI.dll
0x00007ffe45130000 - 0x00007ffe4513b000 	C:\Windows\System32\rasadhlp.dll
0x00007ffe460a0000 - 0x00007ffe46126000 	C:\WINDOWS\System32\fwpuclnt.dll
0x00007ffe3f510000 - 0x00007ffe3f519000 	C:\Users\vince\.vscode\extensions\redhat.java-1.52.0-win32-x64\jre\21.0.9-win32-x86_64\bin\extnet.dll

JVMTI agents:
c:\Users\vince\.vscode\extensions\redhat.java-1.52.0-win32-x64\lombok\lombok-1.18.39-4050.jar path:c:\Users\vince\.vscode\extensions\redhat.java-1.52.0-win32-x64\jre\21.0.9-win32-x86_64\bin\instrument.dll, loaded, initialized, instrumentlib options:none

dbghelp: loaded successfully - version: 4.0.5 - missing functions: none
symbol engine: initialized successfully - sym options: 0x614 - pdb path: .;c:\Users\vince\.vscode\extensions\redhat.java-1.52.0-win32-x64\jre\21.0.9-win32-x86_64\bin;C:\WINDOWS\SYSTEM32;C:\WINDOWS\WinSxS\amd64_microsoft.windows.common-controls_6595b64144ccf1df_6.0.26100.7705_none_3e06597ae3363b04;c:\Users\vince\.vscode\extensions\redhat.java-1.52.0-win32-x64\jre\21.0.9-win32-x86_64\bin\server;C:\Users\vince\AppData\Roaming\Code\User\globalStorage\redhat.java\1.52.0\config_win\org.eclipse.equinox.launcher\org.eclipse.equinox.launcher.win32.win32.x86_64_1.2.1500.v20260121-1430;C:\Users\vince\AppData\Local\Temp\jna-112212413

VM Arguments:
jvm_args: --add-modules=ALL-SYSTEM --add-opens=java.base/java.util=ALL-UNNAMED --add-opens=java.base/java.lang=ALL-UNNAMED --add-opens=java.base/sun.nio.fs=ALL-UNNAMED -Declipse.application=org.eclipse.jdt.ls.core.id1 -Dosgi.bundles.defaultStartLevel=4 -Declipse.product=org.eclipse.jdt.ls.core.product -Djava.import.generatesMetadataFilesAtProjectRoot=false -DDetectVMInstallationsJob.disabled=true -Dfile.encoding=utf8 -XX:+UseParallelGC -XX:GCTimeRatio=4 -XX:AdaptiveSizePolicyWeight=90 -Dsun.zip.disableMemoryMapping=true -Xmx2G -Xms100m -Xlog:disable -javaagent:c:\Users\vince\.vscode\extensions\redhat.java-1.52.0-win32-x64\lombok\lombok-1.18.39-4050.jar -XX:+HeapDumpOnOutOfMemoryError -XX:HeapDumpPath=c:\Users\vince\AppData\Roaming\Code\User\workspaceStorage\77af15548cbb9c7536d3998b667843c5\redhat.java -Daether.dependencyCollector.impl=bf 
java_command: c:\Users\vince\.vscode\extensions\redhat.java-1.52.0-win32-x64\server\plugins\org.eclipse.equinox.launcher_1.7.100.v20251111-0406.jar -configuration c:\Users\vince\AppData\Roaming\Code\User\globalStorage\redhat.java\1.52.0\config_win -data c:\Users\vince\AppData\Roaming\Code\User\workspaceStorage\77af15548cbb9c7536d3998b667843c5\redhat.java\jdt_ws --pipe=\\.\pipe\lsp-c26b8c9f8b894307dc5428ff1b597be5-sock
java_class_path (initial): c:\Users\vince\.vscode\extensions\redhat.java-1.52.0-win32-x64\server\plugins\org.eclipse.equinox.launcher_1.7.100.v20251111-0406.jar
Launcher Type: SUN_STANDARD

[Global flags]
    uintx AdaptiveSizePolicyWeight                 = 90                                        {product} {command line}
     intx CICompilerCount                          = 12                                        {product} {ergonomic}
    uintx GCTimeRatio                              = 4                                         {product} {command line}
     bool HeapDumpOnOutOfMemoryError               = true                                   {manageable} {command line}
    ccstr HeapDumpPath                             = c:\Users\vince\AppData\Roaming\Code\User\workspaceStorage\77af15548cbb9c7536d3998b667843c5\redhat.java         {manageable} {command line}
   size_t InitialHeapSize                          = 104857600                                 {product} {command line}
   size_t MaxHeapSize                              = 2147483648                                {product} {command line}
   size_t MaxNewSize                               = 715653120                                 {product} {ergonomic}
   size_t MinHeapDeltaBytes                        = 524288                                    {product} {ergonomic}
   size_t MinHeapSize                              = 104857600                                 {product} {command line}
   size_t NewSize                                  = 34603008                                  {product} {ergonomic}
    uintx NonNMethodCodeHeapSize                   = 7602480                                {pd product} {ergonomic}
    uintx NonProfiledCodeHeapSize                  = 122027880                              {pd product} {ergonomic}
   size_t OldSize                                  = 70254592                                  {product} {ergonomic}
    uintx ProfiledCodeHeapSize                     = 122027880                              {pd product} {ergonomic}
    uintx ReservedCodeCacheSize                    = 251658240                              {pd product} {ergonomic}
     bool SegmentedCodeCache                       = true                                      {product} {ergonomic}
   size_t SoftMaxHeapSize                          = 2147483648                             {manageable} {ergonomic}
     bool UseCompressedOops                        = true                           {product lp64_product} {ergonomic}
     bool UseLargePagesIndividualAllocation        = false                                  {pd product} {ergonomic}
     bool UseParallelGC                            = true                                      {product} {command line}

Logging:
Log output configuration:
 #0: stdout all=off uptime,level,tags foldmultilines=false
 #1: stderr all=off uptime,level,tags foldmultilines=false

Release file:
JAVA_VERSION="21.0.9" 
MODULES="java.base java.compiler java.datatransfer java.xml java.prefs java.desktop java.instrument java.logging java.management java.security.sasl java.naming java.rmi java.management.rmi java.net.http java.scripting java.security.jgss java.transaction.xa java.sql java.sql.rowset java.xml.crypto java.se java.smartcardio jdk.accessibility jdk.internal.jvmstat jdk.attach jdk.charsets jdk.internal.opt jdk.zipfs jdk.compiler jdk.crypto.ec jdk.crypto.cryptoki jdk.crypto.mscapi jdk.dynalink jdk.internal.ed jdk.editpad jdk.hotspot.agent jdk.httpserver jdk.internal.le jdk.internal.vm.ci jdk.internal.vm.compiler jdk.internal.vm.compiler.management jdk.jartool jdk.javadoc jdk.jcmd jdk.management jdk.management.agent jdk.jconsole jdk.jdeps jdk.jdwp.agent jdk.jdi jdk.jfr jdk.jshell jdk.jsobject jdk.jstatd jdk.localedata jdk.management.jfr jdk.naming.dns jdk.naming.rmi jdk.net jdk.nio.mapmode jdk.random jdk.sctp jdk.security.auth jdk.security.jgss jdk.unsupported jdk.unsupported.desktop jdk.xml.dom" 

Environment Variables:
PATH=C:\Python313\Scripts\;C:\Python313\;C:\Program Files\Common Files\Oracle\Java\javapath;C:\Program Files (x86)\Common Files\Oracle\Java\java8path;C:\Program Files (x86)\Common Files\Oracle\Java\javapath;C:\Windows\system32;C:\Windows;C:\Windows\System32\Wbem;C:\Windows\System32\WindowsPowerShell\v1.0\;C:\Windows\System32\OpenSSH\;C:\Program Files (x86)\NVIDIA Corporation\PhysX\Common;C:\Program Files\Git\cmd;C:\Program Files\dotnet\;C:\Program Files\NVIDIA Corporation\NVIDIA NvDLISR;C:\WINDOWS\system32;C:\WINDOWS;C:\WINDOWS\System32\Wbem;C:\WINDOWS\System32\WindowsPowerShell\v1.0\;C:\WINDOWS\System32\OpenSSH\;D:\Logiciel\AndroidStudio\flutter\bin;C:\ProgramData\chocolatey\bin;C:\Program Files\nodejs\;C:\Program Files\PuTTY\;C:\Program Files\Redis\;C:\Program Files\Docker\Docker\resources\bin;C:\Users\vince\AppData\Local\Microsoft\WindowsApps;C:\Users\vince\AppData\Local\GitHubDesktop\bin;C:\Program Files\JetBrains\IntelliJ IDEA 2023.2.4\bin;;C:\Users\vince\AppData\Local\Programs\Microsoft VS Code\bin;C:\Users\vince\.dotnet\tools;C:\Users\vince\AppData\Roaming\npm;D:\Logiciel\mongosh-2.5.7-win32-x64\bin;
USERNAME=vince
OS=Windows_NT
PROCESSOR_IDENTIFIER=Intel64 Family 6 Model 154 Stepping 3, GenuineIntel
TMP=C:\Users\vince\AppData\Local\Temp
TEMP=C:\Users\vince\AppData\Local\Temp




Periodic native trim disabled

---------------  S Y S T E M  ---------------

OS:
 Windows 11 , 64 bit Build 26100 (10.0.26100.7705)
OS uptime: 2 days 13:48 hours
Hyper-V role detected

CPU: total 16 (initial active 16) (8 cores per cpu, 2 threads per core) family 6 model 154 stepping 3 microcode 0x424, cx8, cmov, fxsr, ht, mmx, 3dnowpref, sse, sse2, sse3, ssse3, sse4.1, sse4.2, popcnt, lzcnt, tsc, tscinvbit, avx, avx2, aes, erms, clmul, bmi1, bmi2, adx, sha, fma, vzeroupper, clflush, clflushopt, clwb, hv, serialize, rdtscp, rdpid, fsrm, f16c, cet_ibt, cet_ss
Processor Information for processor 0
  Max Mhz: 2300, Current Mhz: 2300, Mhz Limit: 2300
Processor Information for processor 1
  Max Mhz: 2300, Current Mhz: 2300, Mhz Limit: 2300
Processor Information for processor 2
  Max Mhz: 2300, Current Mhz: 2300, Mhz Limit: 2300
Processor Information for processor 3
  Max Mhz: 2300, Current Mhz: 2300, Mhz Limit: 2300
Processor Information for processor 4
  Max Mhz: 2300, Current Mhz: 2300, Mhz Limit: 2300
Processor Information for processor 5
  Max Mhz: 2300, Current Mhz: 2300, Mhz Limit: 2300
Processor Information for processor 6
  Max Mhz: 2300, Current Mhz: 2300, Mhz Limit: 2300
Processor Information for processor 7
  Max Mhz: 2300, Current Mhz: 2300, Mhz Limit: 2300
Processor Information for processor 8
  Max Mhz: 2300, Current Mhz: 2300, Mhz Limit: 2300
Processor Information for processor 9
  Max Mhz: 2300, Current Mhz: 2300, Mhz Limit: 2300
Processor Information for processor 10
  Max Mhz: 2300, Current Mhz: 2300, Mhz Limit: 2300
Processor Information for processor 11
  Max Mhz: 2300, Current Mhz: 1506, Mhz Limit: 2300
Processor Information for processor 12
  Max Mhz: 2300, Current Mhz: 2300, Mhz Limit: 2300
Processor Information for processor 13
  Max Mhz: 2300, Current Mhz: 2300, Mhz Limit: 2300
Processor Information for processor 14
  Max Mhz: 2300, Current Mhz: 2300, Mhz Limit: 2300
Processor Information for processor 15
  Max Mhz: 2300, Current Mhz: 2300, Mhz Limit: 2300

Memory: 4k page, system-wide physical 16082M (670M free)
TotalPageFile size 65234M (AvailPageFile size 6M)
current process WorkingSet (physical memory assigned to process): 268M, peak: 268M
current process commit charge ("private bytes"): 391M, peak: 391M

vm_info: OpenJDK 64-Bit Server VM (21.0.9+10-LTS) for windows-amd64 JRE (21.0.9+10-LTS), built on 2025-10-21T00:00:00Z by "admin" with unknown MS VC++:1942

END.
