#
# There is insufficient memory for the Java Runtime Environment to continue.
# Native memory allocation (malloc) failed to allocate 1859056 bytes. Error detail: Chunk::new
# Possible reasons:
#   The system is out of physical RAM or swap space
#   This process is running with CompressedOops enabled, and the Java Heap may be blocking the growth of the native heap
# Possible solutions:
#   Reduce memory load on the system
#   Increase physical memory or swap space
#   Check if swap backing store is full
#   Decrease Java heap size (-Xmx/-Xms)
#   Decrease number of Java threads
#   Decrease Java thread stack sizes (-Xss)
#   Set larger code cache with -XX:ReservedCodeCacheSize=
#   JVM is running with Unscaled Compressed Oops mode in which the Java heap is
#     placed in the first 4GB address space. The Java Heap base address is the
#     maximum limit for the native heap growth. Please use -XX:HeapBaseMinAddress
#     to set the Java Heap base and to place the Java Heap above 4GB virtual address.
# This output file may be truncated or incomplete.
#
#  Out of Memory Error (arena.cpp:168), pid=39148, tid=29868
#
# JRE version: OpenJDK Runtime Environment Temurin-21.0.9+10 (21.0.9+10) (build 21.0.9+10-LTS)
# Java VM: OpenJDK 64-Bit Server VM Temurin-21.0.9+10 (21.0.9+10-LTS, mixed mode, sharing, tiered, compressed oops, compressed class ptrs, parallel gc, windows-amd64)
# No core dump will be written. Minidumps are not enabled by default on client versions of Windows
#

---------------  S U M M A R Y ------------

Command Line: --add-modules=ALL-SYSTEM --add-opens=java.base/java.util=ALL-UNNAMED --add-opens=java.base/java.lang=ALL-UNNAMED --add-opens=java.base/sun.nio.fs=ALL-UNNAMED -Declipse.application=org.eclipse.jdt.ls.core.id1 -Dosgi.bundles.defaultStartLevel=4 -Declipse.product=org.eclipse.jdt.ls.core.product -Djava.import.generatesMetadataFilesAtProjectRoot=false -DDetectVMInstallationsJob.disabled=true -Dfile.encoding=utf8 -XX:+UseParallelGC -XX:GCTimeRatio=4 -XX:AdaptiveSizePolicyWeight=90 -Dsun.zip.disableMemoryMapping=true -Xmx2G -Xms100m -Xlog:disable -javaagent:c:\Users\vince\.vscode\extensions\redhat.java-1.52.0-win32-x64\lombok\lombok-1.18.39-4050.jar -XX:+HeapDumpOnOutOfMemoryError -XX:HeapDumpPath=c:\Users\vince\AppData\Roaming\Code\User\workspaceStorage\77af15548cbb9c7536d3998b667843c5\redhat.java -Daether.dependencyCollector.impl=bf c:\Users\vince\.vscode\extensions\redhat.java-1.52.0-win32-x64\server\plugins\org.eclipse.equinox.launcher_1.7.100.v20251111-0406.jar -configuration c:\Users\vince\AppData\Roaming\Code\User\globalStorage\redhat.java\1.52.0\config_win -data c:\Users\vince\AppData\Roaming\Code\User\workspaceStorage\77af15548cbb9c7536d3998b667843c5\redhat.java\jdt_ws --pipe=\\.\pipe\lsp-09d6ef91bc9e8810d320d767d070e90c-sock

Host: 12th Gen Intel(R) Core(TM) i7-12650H, 16 cores, 15G,  Windows 11 , 64 bit Build 26100 (10.0.26100.7705)
Time: Tue Feb 17 11:10:35 2026 Paris, Madrid elapsed time: 12.724377 seconds (0d 0h 0m 12s)

---------------  T H R E A D  ---------------

Current thread (0x0000016f7aabe6d0):  JavaThread "C2 CompilerThread1" daemon [_thread_in_native, id=29868, stack(0x00000053d9200000,0x00000053d9300000) (1024K)]


Current CompileTask:
C2:12724 10049       4       org.eclipse.jdt.internal.compiler.lookup.BinaryTypeBinding::createMethod (1666 bytes)

Stack: [0x00000053d9200000,0x00000053d9300000]
Native frames: (J=compiled Java code, j=interpreted, Vv=VM code, C=native code)
V  [jvm.dll+0x6d6e29]
V  [jvm.dll+0x8b4b76]
V  [jvm.dll+0x8b712e]
V  [jvm.dll+0x8b7813]
V  [jvm.dll+0x283d86]
V  [jvm.dll+0xc66ed]
V  [jvm.dll+0xc6c31]
V  [jvm.dll+0x3be501]
V  [jvm.dll+0x1e3b52]
V  [jvm.dll+0x24c0f3]
V  [jvm.dll+0x24b580]
V  [jvm.dll+0x1cb13e]
V  [jvm.dll+0x25b29d]
V  [jvm.dll+0x25982a]
V  [jvm.dll+0x3f7ea6]
V  [jvm.dll+0x85e9ad]
V  [jvm.dll+0x6d565d]
C  [ucrtbase.dll+0x37b0]
C  [KERNEL32.DLL+0x2e8d7]
C  [ntdll.dll+0x8c40c]


---------------  P R O C E S S  ---------------

Threads class SMR info:
_java_thread_list=0x0000016f7760e8f0, length=95, elements={
0x0000016f561fb9c0, 0x0000016f5853e450, 0x0000016f58633fd0, 0x0000016f58636f10,
0x0000016f58637c90, 0x0000016f5863e020, 0x0000016f5863bb20, 0x0000016f7030cf50,
0x0000016f5864d840, 0x0000016f703d3ed0, 0x0000016f70564cc0, 0x0000016f76026fc0,
0x0000016f767f3940, 0x0000016f76868960, 0x0000016f76698f20, 0x0000016f76699950,
0x0000016f76b56e20, 0x0000016f7045b490, 0x0000016f76d70ba0, 0x0000016f76d6e440,
0x0000016f76d6fe80, 0x0000016f76d6f7f0, 0x0000016f76d6f160, 0x0000016f76d70510,
0x0000016f76d6ddb0, 0x0000016f7a1c2e40, 0x0000016f7a1c0d70, 0x0000016f7a1c2120,
0x0000016f7a1c27b0, 0x0000016f7a1c4880, 0x0000016f7a1c1400, 0x0000016f7a1c41f0,
0x0000016f7a1c34d0, 0x0000016f7a1c4f10, 0x0000016f7a1c1a90, 0x0000016f7a1c55a0,
0x0000016f7a1c6fe0, 0x0000016f7a1c3b60, 0x0000016f7a1c7d00, 0x0000016f7a1c8390,
0x0000016f7a1c5c30, 0x0000016f7a1c62c0, 0x0000016f7a1c6950, 0x0000016f7a1c7670,
0x0000016f786d7440, 0x0000016f786d8e80, 0x0000016f786d6720, 0x0000016f786d6db0,
0x0000016f786d7ad0, 0x0000016f786d8160, 0x0000016f786d9510, 0x0000016f786d6090,
0x0000016f786dc990, 0x0000016f786dc300, 0x0000016f786db5e0, 0x0000016f786d9ba0,
0x0000016f786da8c0, 0x0000016f786dd020, 0x0000016f786dbc70, 0x0000016f786dd6b0,
0x0000016f786da230, 0x0000016f786daf50, 0x0000016f76107a30, 0x0000016f761080c0,
0x0000016f76106680, 0x0000016f76106d10, 0x0000016f76108de0, 0x0000016f761073a0,
0x0000016f76108750, 0x0000016f76105960, 0x0000016f76109470, 0x0000016f76105ff0,
0x0000016f76109b00, 0x0000016f7610b540, 0x0000016f7610cf80, 0x0000016f7610bbd0,
0x0000016f7610c8f0, 0x0000016f7610a190, 0x0000016f7aabe6d0, 0x0000016f7aac08e0,
0x0000016f78ff35d0, 0x0000016f78ff3c60, 0x0000016f78ff07e0, 0x0000016f78ff28b0,
0x0000016f78ff1b90, 0x0000016f78ff2220, 0x0000016f78ff42f0, 0x0000016f78ff63c0,
0x0000016f78ff7e00, 0x0000016f78ff6a50, 0x0000016f78ff4980, 0x0000016f78ff7770,
0x0000016f78ff5d30, 0x0000016f78ff5010, 0x0000016f78ff70e0
}

Java Threads: ( => current thread )
  0x0000016f561fb9c0 JavaThread "main"                              [_thread_blocked, id=41128, stack(0x00000053d8500000,0x00000053d8600000) (1024K)]
  0x0000016f5853e450 JavaThread "Reference Handler"          daemon [_thread_blocked, id=37428, stack(0x00000053d8900000,0x00000053d8a00000) (1024K)]
  0x0000016f58633fd0 JavaThread "Finalizer"                  daemon [_thread_blocked, id=24964, stack(0x00000053d8a00000,0x00000053d8b00000) (1024K)]
  0x0000016f58636f10 JavaThread "Signal Dispatcher"          daemon [_thread_blocked, id=21232, stack(0x00000053d8b00000,0x00000053d8c00000) (1024K)]
  0x0000016f58637c90 JavaThread "Attach Listener"            daemon [_thread_blocked, id=44564, stack(0x00000053d8c00000,0x00000053d8d00000) (1024K)]
  0x0000016f5863e020 JavaThread "Service Thread"             daemon [_thread_blocked, id=9136, stack(0x00000053d8d00000,0x00000053d8e00000) (1024K)]
  0x0000016f5863bb20 JavaThread "Monitor Deflation Thread"   daemon [_thread_blocked, id=25204, stack(0x00000053d8e00000,0x00000053d8f00000) (1024K)]
  0x0000016f7030cf50 JavaThread "C2 CompilerThread0"         daemon [_thread_in_native, id=16256, stack(0x00000053d8f00000,0x00000053d9000000) (1024K)]
  0x0000016f5864d840 JavaThread "C1 CompilerThread0"         daemon [_thread_in_native, id=46972, stack(0x00000053d9000000,0x00000053d9100000) (1024K)]
  0x0000016f703d3ed0 JavaThread "C1 CompilerThread1"         daemon [_thread_in_native, id=49208, stack(0x00000053d9100000,0x00000053d9200000) (1024K)]
  0x0000016f70564cc0 JavaThread "Common-Cleaner"             daemon [_thread_blocked, id=33500, stack(0x00000053d9500000,0x00000053d9600000) (1024K)]
  0x0000016f76026fc0 JavaThread "Notification Thread"        daemon [_thread_blocked, id=33512, stack(0x00000053d9600000,0x00000053d9700000) (1024K)]
  0x0000016f767f3940 JavaThread "Active Thread: Equinox Container: a970f21a-4b67-4035-b05f-714e3d389a10"        [_thread_blocked, id=41468, stack(0x00000053d9e00000,0x00000053d9f00000) (1024K)]
  0x0000016f76868960 JavaThread "Refresh Thread: Equinox Container: a970f21a-4b67-4035-b05f-714e3d389a10" daemon [_thread_blocked, id=41988, stack(0x00000053da000000,0x00000053da100000) (1024K)]
  0x0000016f76698f20 JavaThread "Framework Event Dispatcher: Equinox Container: a970f21a-4b67-4035-b05f-714e3d389a10" daemon [_thread_blocked, id=21752, stack(0x00000053da100000,0x00000053da200000) (1024K)]
  0x0000016f76699950 JavaThread "Start Level: Equinox Container: a970f21a-4b67-4035-b05f-714e3d389a10" daemon [_thread_blocked, id=18348, stack(0x00000053da200000,0x00000053da300000) (1024K)]
  0x0000016f76b56e20 JavaThread "Bundle File Closer"         daemon [_thread_blocked, id=13696, stack(0x00000053da600000,0x00000053da700000) (1024K)]
  0x0000016f7045b490 JavaThread "SCR Component Actor"        daemon [_thread_blocked, id=23092, stack(0x00000053d9400000,0x00000053d9500000) (1024K)]
  0x0000016f76d70ba0 JavaThread "Worker-JM"                         [_thread_blocked, id=47284, stack(0x00000053da800000,0x00000053da900000) (1024K)]
  0x0000016f76d6e440 JavaThread "JNA Cleaner"                daemon [_thread_blocked, id=14116, stack(0x00000053dab00000,0x00000053dac00000) (1024K)]
  0x0000016f76d6fe80 JavaThread "Worker-0"                          [_thread_blocked, id=7472, stack(0x00000053dac00000,0x00000053dad00000) (1024K)]
  0x0000016f76d6f7f0 JavaThread "Worker-1: Building"                [_thread_blocked, id=27972, stack(0x00000053dad00000,0x00000053dae00000) (1024K)]
  0x0000016f76d6f160 JavaThread "Worker-2"                          [_thread_blocked, id=31640, stack(0x00000053dae00000,0x00000053daf00000) (1024K)]
  0x0000016f76d70510 JavaThread "Java indexing"              daemon [_thread_in_native, id=35776, stack(0x00000053daf00000,0x00000053db000000) (1024K)]
  0x0000016f76d6ddb0 JavaThread "Worker-3"                          [_thread_blocked, id=30732, stack(0x00000053db000000,0x00000053db100000) (1024K)]
  0x0000016f7a1c2e40 JavaThread "Thread-1"                   daemon [_thread_in_native, id=35936, stack(0x00000053db300000,0x00000053db400000) (1024K)]
  0x0000016f7a1c0d70 JavaThread "Thread-2"                   daemon [_thread_in_native, id=25508, stack(0x00000053db400000,0x00000053db500000) (1024K)]
  0x0000016f7a1c2120 JavaThread "Thread-3"                   daemon [_thread_in_native, id=31976, stack(0x00000053db500000,0x00000053db600000) (1024K)]
  0x0000016f7a1c27b0 JavaThread "Thread-4"                   daemon [_thread_in_native, id=35176, stack(0x00000053db600000,0x00000053db700000) (1024K)]
  0x0000016f7a1c4880 JavaThread "Thread-5"                   daemon [_thread_in_native, id=25392, stack(0x00000053db700000,0x00000053db800000) (1024K)]
  0x0000016f7a1c1400 JavaThread "Thread-6"                   daemon [_thread_in_native, id=23500, stack(0x00000053db800000,0x00000053db900000) (1024K)]
  0x0000016f7a1c41f0 JavaThread "Thread-7"                   daemon [_thread_in_native, id=26792, stack(0x00000053db900000,0x00000053dba00000) (1024K)]
  0x0000016f7a1c34d0 JavaThread "Thread-8"                   daemon [_thread_in_native, id=16180, stack(0x00000053dba00000,0x00000053dbb00000) (1024K)]
  0x0000016f7a1c4f10 JavaThread "Thread-9"                   daemon [_thread_in_native, id=49516, stack(0x00000053dbb00000,0x00000053dbc00000) (1024K)]
  0x0000016f7a1c1a90 JavaThread "Thread-10"                  daemon [_thread_in_native, id=46076, stack(0x00000053dbc00000,0x00000053dbd00000) (1024K)]
  0x0000016f7a1c55a0 JavaThread "Thread-11"                  daemon [_thread_in_native, id=48140, stack(0x00000053dbd00000,0x00000053dbe00000) (1024K)]
  0x0000016f7a1c6fe0 JavaThread "Thread-12"                  daemon [_thread_in_native, id=29280, stack(0x00000053dbe00000,0x00000053dbf00000) (1024K)]
  0x0000016f7a1c3b60 JavaThread "Thread-13"                  daemon [_thread_in_native, id=21832, stack(0x00000053dbf00000,0x00000053dc000000) (1024K)]
  0x0000016f7a1c7d00 JavaThread "Thread-14"                  daemon [_thread_in_native, id=34168, stack(0x00000053dc000000,0x00000053dc100000) (1024K)]
  0x0000016f7a1c8390 JavaThread "Thread-15"                  daemon [_thread_in_native, id=8096, stack(0x00000053dc100000,0x00000053dc200000) (1024K)]
  0x0000016f7a1c5c30 JavaThread "Thread-16"                  daemon [_thread_in_native, id=38388, stack(0x00000053dc200000,0x00000053dc300000) (1024K)]
  0x0000016f7a1c62c0 JavaThread "Thread-17"                  daemon [_thread_in_native, id=35724, stack(0x00000053dc300000,0x00000053dc400000) (1024K)]
  0x0000016f7a1c6950 JavaThread "pool-2-thread-1"                   [_thread_blocked, id=43504, stack(0x00000053dc400000,0x00000053dc500000) (1024K)]
  0x0000016f7a1c7670 JavaThread "Worker-4: Java indexing... "        [_thread_blocked, id=42620, stack(0x00000053dc500000,0x00000053dc600000) (1024K)]
  0x0000016f786d7440 JavaThread "Worker-5"                          [_thread_blocked, id=21000, stack(0x00000053dc600000,0x00000053dc700000) (1024K)]
  0x0000016f786d8e80 JavaThread "WorkspaceEventsHandler"            [_thread_blocked, id=12848, stack(0x00000053dc700000,0x00000053dc800000) (1024K)]
  0x0000016f786d6720 JavaThread "pool-1-thread-1"                   [_thread_blocked, id=46792, stack(0x00000053dc800000,0x00000053dc900000) (1024K)]
  0x0000016f786d6db0 JavaThread "LocalFile Deleter"          daemon [_thread_blocked, id=19272, stack(0x00000053dca00000,0x00000053dcb00000) (1024K)]
  0x0000016f786d7ad0 JavaThread "LocalFile Deleter"          daemon [_thread_blocked, id=32232, stack(0x00000053dcb00000,0x00000053dcc00000) (1024K)]
  0x0000016f786d8160 JavaThread "LocalFile Deleter"          daemon [_thread_blocked, id=41936, stack(0x00000053dcc00000,0x00000053dcd00000) (1024K)]
  0x0000016f786d9510 JavaThread "LocalFile Deleter"          daemon [_thread_blocked, id=50728, stack(0x00000053dcd00000,0x00000053dce00000) (1024K)]
  0x0000016f786d6090 JavaThread "LocalFile Deleter"          daemon [_thread_blocked, id=18360, stack(0x00000053dce00000,0x00000053dcf00000) (1024K)]
  0x0000016f786dc990 JavaThread "LocalFile Deleter"          daemon [_thread_blocked, id=48884, stack(0x00000053dcf00000,0x00000053dd000000) (1024K)]
  0x0000016f786dc300 JavaThread "LocalFile Deleter"          daemon [_thread_blocked, id=4156, stack(0x00000053dd000000,0x00000053dd100000) (1024K)]
  0x0000016f786db5e0 JavaThread "LocalFile Deleter"          daemon [_thread_blocked, id=45484, stack(0x00000053dd100000,0x00000053dd200000) (1024K)]
  0x0000016f786d9ba0 JavaThread "LocalFile Deleter"          daemon [_thread_blocked, id=8524, stack(0x00000053dd200000,0x00000053dd300000) (1024K)]
  0x0000016f786da8c0 JavaThread "LocalFile Deleter"          daemon [_thread_blocked, id=50904, stack(0x00000053dd300000,0x00000053dd400000) (1024K)]
  0x0000016f786dd020 JavaThread "LocalFile Deleter"          daemon [_thread_blocked, id=2024, stack(0x00000053dd400000,0x00000053dd500000) (1024K)]
  0x0000016f786dbc70 JavaThread "LocalFile Deleter"          daemon [_thread_blocked, id=47700, stack(0x00000053dd500000,0x00000053dd600000) (1024K)]
  0x0000016f786dd6b0 JavaThread "LocalFile Deleter"          daemon [_thread_blocked, id=42352, stack(0x00000053dd600000,0x00000053dd700000) (1024K)]
  0x0000016f786da230 JavaThread "LocalFile Deleter"          daemon [_thread_blocked, id=40848, stack(0x00000053dd700000,0x00000053dd800000) (1024K)]
  0x0000016f786daf50 JavaThread "LocalFile Deleter"          daemon [_thread_blocked, id=6736, stack(0x00000053dd800000,0x00000053dd900000) (1024K)]
  0x0000016f76107a30 JavaThread "LocalFile Deleter"          daemon [_thread_blocked, id=39856, stack(0x00000053dd900000,0x00000053dda00000) (1024K)]
  0x0000016f761080c0 JavaThread "Compiler Source File Reader" daemon [_thread_blocked, id=40840, stack(0x00000053dda00000,0x00000053ddb00000) (1024K)]
  0x0000016f76106680 JavaThread "Compiler Source File Reader" daemon [_thread_blocked, id=44260, stack(0x00000053ddb00000,0x00000053ddc00000) (1024K)]
  0x0000016f76106d10 JavaThread "Compiler Source File Reader" daemon [_thread_blocked, id=50684, stack(0x00000053ddc00000,0x00000053ddd00000) (1024K)]
  0x0000016f76108de0 JavaThread "Compiler Source File Reader" daemon [_thread_blocked, id=2980, stack(0x00000053ddd00000,0x00000053dde00000) (1024K)]
  0x0000016f761073a0 JavaThread "Compiler Source File Reader" daemon [_thread_blocked, id=23384, stack(0x00000053dde00000,0x00000053ddf00000) (1024K)]
  0x0000016f76108750 JavaThread "Compiler Source File Reader" daemon [_thread_blocked, id=27876, stack(0x00000053ddf00000,0x00000053de000000) (1024K)]
  0x0000016f76105960 JavaThread "Compiler Source File Reader" daemon [_thread_blocked, id=33028, stack(0x00000053de000000,0x00000053de100000) (1024K)]
  0x0000016f76109470 JavaThread "Compiler Source File Reader" daemon [_thread_blocked, id=15960, stack(0x00000053de100000,0x00000053de200000) (1024K)]
  0x0000016f76105ff0 JavaThread "Compiler Source File Reader" daemon [_thread_blocked, id=30956, stack(0x00000053de200000,0x00000053de300000) (1024K)]
  0x0000016f76109b00 JavaThread "Compiler Source File Reader" daemon [_thread_blocked, id=28976, stack(0x00000053de300000,0x00000053de400000) (1024K)]
  0x0000016f7610b540 JavaThread "Compiler Source File Reader" daemon [_thread_blocked, id=25476, stack(0x00000053de400000,0x00000053de500000) (1024K)]
  0x0000016f7610cf80 JavaThread "Compiler Source File Reader" daemon [_thread_blocked, id=23064, stack(0x00000053de500000,0x00000053de600000) (1024K)]
  0x0000016f7610bbd0 JavaThread "Compiler Source File Reader" daemon [_thread_blocked, id=32048, stack(0x00000053de600000,0x00000053de700000) (1024K)]
  0x0000016f7610c8f0 JavaThread "Compiler Source File Reader" daemon [_thread_blocked, id=51188, stack(0x00000053de700000,0x00000053de800000) (1024K)]
  0x0000016f7610a190 JavaThread "Keep-Alive-Timer"           daemon [_thread_blocked, id=5364, stack(0x00000053de800000,0x00000053de900000) (1024K)]
=>0x0000016f7aabe6d0 JavaThread "C2 CompilerThread1"         daemon [_thread_in_native, id=29868, stack(0x00000053d9200000,0x00000053d9300000) (1024K)]
  0x0000016f7aac08e0 JavaThread "C2 CompilerThread2"         daemon [_thread_in_native, id=35396, stack(0x00000053d9300000,0x00000053d9400000) (1024K)]
  0x0000016f78ff35d0 JavaThread "Compiler Processing Task"   daemon [_thread_in_Java, id=46048, stack(0x00000053d9700000,0x00000053d9800000) (1024K)]
  0x0000016f78ff3c60 JavaThread "Compiler Class File Writer" daemon [_thread_blocked, id=9952, stack(0x00000053da700000,0x00000053da800000) (1024K)]
  0x0000016f78ff07e0 JavaThread "Compiler Class File Writer" daemon [_thread_blocked, id=24180, stack(0x00000053de900000,0x00000053dea00000) (1024K)]
  0x0000016f78ff28b0 JavaThread "Compiler Class File Writer" daemon [_thread_blocked, id=29388, stack(0x00000053dea00000,0x00000053deb00000) (1024K)]
  0x0000016f78ff1b90 JavaThread "Compiler Class File Writer" daemon [_thread_blocked, id=39640, stack(0x00000053deb00000,0x00000053dec00000) (1024K)]
  0x0000016f78ff2220 JavaThread "Compiler Class File Writer" daemon [_thread_blocked, id=37216, stack(0x00000053dec00000,0x00000053ded00000) (1024K)]
  0x0000016f78ff42f0 JavaThread "Compiler Class File Writer" daemon [_thread_blocked, id=5684, stack(0x00000053ded00000,0x00000053dee00000) (1024K)]
  0x0000016f78ff63c0 JavaThread "Compiler Class File Writer" daemon [_thread_blocked, id=42000, stack(0x00000053dee00000,0x00000053def00000) (1024K)]
  0x0000016f78ff7e00 JavaThread "Compiler Class File Writer" daemon [_thread_blocked, id=33528, stack(0x00000053def00000,0x00000053df000000) (1024K)]
  0x0000016f78ff6a50 JavaThread "Compiler Class File Writer" daemon [_thread_blocked, id=37228, stack(0x00000053df000000,0x00000053df100000) (1024K)]
  0x0000016f78ff4980 JavaThread "Compiler Class File Writer" daemon [_thread_blocked, id=7956, stack(0x00000053df100000,0x00000053df200000) (1024K)]
  0x0000016f78ff7770 JavaThread "Compiler Class File Writer" daemon [_thread_blocked, id=43420, stack(0x00000053df200000,0x00000053df300000) (1024K)]
  0x0000016f78ff5d30 JavaThread "Compiler Class File Writer" daemon [_thread_blocked, id=49328, stack(0x00000053df300000,0x00000053df400000) (1024K)]
  0x0000016f78ff5010 JavaThread "Compiler Class File Writer" daemon [_thread_blocked, id=48008, stack(0x00000053df400000,0x00000053df500000) (1024K)]
  0x0000016f78ff70e0 JavaThread "Compiler Class File Writer" daemon [_thread_blocked, id=35200, stack(0x00000053df500000,0x00000053df600000) (1024K)]
Total: 95

Other Threads:
  0x0000016f70304ba0 VMThread "VM Thread"                           [id=37256, stack(0x00000053d8800000,0x00000053d8900000) (1024K)]
  0x0000016f5841ca00 WatcherThread "VM Periodic Task Thread"        [id=34576, stack(0x00000053d8700000,0x00000053d8800000) (1024K)]
  0x0000016f585adbb0 WorkerThread "GC Thread#0"                     [id=39704, stack(0x00000053d8600000,0x00000053d8700000) (1024K)]
  0x0000016f7609c180 WorkerThread "GC Thread#1"                     [id=49524, stack(0x00000053d9800000,0x00000053d9900000) (1024K)]
  0x0000016f764bc840 WorkerThread "GC Thread#2"                     [id=40376, stack(0x00000053d9900000,0x00000053d9a00000) (1024K)]
  0x0000016f7609c520 WorkerThread "GC Thread#3"                     [id=16832, stack(0x00000053d9a00000,0x00000053d9b00000) (1024K)]
  0x0000016f768bebd0 WorkerThread "GC Thread#4"                     [id=29160, stack(0x00000053d9b00000,0x00000053d9c00000) (1024K)]
  0x0000016f7609c8c0 WorkerThread "GC Thread#5"                     [id=41564, stack(0x00000053d9c00000,0x00000053d9d00000) (1024K)]
  0x0000016f7609cc60 WorkerThread "GC Thread#6"                     [id=50060, stack(0x00000053d9d00000,0x00000053d9e00000) (1024K)]
  0x0000016f768f3830 WorkerThread "GC Thread#7"                     [id=4044, stack(0x00000053d9f00000,0x00000053da000000) (1024K)]
  0x0000016f76827b60 WorkerThread "GC Thread#8"                     [id=27596, stack(0x00000053da300000,0x00000053da400000) (1024K)]
  0x0000016f76827f00 WorkerThread "GC Thread#9"                     [id=17628, stack(0x00000053da400000,0x00000053da500000) (1024K)]
  0x0000016f768282a0 WorkerThread "GC Thread#10"                    [id=41212, stack(0x00000053da500000,0x00000053da600000) (1024K)]
  0x0000016f76827420 WorkerThread "GC Thread#11"                    [id=46640, stack(0x00000053da900000,0x00000053daa00000) (1024K)]
  0x0000016f76826940 WorkerThread "GC Thread#12"                    [id=37940, stack(0x00000053daa00000,0x00000053dab00000) (1024K)]
Total: 15

Threads with active compile tasks:
C2 CompilerThread0  12747 9720       4       java.lang.ClassLoader::postDefineClass (39 bytes)
C1 CompilerThread0  12747 10874       3       org.eclipse.jdt.internal.compiler.ast.MethodDeclaration::resolveStatements (991 bytes)
C1 CompilerThread1  12747 10877   !   3       org.eclipse.jdt.internal.compiler.ast.MethodDeclaration::analyseCode (958 bytes)
C2 CompilerThread1  12747 10049       4       org.eclipse.jdt.internal.compiler.lookup.BinaryTypeBinding::createMethod (1666 bytes)
C2 CompilerThread2  12747 9742       4       java.lang.ClassLoader::getNamedPackage (73 bytes)
Total: 5

VM state: not at safepoint (normal execution)

VM Mutex/Monitor currently owned by a thread: None

Heap address: 0x0000000080000000, size: 2048 MB, Compressed Oops mode: 32-bit

CDS archive(s) mapped at: [0x0000016f00000000-0x0000016f00ba0000-0x0000016f00ba0000), size 12189696, SharedBaseAddress: 0x0000016f00000000, ArchiveRelocationMode: 1.
Compressed class space mapped at: 0x0000016f01000000-0x0000016f41000000, reserved size: 1073741824
Narrow klass base: 0x0000016f00000000, Narrow klass shift: 0, Narrow klass range: 0x100000000

GC Precious Log:
 CardTable entry size: 512
 CPUs: 16 total, 16 available
 Memory: 16082M
 Large Page Support: Disabled
 NUMA Support: Disabled
 Compressed Oops: Enabled (32-bit)
 Alignments: Space 512K, Generation 512K, Heap 2M
 Heap Min Capacity: 100M
 Heap Initial Capacity: 100M
 Heap Max Capacity: 2G
 Pre-touch: Disabled
 Parallel Workers: 13

Heap:
 PSYoungGen      total 12800K, used 5065K [0x00000000d5580000, 0x00000000d6500000, 0x0000000100000000)
  eden space 10240K, 28% used [0x00000000d5580000,0x00000000d58602e0,0x00000000d5f80000)
  from space 2560K, 82% used [0x00000000d6280000,0x00000000d64922e0,0x00000000d6500000)
  to   space 2560K, 0% used [0x00000000d6000000,0x00000000d6000000,0x00000000d6280000)
 ParOldGen       total 103936K, used 59855K [0x0000000080000000, 0x0000000086580000, 0x00000000d5580000)
  object space 103936K, 57% used [0x0000000080000000,0x0000000083a73fe0,0x0000000086580000)
 Metaspace       used 63498K, committed 64832K, reserved 1114112K
  class space    used 6741K, committed 7360K, reserved 1048576K

Card table byte_map: [0x0000016f57f30000,0x0000016f58340000] _byte_map_base: 0x0000016f57b30000

Marking Bits: (ParMarkBitMap*) 0x00007fff444e2460
 Begin Bits: [0x0000016f6aa40000, 0x0000016f6ca40000)
 End Bits:   [0x0000016f6ca40000, 0x0000016f6ea40000)

Polling page: 0x0000016f56370000

Metaspace:

Usage:
  Non-class:     55.43 MB used.
      Class:      6.58 MB used.
       Both:     62.01 MB used.

Virtual space:
  Non-class space:       64.00 MB reserved,      56.12 MB ( 88%) committed,  1 nodes.
      Class space:        1.00 GB reserved,       7.19 MB ( <1%) committed,  1 nodes.
             Both:        1.06 GB reserved,      63.31 MB (  6%) committed. 

Chunk freelists:
   Non-Class:  7.77 MB
       Class:  8.81 MB
        Both:  16.58 MB

MaxMetaspaceSize: unlimited
CompressedClassSpaceSize: 1.00 GB
Initial GC threshold: 21.00 MB
Current GC threshold: 97.31 MB
CDS: on
 - commit_granule_bytes: 65536.
 - commit_granule_words: 8192.
 - virtual_space_node_default_size: 8388608.
 - enlarge_chunks_in_place: 1.
 - use_allocation_guard: 0.


Internal statistics:

num_allocs_failed_limit: 9.
num_arena_births: 1136.
num_arena_deaths: 14.
num_vsnodes_births: 2.
num_vsnodes_deaths: 0.
num_space_committed: 1013.
num_space_uncommitted: 0.
num_chunks_returned_to_freelist: 23.
num_chunks_taken_from_freelist: 3989.
num_chunk_merges: 12.
num_chunk_splits: 2397.
num_chunks_enlarged: 1255.
num_inconsistent_stats: 0.

CodeHeap 'non-profiled nmethods': size=119168Kb used=5815Kb max_used=5815Kb free=113353Kb
 bounds [0x0000016f63330000, 0x0000016f638e0000, 0x0000016f6a790000]
CodeHeap 'profiled nmethods': size=119104Kb used=23174Kb max_used=23174Kb free=95929Kb
 bounds [0x0000016f5b790000, 0x0000016f5ce40000, 0x0000016f62be0000]
CodeHeap 'non-nmethods': size=7488Kb used=2015Kb max_used=3213Kb free=5472Kb
 bounds [0x0000016f62be0000, 0x0000016f62f10000, 0x0000016f63330000]
CodeCache: size=245760Kb, used=31004Kb, max_used=32202Kb, free=214754Kb
 total_blobs=10774, nmethods=10010, adapters=668, full_count=0
Compilation: enabled, stopped_count=0, restarted_count=0

Compilation events (20 events):
Event: 11.705 Thread 0x0000016f7030cf50 nmethod 10838 0x0000016f638d9810 code [0x0000016f638d99c0, 0x0000016f638d9c40]
Event: 11.705 Thread 0x0000016f703d3ed0 nmethod 10852 0x0000016f5ce1ac90 code [0x0000016f5ce1aea0, 0x0000016f5ce1b520]
Event: 11.705 Thread 0x0000016f7030cf50 10853       4       org.eclipse.jdt.internal.compiler.lookup.SortedSimpleNameVector::elementAt (7 bytes)
Event: 11.705 Thread 0x0000016f703d3ed0 10854       3       org.eclipse.jdt.internal.compiler.ast.Argument::createBinding (149 bytes)
Event: 11.706 Thread 0x0000016f5864d840 10855       3       org.eclipse.jdt.internal.compiler.lookup.VariableBinding::isNonNull (40 bytes)
Event: 11.706 Thread 0x0000016f7030cf50 nmethod 10853 0x0000016f638d9f10 code [0x0000016f638da0a0, 0x0000016f638da170]
Event: 11.706 Thread 0x0000016f7030cf50 10839       4       org.eclipse.jdt.internal.compiler.lookup.ReferenceBinding$3::compare (46 bytes)
Event: 11.706 Thread 0x0000016f5864d840 nmethod 10855 0x0000016f5ce1b710 code [0x0000016f5ce1b8c0, 0x0000016f5ce1bac8]
Event: 11.706 Thread 0x0000016f703d3ed0 nmethod 10854 0x0000016f5ce1bb90 code [0x0000016f5ce1bdc0, 0x0000016f5ce1c6f8]
Event: 11.708 Thread 0x0000016f7030cf50 nmethod 10839 0x0000016f638da210 code [0x0000016f638da3c0, 0x0000016f638da5c8]
Event: 11.708 Thread 0x0000016f7030cf50 9720       4       java.lang.ClassLoader::postDefineClass (39 bytes)
Event: 11.708 Thread 0x0000016f703d3ed0 10856       3       org.eclipse.jdt.internal.compiler.flow.ExceptionHandlingFlowContext::<init> (290 bytes)
Event: 11.709 Thread 0x0000016f5864d840 10858       3       java.lang.Class::searchFields (43 bytes)
Event: 11.709 Thread 0x0000016f5864d840 nmethod 10858 0x0000016f5ce1ca10 code [0x0000016f5ce1cbe0, 0x0000016f5ce1ce70]
Event: 11.709 Thread 0x0000016f5864d840 10859       3       org.eclipse.jdt.internal.compiler.ast.AbstractMethodDeclaration::isNative (30 bytes)
Event: 11.710 Thread 0x0000016f5864d840 nmethod 10859 0x0000016f5ce1d010 code [0x0000016f5ce1d1c0, 0x0000016f5ce1d448]
Event: 11.710 Thread 0x0000016f5864d840 10860       3       java.util.concurrent.locks.AbstractQueuedSynchronizer$Node::getAndUnsetStatus (14 bytes)
Event: 11.710 Thread 0x0000016f5864d840 nmethod 10860 0x0000016f5ce1d510 code [0x0000016f5ce1d6e0, 0x0000016f5ce1d980]
Event: 11.710 Thread 0x0000016f5864d840 10861       3       jdk.internal.misc.Unsafe::getAndBitwiseAndInt (27 bytes)
Event: 12.722 Thread 0x0000016f703d3ed0 nmethod 10856 0x0000016f5ce1da90 code [0x0000016f5ce1dda0, 0x0000016f5ce1f6f8]

GC Heap History (20 events):
Event: 8.391 GC heap before
{Heap before GC invocations=78 (full 3):
 PSYoungGen      total 11264K, used 11142K [0x00000000d5580000, 0x00000000d6500000, 0x0000000100000000)
  eden space 10240K, 100% used [0x00000000d5580000,0x00000000d5f80000,0x00000000d5f80000)
  from space 1024K, 88% used [0x00000000d6400000,0x00000000d64e1a38,0x00000000d6500000)
  to   space 1024K, 0% used [0x00000000d6300000,0x00000000d6300000,0x00000000d6400000)
 ParOldGen       total 103936K, used 52370K [0x0000000080000000, 0x0000000086580000, 0x00000000d5580000)
  object space 103936K, 50% used [0x0000000080000000,0x00000000833249c8,0x0000000086580000)
 Metaspace       used 60433K, committed 61696K, reserved 1114112K
  class space    used 6544K, committed 7104K, reserved 1048576K
}
Event: 8.392 GC heap after
{Heap after GC invocations=78 (full 3):
 PSYoungGen      total 10752K, used 480K [0x00000000d5580000, 0x00000000d6480000, 0x0000000100000000)
  eden space 10240K, 0% used [0x00000000d5580000,0x00000000d5580000,0x00000000d5f80000)
  from space 512K, 93% used [0x00000000d6300000,0x00000000d6378000,0x00000000d6380000)
  to   space 1024K, 0% used [0x00000000d6380000,0x00000000d6380000,0x00000000d6480000)
 ParOldGen       total 103936K, used 53010K [0x0000000080000000, 0x0000000086580000, 0x00000000d5580000)
  object space 103936K, 51% used [0x0000000080000000,0x00000000833c4a58,0x0000000086580000)
 Metaspace       used 60433K, committed 61696K, reserved 1114112K
  class space    used 6544K, committed 7104K, reserved 1048576K
}
Event: 8.404 GC heap before
{Heap before GC invocations=79 (full 3):
 PSYoungGen      total 10752K, used 10720K [0x00000000d5580000, 0x00000000d6480000, 0x0000000100000000)
  eden space 10240K, 100% used [0x00000000d5580000,0x00000000d5f80000,0x00000000d5f80000)
  from space 512K, 93% used [0x00000000d6300000,0x00000000d6378000,0x00000000d6380000)
  to   space 1024K, 0% used [0x00000000d6380000,0x00000000d6380000,0x00000000d6480000)
 ParOldGen       total 103936K, used 53010K [0x0000000080000000, 0x0000000086580000, 0x00000000d5580000)
  object space 103936K, 51% used [0x0000000080000000,0x00000000833c4a58,0x0000000086580000)
 Metaspace       used 60437K, committed 61696K, reserved 1114112K
  class space    used 6544K, committed 7104K, reserved 1048576K
}
Event: 8.405 GC heap after
{Heap after GC invocations=79 (full 3):
 PSYoungGen      total 10752K, used 416K [0x00000000d5580000, 0x00000000d6400000, 0x0000000100000000)
  eden space 10240K, 0% used [0x00000000d5580000,0x00000000d5580000,0x00000000d5f80000)
  from space 512K, 81% used [0x00000000d6380000,0x00000000d63e8000,0x00000000d6400000)
  to   space 512K, 0% used [0x00000000d6300000,0x00000000d6300000,0x00000000d6380000)
 ParOldGen       total 103936K, used 53266K [0x0000000080000000, 0x0000000086580000, 0x00000000d5580000)
  object space 103936K, 51% used [0x0000000080000000,0x0000000083404a68,0x0000000086580000)
 Metaspace       used 60437K, committed 61696K, reserved 1114112K
  class space    used 6544K, committed 7104K, reserved 1048576K
}
Event: 8.418 GC heap before
{Heap before GC invocations=80 (full 3):
 PSYoungGen      total 10752K, used 10656K [0x00000000d5580000, 0x00000000d6400000, 0x0000000100000000)
  eden space 10240K, 100% used [0x00000000d5580000,0x00000000d5f80000,0x00000000d5f80000)
  from space 512K, 81% used [0x00000000d6380000,0x00000000d63e8000,0x00000000d6400000)
  to   space 512K, 0% used [0x00000000d6300000,0x00000000d6300000,0x00000000d6380000)
 ParOldGen       total 103936K, used 53266K [0x0000000080000000, 0x0000000086580000, 0x00000000d5580000)
  object space 103936K, 51% used [0x0000000080000000,0x0000000083404a68,0x0000000086580000)
 Metaspace       used 60445K, committed 61760K, reserved 1114112K
  class space    used 6544K, committed 7104K, reserved 1048576K
}
Event: 8.419 GC heap after
{Heap after GC invocations=80 (full 3):
 PSYoungGen      total 10752K, used 497K [0x00000000d5580000, 0x00000000d6400000, 0x0000000100000000)
  eden space 10240K, 0% used [0x00000000d5580000,0x00000000d5580000,0x00000000d5f80000)
  from space 512K, 97% used [0x00000000d6300000,0x00000000d637c400,0x00000000d6380000)
  to   space 512K, 0% used [0x00000000d6380000,0x00000000d6380000,0x00000000d6400000)
 ParOldGen       total 103936K, used 53482K [0x0000000080000000, 0x0000000086580000, 0x00000000d5580000)
  object space 103936K, 51% used [0x0000000080000000,0x000000008343aa68,0x0000000086580000)
 Metaspace       used 60445K, committed 61760K, reserved 1114112K
  class space    used 6544K, committed 7104K, reserved 1048576K
}
Event: 8.434 GC heap before
{Heap before GC invocations=81 (full 3):
 PSYoungGen      total 10752K, used 10736K [0x00000000d5580000, 0x00000000d6400000, 0x0000000100000000)
  eden space 10240K, 99% used [0x00000000d5580000,0x00000000d5f7fff0,0x00000000d5f80000)
  from space 512K, 97% used [0x00000000d6300000,0x00000000d637c400,0x00000000d6380000)
  to   space 512K, 0% used [0x00000000d6380000,0x00000000d6380000,0x00000000d6400000)
 ParOldGen       total 103936K, used 53482K [0x0000000080000000, 0x0000000086580000, 0x00000000d5580000)
  object space 103936K, 51% used [0x0000000080000000,0x000000008343aa68,0x0000000086580000)
 Metaspace       used 60446K, committed 61760K, reserved 1114112K
  class space    used 6544K, committed 7104K, reserved 1048576K
}
Event: 8.434 GC heap after
{Heap after GC invocations=81 (full 3):
 PSYoungGen      total 10752K, used 448K [0x00000000d5580000, 0x00000000d6400000, 0x0000000100000000)
  eden space 10240K, 0% used [0x00000000d5580000,0x00000000d5580000,0x00000000d5f80000)
  from space 512K, 87% used [0x00000000d6380000,0x00000000d63f0000,0x00000000d6400000)
  to   space 512K, 0% used [0x00000000d6300000,0x00000000d6300000,0x00000000d6380000)
 ParOldGen       total 103936K, used 53827K [0x0000000080000000, 0x0000000086580000, 0x00000000d5580000)
  object space 103936K, 51% used [0x0000000080000000,0x0000000083490e68,0x0000000086580000)
 Metaspace       used 60446K, committed 61760K, reserved 1114112K
  class space    used 6544K, committed 7104K, reserved 1048576K
}
Event: 10.214 GC heap before
{Heap before GC invocations=82 (full 3):
 PSYoungGen      total 10752K, used 10658K [0x00000000d5580000, 0x00000000d6400000, 0x0000000100000000)
  eden space 10240K, 99% used [0x00000000d5580000,0x00000000d5f788f0,0x00000000d5f80000)
  from space 512K, 87% used [0x00000000d6380000,0x00000000d63f0000,0x00000000d6400000)
  to   space 512K, 0% used [0x00000000d6300000,0x00000000d6300000,0x00000000d6380000)
 ParOldGen       total 103936K, used 53827K [0x0000000080000000, 0x0000000086580000, 0x00000000d5580000)
  object space 103936K, 51% used [0x0000000080000000,0x0000000083490e68,0x0000000086580000)
 Metaspace       used 60460K, committed 61760K, reserved 1114112K
  class space    used 6544K, committed 7104K, reserved 1048576K
}
Event: 10.215 GC heap after
{Heap after GC invocations=82 (full 3):
 PSYoungGen      total 10752K, used 493K [0x00000000d5580000, 0x00000000d6400000, 0x0000000100000000)
  eden space 10240K, 0% used [0x00000000d5580000,0x00000000d5580000,0x00000000d5f80000)
  from space 512K, 96% used [0x00000000d6300000,0x00000000d637b748,0x00000000d6380000)
  to   space 512K, 0% used [0x00000000d6380000,0x00000000d6380000,0x00000000d6400000)
 ParOldGen       total 103936K, used 54202K [0x0000000080000000, 0x0000000086580000, 0x00000000d5580000)
  object space 103936K, 52% used [0x0000000080000000,0x00000000834eea20,0x0000000086580000)
 Metaspace       used 60460K, committed 61760K, reserved 1114112K
  class space    used 6544K, committed 7104K, reserved 1048576K
}
Event: 11.057 GC heap before
{Heap before GC invocations=83 (full 3):
 PSYoungGen      total 10752K, used 10733K [0x00000000d5580000, 0x00000000d6400000, 0x0000000100000000)
  eden space 10240K, 100% used [0x00000000d5580000,0x00000000d5f80000,0x00000000d5f80000)
  from space 512K, 96% used [0x00000000d6300000,0x00000000d637b748,0x00000000d6380000)
  to   space 512K, 0% used [0x00000000d6380000,0x00000000d6380000,0x00000000d6400000)
 ParOldGen       total 103936K, used 54202K [0x0000000080000000, 0x0000000086580000, 0x00000000d5580000)
  object space 103936K, 52% used [0x0000000080000000,0x00000000834eea20,0x0000000086580000)
 Metaspace       used 60697K, committed 62080K, reserved 1114112K
  class space    used 6566K, committed 7168K, reserved 1048576K
}
Event: 11.058 GC heap after
{Heap after GC invocations=83 (full 3):
 PSYoungGen      total 10752K, used 512K [0x00000000d5580000, 0x00000000d6400000, 0x0000000100000000)
  eden space 10240K, 0% used [0x00000000d5580000,0x00000000d5580000,0x00000000d5f80000)
  from space 512K, 100% used [0x00000000d6380000,0x00000000d6400000,0x00000000d6400000)
  to   space 1536K, 0% used [0x00000000d6100000,0x00000000d6100000,0x00000000d6280000)
 ParOldGen       total 103936K, used 55063K [0x0000000080000000, 0x0000000086580000, 0x00000000d5580000)
  object space 103936K, 52% used [0x0000000080000000,0x00000000835c5c58,0x0000000086580000)
 Metaspace       used 60697K, committed 62080K, reserved 1114112K
  class space    used 6566K, committed 7168K, reserved 1048576K
}
Event: 11.210 GC heap before
{Heap before GC invocations=84 (full 3):
 PSYoungGen      total 10752K, used 10752K [0x00000000d5580000, 0x00000000d6400000, 0x0000000100000000)
  eden space 10240K, 100% used [0x00000000d5580000,0x00000000d5f80000,0x00000000d5f80000)
  from space 512K, 100% used [0x00000000d6380000,0x00000000d6400000,0x00000000d6400000)
  to   space 1536K, 0% used [0x00000000d6100000,0x00000000d6100000,0x00000000d6280000)
 ParOldGen       total 103936K, used 55063K [0x0000000080000000, 0x0000000086580000, 0x00000000d5580000)
  object space 103936K, 52% used [0x0000000080000000,0x00000000835c5c58,0x0000000086580000)
 Metaspace       used 61237K, committed 62528K, reserved 1114112K
  class space    used 6606K, committed 7168K, reserved 1048576K
}
Event: 11.212 GC heap after
{Heap after GC invocations=84 (full 3):
 PSYoungGen      total 11776K, used 1511K [0x00000000d5580000, 0x00000000d6480000, 0x0000000100000000)
  eden space 10240K, 0% used [0x00000000d5580000,0x00000000d5580000,0x00000000d5f80000)
  from space 1536K, 98% used [0x00000000d6100000,0x00000000d6279c98,0x00000000d6280000)
  to   space 2048K, 0% used [0x00000000d6280000,0x00000000d6280000,0x00000000d6480000)
 ParOldGen       total 103936K, used 55852K [0x0000000080000000, 0x0000000086580000, 0x00000000d5580000)
  object space 103936K, 53% used [0x0000000080000000,0x000000008368b0c0,0x0000000086580000)
 Metaspace       used 61237K, committed 62528K, reserved 1114112K
  class space    used 6606K, committed 7168K, reserved 1048576K
}
Event: 11.325 GC heap before
{Heap before GC invocations=85 (full 3):
 PSYoungGen      total 11776K, used 11751K [0x00000000d5580000, 0x00000000d6480000, 0x0000000100000000)
  eden space 10240K, 100% used [0x00000000d5580000,0x00000000d5f80000,0x00000000d5f80000)
  from space 1536K, 98% used [0x00000000d6100000,0x00000000d6279c98,0x00000000d6280000)
  to   space 2048K, 0% used [0x00000000d6280000,0x00000000d6280000,0x00000000d6480000)
 ParOldGen       total 103936K, used 55852K [0x0000000080000000, 0x0000000086580000, 0x00000000d5580000)
  object space 103936K, 53% used [0x0000000080000000,0x000000008368b0c0,0x0000000086580000)
 Metaspace       used 61902K, committed 63232K, reserved 1114112K
  class space    used 6679K, committed 7232K, reserved 1048576K
}
Event: 11.327 GC heap after
{Heap after GC invocations=85 (full 3):
 PSYoungGen      total 11264K, used 931K [0x00000000d5580000, 0x00000000d6380000, 0x0000000100000000)
  eden space 10240K, 0% used [0x00000000d5580000,0x00000000d5580000,0x00000000d5f80000)
  from space 1024K, 90% used [0x00000000d6280000,0x00000000d6368d70,0x00000000d6380000)
  to   space 1536K, 0% used [0x00000000d6080000,0x00000000d6080000,0x00000000d6200000)
 ParOldGen       total 103936K, used 57386K [0x0000000080000000, 0x0000000086580000, 0x00000000d5580000)
  object space 103936K, 55% used [0x0000000080000000,0x000000008380a8b0,0x0000000086580000)
 Metaspace       used 61902K, committed 63232K, reserved 1114112K
  class space    used 6679K, committed 7232K, reserved 1048576K
}
Event: 11.478 GC heap before
{Heap before GC invocations=86 (full 3):
 PSYoungGen      total 11264K, used 11171K [0x00000000d5580000, 0x00000000d6380000, 0x0000000100000000)
  eden space 10240K, 100% used [0x00000000d5580000,0x00000000d5f80000,0x00000000d5f80000)
  from space 1024K, 90% used [0x00000000d6280000,0x00000000d6368d70,0x00000000d6380000)
  to   space 1536K, 0% used [0x00000000d6080000,0x00000000d6080000,0x00000000d6200000)
 ParOldGen       total 103936K, used 57386K [0x0000000080000000, 0x0000000086580000, 0x00000000d5580000)
  object space 103936K, 55% used [0x0000000080000000,0x000000008380a8b0,0x0000000086580000)
 Metaspace       used 62465K, committed 63808K, reserved 1114112K
  class space    used 6712K, committed 7296K, reserved 1048576K
}
Event: 11.479 GC heap after
{Heap after GC invocations=86 (full 3):
 PSYoungGen      total 11776K, used 1520K [0x00000000d5580000, 0x00000000d6580000, 0x0000000100000000)
  eden space 10240K, 0% used [0x00000000d5580000,0x00000000d5580000,0x00000000d5f80000)
  from space 1536K, 98% used [0x00000000d6080000,0x00000000d61fc080,0x00000000d6200000)
  to   space 3072K, 0% used [0x00000000d6280000,0x00000000d6280000,0x00000000d6580000)
 ParOldGen       total 103936K, used 58374K [0x0000000080000000, 0x0000000086580000, 0x00000000d5580000)
  object space 103936K, 56% used [0x0000000080000000,0x0000000083901a38,0x0000000086580000)
 Metaspace       used 62465K, committed 63808K, reserved 1114112K
  class space    used 6712K, committed 7296K, reserved 1048576K
}
Event: 11.671 GC heap before
{Heap before GC invocations=87 (full 3):
 PSYoungGen      total 11776K, used 11760K [0x00000000d5580000, 0x00000000d6580000, 0x0000000100000000)
  eden space 10240K, 100% used [0x00000000d5580000,0x00000000d5f80000,0x00000000d5f80000)
  from space 1536K, 98% used [0x00000000d6080000,0x00000000d61fc080,0x00000000d6200000)
  to   space 3072K, 0% used [0x00000000d6280000,0x00000000d6280000,0x00000000d6580000)
 ParOldGen       total 103936K, used 58374K [0x0000000080000000, 0x0000000086580000, 0x00000000d5580000)
  object space 103936K, 56% used [0x0000000080000000,0x0000000083901a38,0x0000000086580000)
 Metaspace       used 63301K, committed 64576K, reserved 1114112K
  class space    used 6739K, committed 7296K, reserved 1048576K
}
Event: 11.673 GC heap after
{Heap after GC invocations=87 (full 3):
 PSYoungGen      total 12800K, used 2120K [0x00000000d5580000, 0x00000000d6500000, 0x0000000100000000)
  eden space 10240K, 0% used [0x00000000d5580000,0x00000000d5580000,0x00000000d5f80000)
  from space 2560K, 82% used [0x00000000d6280000,0x00000000d64922e0,0x00000000d6500000)
  to   space 2560K, 0% used [0x00000000d6000000,0x00000000d6000000,0x00000000d6280000)
 ParOldGen       total 103936K, used 59855K [0x0000000080000000, 0x0000000086580000, 0x00000000d5580000)
  object space 103936K, 57% used [0x0000000080000000,0x0000000083a73fe0,0x0000000086580000)
 Metaspace       used 63301K, committed 64576K, reserved 1114112K
  class space    used 6739K, committed 7296K, reserved 1048576K
}

Dll operation events (14 events):
Event: 0.008 Loaded shared library c:\Users\vince\.vscode\extensions\redhat.java-1.52.0-win32-x64\jre\21.0.9-win32-x86_64\bin\java.dll
Event: 0.053 Loaded shared library c:\Users\vince\.vscode\extensions\redhat.java-1.52.0-win32-x64\jre\21.0.9-win32-x86_64\bin\zip.dll
Event: 0.068 Loaded shared library C:\Users\vince\.vscode\extensions\redhat.java-1.52.0-win32-x64\jre\21.0.9-win32-x86_64\bin\instrument.dll
Event: 0.072 Loaded shared library C:\Users\vince\.vscode\extensions\redhat.java-1.52.0-win32-x64\jre\21.0.9-win32-x86_64\bin\net.dll
Event: 0.073 Loaded shared library C:\Users\vince\.vscode\extensions\redhat.java-1.52.0-win32-x64\jre\21.0.9-win32-x86_64\bin\nio.dll
Event: 0.077 Loaded shared library C:\Users\vince\.vscode\extensions\redhat.java-1.52.0-win32-x64\jre\21.0.9-win32-x86_64\bin\zip.dll
Event: 0.090 Loaded shared library C:\Users\vince\.vscode\extensions\redhat.java-1.52.0-win32-x64\jre\21.0.9-win32-x86_64\bin\jimage.dll
Event: 0.148 Loaded shared library c:\Users\vince\.vscode\extensions\redhat.java-1.52.0-win32-x64\jre\21.0.9-win32-x86_64\bin\verify.dll
Event: 0.971 Loaded shared library C:\Users\vince\AppData\Roaming\Code\User\globalStorage\redhat.java\1.52.0\config_win\org.eclipse.equinox.launcher\org.eclipse.equinox.launcher.win32.win32.x86_64_1.2.1500.v20260121-1430\eclipse_11919.dll
Event: 3.233 Loaded shared library C:\Users\vince\AppData\Local\Temp\jna-112212413\jna4351593737889260242.dll
Event: 4.427 Loaded shared library C:\Users\vince\.vscode\extensions\redhat.java-1.52.0-win32-x64\jre\21.0.9-win32-x86_64\bin\management.dll
Event: 4.434 Loaded shared library C:\Users\vince\.vscode\extensions\redhat.java-1.52.0-win32-x64\jre\21.0.9-win32-x86_64\bin\management_ext.dll
Event: 4.648 Loaded shared library C:\Users\vince\.vscode\extensions\redhat.java-1.52.0-win32-x64\jre\21.0.9-win32-x86_64\bin\sunmscapi.dll
Event: 5.098 Loaded shared library C:\Users\vince\.vscode\extensions\redhat.java-1.52.0-win32-x64\jre\21.0.9-win32-x86_64\bin\extnet.dll

Deoptimization events (20 events):
Event: 11.529 Thread 0x0000016f78ff35d0 DEOPT PACKING pc=0x0000016f635641fc sp=0x00000053d97fe370
Event: 11.529 Thread 0x0000016f78ff35d0 DEOPT UNPACKING pc=0x0000016f62c33aa2 sp=0x00000053d97fe220 mode 2
Event: 11.529 Thread 0x0000016f78ff35d0 Uncommon trap: trap_request=0xffffff45 fr.pc=0x0000016f63469728 relative=0x00000000000002c8
Event: 11.529 Thread 0x0000016f78ff35d0 Uncommon trap: reason=unstable_if action=reinterpret pc=0x0000016f63469728 method=java.util.HashMap.getNode(Ljava/lang/Object;)Ljava/util/HashMap$Node; @ 131 c2
Event: 11.529 Thread 0x0000016f78ff35d0 DEOPT PACKING pc=0x0000016f63469728 sp=0x00000053d97fe6a0
Event: 11.530 Thread 0x0000016f78ff35d0 DEOPT UNPACKING pc=0x0000016f62c33aa2 sp=0x00000053d97fe5b8 mode 2
Event: 11.621 Thread 0x0000016f78ff35d0 Uncommon trap: trap_request=0xffffffcc fr.pc=0x0000016f638b5808 relative=0x0000000000001d68
Event: 11.621 Thread 0x0000016f78ff35d0 Uncommon trap: reason=intrinsic_or_type_checked_inlining action=make_not_entrant pc=0x0000016f638b5808 method=java.util.ArrayList$SubList.toArray([Ljava/lang/Object;)[Ljava/lang/Object; @ 58 c2
Event: 11.621 Thread 0x0000016f78ff35d0 DEOPT PACKING pc=0x0000016f638b5808 sp=0x00000053d97fdfb0
Event: 11.621 Thread 0x0000016f78ff35d0 DEOPT UNPACKING pc=0x0000016f62c33aa2 sp=0x00000053d97fded8 mode 2
Event: 11.641 Thread 0x0000016f78ff35d0 Uncommon trap: trap_request=0xffffff45 fr.pc=0x0000016f638b0ec8 relative=0x0000000000000b48
Event: 11.641 Thread 0x0000016f78ff35d0 Uncommon trap: reason=unstable_if action=reinterpret pc=0x0000016f638b0ec8 method=org.eclipse.jdt.internal.compiler.codegen.ConstantPool.literalIndex([C)I @ 64 c2
Event: 11.641 Thread 0x0000016f78ff35d0 DEOPT PACKING pc=0x0000016f638b0ec8 sp=0x00000053d97fe760
Event: 11.641 Thread 0x0000016f78ff35d0 DEOPT UNPACKING pc=0x0000016f62c33aa2 sp=0x00000053d97fe6e0 mode 2
Event: 11.651 Thread 0x0000016f78ff35d0 DEOPT PACKING pc=0x0000016f5cb834fc sp=0x00000053d97fe840
Event: 11.651 Thread 0x0000016f78ff35d0 DEOPT UNPACKING pc=0x0000016f62c34242 sp=0x00000053d97fde28 mode 0
Event: 11.658 Thread 0x0000016f78ff35d0 DEOPT PACKING pc=0x0000016f5caa0622 sp=0x00000053d97fdc80
Event: 11.658 Thread 0x0000016f78ff35d0 DEOPT UNPACKING pc=0x0000016f62c34242 sp=0x00000053d97fd1f8 mode 0
Event: 11.709 Thread 0x0000016f78ff35d0 DEOPT PACKING pc=0x0000016f5c664699 sp=0x00000053d97fea60
Event: 11.709 Thread 0x0000016f78ff35d0 DEOPT UNPACKING pc=0x0000016f62c34242 sp=0x00000053d97fdef8 mode 0

Classes loaded (20 events):
Event: 7.293 Loading class java/nio/file/DirectoryIteratorException
Event: 7.293 Loading class java/nio/file/DirectoryIteratorException done
Event: 7.296 Loading class java/lang/StackStreamFactory$CallerClassFinder
Event: 7.296 Loading class java/lang/StackStreamFactory$CallerClassFinder done
Event: 7.296 Loading class java/lang/StackStreamFactory$CallerClassFinder$ClassBuffer
Event: 7.296 Loading class java/lang/StackStreamFactory$CallerClassFinder$ClassBuffer done
Event: 11.121 Loading class java/util/stream/ReduceOps$4
Event: 11.121 Loading class java/util/stream/ReduceOps$4 done
Event: 11.121 Loading class java/util/stream/ReduceOps$4ReducingSink
Event: 11.121 Loading class java/util/stream/ReduceOps$4ReducingSink done
Event: 11.123 Loading class java/nio/file/Files$2
Event: 11.123 Loading class java/nio/file/Files$2 done
Event: 11.220 Loading class java/util/concurrent/ArrayBlockingQueue
Event: 11.220 Loading class java/util/concurrent/ArrayBlockingQueue done
Event: 11.255 Loading class java/util/Hashtable$ValueCollection
Event: 11.256 Loading class java/util/Hashtable$ValueCollection done
Event: 11.258 Loading class java/util/concurrent/ConcurrentHashMap$KeySpliterator
Event: 11.258 Loading class java/util/concurrent/ConcurrentHashMap$KeySpliterator done
Event: 11.264 Loading class sun/nio/ch/ChannelOutputStream
Event: 11.264 Loading class sun/nio/ch/ChannelOutputStream done

Classes unloaded (7 events):
Event: 3.633 Thread 0x0000016f70304ba0 Unloading class 0x0000016f011aac00 'java/lang/invoke/LambdaForm$MH+0x0000016f011aac00'
Event: 3.633 Thread 0x0000016f70304ba0 Unloading class 0x0000016f011aa800 'java/lang/invoke/LambdaForm$MH+0x0000016f011aa800'
Event: 3.633 Thread 0x0000016f70304ba0 Unloading class 0x0000016f011aa400 'java/lang/invoke/LambdaForm$MH+0x0000016f011aa400'
Event: 3.633 Thread 0x0000016f70304ba0 Unloading class 0x0000016f011aa000 'java/lang/invoke/LambdaForm$MH+0x0000016f011aa000'
Event: 3.633 Thread 0x0000016f70304ba0 Unloading class 0x0000016f011a9c00 'java/lang/invoke/LambdaForm$BMH+0x0000016f011a9c00'
Event: 3.633 Thread 0x0000016f70304ba0 Unloading class 0x0000016f011a9800 'java/lang/invoke/LambdaForm$DMH+0x0000016f011a9800'
Event: 3.633 Thread 0x0000016f70304ba0 Unloading class 0x0000016f011a8400 'java/lang/invoke/LambdaForm$DMH+0x0000016f011a8400'

Classes redefined (0 events):
No events

Internal exceptions (20 events):
Event: 5.716 Thread 0x0000016f76d6fe80 Exception <a 'java/lang/NoSuchMethodError'{0x00000000d5899620}: 'void java.lang.invoke.DirectMethodHandle$Holder.invokeStaticInit(java.lang.Object, java.lang.Object, java.lang.Object, java.lang.Object)'> (0x00000000d5899620) 
thrown [s\src\hotspot\share\interpreter\linkResolver.cpp, line 773]
Event: 6.037 Thread 0x0000016f76d6f160 Exception <a 'java/lang/ExceptionInInitializerError'{0x00000000d5ddc5d8}> (0x00000000d5ddc5d8) 
thrown [s\src\hotspot\share\oops\instanceKlass.cpp, line 1220]
Event: 6.052 Thread 0x0000016f76d6f160 Implicit null exception at 0x0000016f6347d1fe to 0x0000016f6347d470
Event: 6.052 Thread 0x0000016f76d6f160 Implicit null exception at 0x0000016f633e391c to 0x0000016f633e4838
Event: 6.053 Thread 0x0000016f76d6f160 Exception <a 'java/lang/NoSuchMethodError'{0x00000000d61f5f00}: 'java.lang.Object java.lang.invoke.Invokers$Holder.invokeExact_MT(java.lang.Object, int, java.lang.Object)'> (0x00000000d61f5f00) 
thrown [s\src\hotspot\share\interpreter\linkResolver.cpp, line 773]
Event: 6.178 Thread 0x0000016f76d6fe80 Exception <a 'java/io/FileNotFoundException'{0x00000000d5cd38d0}> (0x00000000d5cd38d0) 
thrown [s\src\hotspot\share\prims\jni.cpp, line 520]
Event: 6.178 Thread 0x0000016f76d6fe80 Exception <a 'java/io/FileNotFoundException'{0x00000000d5cd4bf8}> (0x00000000d5cd4bf8) 
thrown [s\src\hotspot\share\prims\jni.cpp, line 520]
Event: 6.178 Thread 0x0000016f76d6fe80 Exception <a 'java/io/FileNotFoundException'{0x00000000d5cd5d28}> (0x00000000d5cd5d28) 
thrown [s\src\hotspot\share\prims\jni.cpp, line 520]
Event: 6.300 Thread 0x0000016f76d6f160 Exception <a 'java/lang/NoClassDefFoundError'{0x00000000d5d07f50}: com/google/inject/servlet/ServletModuleTargetVisitor> (0x00000000d5d07f50) 
thrown [s\src\hotspot\share\classfile\systemDictionary.cpp, line 301]
Event: 6.406 Thread 0x0000016f786d6720 Exception <a 'java/lang/IncompatibleClassChangeError'{0x00000000d62c7180}: Found class java.lang.Object, but interface was expected> (0x00000000d62c7180) 
thrown [s\src\hotspot\share\interpreter\linkResolver.cpp, line 840]
Event: 6.889 Thread 0x0000016f76d70510 Exception <a 'sun/nio/fs/WindowsException'{0x00000000d56d66c8}> (0x00000000d56d66c8) 
thrown [s\src\hotspot\share\prims\jni.cpp, line 520]
Event: 6.959 Thread 0x0000016f76d70510 Exception <a 'sun/nio/fs/WindowsException'{0x00000000d5b00890}> (0x00000000d5b00890) 
thrown [s\src\hotspot\share\prims\jni.cpp, line 520]
Event: 11.069 Thread 0x0000016f76d6f7f0 Implicit null exception at 0x0000016f634eab5a to 0x0000016f634eabb3
Event: 11.124 Thread 0x0000016f76d6f7f0 Exception <a 'java/lang/NoSuchMethodError'{0x00000000d59a4068}: 'int java.lang.invoke.DirectMethodHandle$Holder.invokeSpecialIFC(java.lang.Object, java.lang.Object, java.lang.Object)'> (0x00000000d59a4068) 
thrown [s\src\hotspot\share\interpreter\linkResolver.cpp, line 773]
Event: 11.260 Thread 0x0000016f76d6f7f0 Exception <a 'java/lang/NoSuchMethodError'{0x00000000d58c6f78}: 'java.lang.Object java.lang.invoke.DirectMethodHandle$Holder.newInvokeSpecial(java.lang.Object, java.lang.Object, int, int, java.lang.Object)'> (0x00000000d58c6f78) 
thrown [s\src\hotspot\share\interpreter\linkResolver.cpp, line 773]
Event: 11.364 Thread 0x0000016f78ff35d0 Exception <a 'java/lang/NoSuchMethodError'{0x00000000d57aa2d8}: 'void java.lang.invoke.DirectMethodHandle$Holder.invokeStatic(java.lang.Object, int, java.lang.Object)'> (0x00000000d57aa2d8) 
thrown [s\src\hotspot\share\interpreter\linkResolver.cpp, line 773]
Event: 11.435 Thread 0x0000016f78ff35d0 Implicit null exception at 0x0000016f635c2c4b to 0x0000016f635c2c92
Event: 11.472 Thread 0x0000016f78ff35d0 Exception <a 'java/lang/NoSuchMethodError'{0x00000000d5f1d7d0}: 'java.lang.Object java.lang.invoke.DirectMethodHandle$Holder.invokeStatic(java.lang.Object, java.lang.Object, int, java.lang.Object)'> (0x00000000d5f1d7d0) 
thrown [s\src\hotspot\share\interpreter\linkResolver.cpp, line 773]
Event: 11.473 Thread 0x0000016f78ff35d0 Exception <a 'java/lang/NoSuchMethodError'{0x00000000d5f24140}: 'java.lang.Object java.lang.invoke.DirectMethodHandle$Holder.newInvokeSpecial(java.lang.Object, java.lang.Object, int)'> (0x00000000d5f24140) 
thrown [s\src\hotspot\share\interpreter\linkResolver.cpp, line 773]
Event: 11.556 Thread 0x0000016f78ff35d0 Exception <a 'java/lang/NoSuchMethodError'{0x00000000d59b2898}: 'java.lang.Object java.lang.invoke.DirectMethodHandle$Holder.invokeStatic(java.lang.Object, java.lang.Object, int, java.lang.Object, java.lang.Object)'> (0x00000000d59b2898) 
thrown [s\src\hotspot\share\interpreter\linkResolver.cpp, line 773]

ZGC Phase Switch (0 events):
No events

VM Operations (20 events):
Event: 11.058 Executing VM operation: ParallelGCFailedAllocation (Allocation Failure) done
Event: 11.210 Executing VM operation: ParallelGCFailedAllocation (Allocation Failure)
Event: 11.212 Executing VM operation: ParallelGCFailedAllocation (Allocation Failure) done
Event: 11.325 Executing VM operation: ParallelGCFailedAllocation (Allocation Failure)
Event: 11.327 Executing VM operation: ParallelGCFailedAllocation (Allocation Failure) done
Event: 11.469 Executing VM operation: ICBufferFull
Event: 11.470 Executing VM operation: ICBufferFull done
Event: 11.478 Executing VM operation: ParallelGCFailedAllocation (Allocation Failure)
Event: 11.480 Executing VM operation: ParallelGCFailedAllocation (Allocation Failure) done
Event: 11.551 Executing VM operation: ICBufferFull
Event: 11.551 Executing VM operation: ICBufferFull done
Event: 11.615 Executing VM operation: ICBufferFull
Event: 11.615 Executing VM operation: ICBufferFull done
Event: 11.629 Executing VM operation: HandshakeAllThreads (Deoptimize)
Event: 11.630 Executing VM operation: HandshakeAllThreads (Deoptimize) done
Event: 11.651 Executing VM operation: HandshakeAllThreads (Deoptimize)
Event: 11.651 Executing VM operation: HandshakeAllThreads (Deoptimize) done
Event: 11.671 Executing VM operation: ParallelGCFailedAllocation (Allocation Failure)
Event: 11.673 Executing VM operation: ParallelGCFailedAllocation (Allocation Failure) done
Event: 12.675 Executing VM operation: Cleanup

Memory protections (0 events):
No events

Nmethod flushes (20 events):
Event: 7.028 Thread 0x0000016f70304ba0 flushing  nmethod 0x0000016f5c180010
Event: 7.028 Thread 0x0000016f70304ba0 flushing  nmethod 0x0000016f5c180990
Event: 7.028 Thread 0x0000016f70304ba0 flushing  nmethod 0x0000016f5c181a10
Event: 7.028 Thread 0x0000016f70304ba0 flushing  nmethod 0x0000016f5c190790
Event: 7.028 Thread 0x0000016f70304ba0 flushing osr nmethod 0x0000016f5c1d8210
Event: 7.028 Thread 0x0000016f70304ba0 flushing  nmethod 0x0000016f5c1eb710
Event: 7.028 Thread 0x0000016f70304ba0 flushing  nmethod 0x0000016f5c1f6d10
Event: 7.028 Thread 0x0000016f70304ba0 flushing  nmethod 0x0000016f5c200010
Event: 7.028 Thread 0x0000016f70304ba0 flushing  nmethod 0x0000016f5c203210
Event: 7.028 Thread 0x0000016f70304ba0 flushing  nmethod 0x0000016f5c206710
Event: 7.028 Thread 0x0000016f70304ba0 flushing  nmethod 0x0000016f5c206d10
Event: 7.028 Thread 0x0000016f70304ba0 flushing  nmethod 0x0000016f5c20d310
Event: 7.028 Thread 0x0000016f70304ba0 flushing  nmethod 0x0000016f5c214b10
Event: 7.028 Thread 0x0000016f70304ba0 flushing  nmethod 0x0000016f5c23f890
Event: 7.028 Thread 0x0000016f70304ba0 flushing  nmethod 0x0000016f5c24f990
Event: 7.028 Thread 0x0000016f70304ba0 flushing  nmethod 0x0000016f5c250090
Event: 7.028 Thread 0x0000016f70304ba0 flushing  nmethod 0x0000016f5c250690
Event: 7.028 Thread 0x0000016f70304ba0 flushing  nmethod 0x0000016f5c250f10
Event: 7.028 Thread 0x0000016f70304ba0 flushing  nmethod 0x0000016f5c255610
Event: 7.028 Thread 0x0000016f70304ba0 flushing  nmethod 0x0000016f5c29ec90

Events (20 events):
Event: 9.324 Thread 0x0000016f7aac08e0 Thread exited: 0x0000016f7aac08e0
Event: 9.324 Thread 0x0000016f70413e90 Thread exited: 0x0000016f70413e90
Event: 9.324 Thread 0x0000016f7040ba50 Thread exited: 0x0000016f7040ba50
Event: 11.017 Thread 0x0000016f5864d840 Thread added: 0x0000016f7aabe6d0
Event: 11.020 Thread 0x0000016f703d3ed0 Thread added: 0x0000016f7aac08e0
Event: 11.221 Thread 0x0000016f76d6f7f0 Thread added: 0x0000016f78ff35d0
Event: 11.261 Thread 0x0000016f76d6f7f0 Thread added: 0x0000016f78ff3c60
Event: 11.316 Thread 0x0000016f76d6f7f0 Thread added: 0x0000016f78ff07e0
Event: 11.324 Thread 0x0000016f76d6f7f0 Thread added: 0x0000016f78ff28b0
Event: 11.330 Thread 0x0000016f76d6f7f0 Thread added: 0x0000016f78ff1b90
Event: 11.355 Thread 0x0000016f76d6f7f0 Thread added: 0x0000016f78ff2220
Event: 11.370 Thread 0x0000016f76d6f7f0 Thread added: 0x0000016f78ff42f0
Event: 11.419 Thread 0x0000016f76d6f7f0 Thread added: 0x0000016f78ff63c0
Event: 11.423 Thread 0x0000016f76d6f7f0 Thread added: 0x0000016f78ff7e00
Event: 11.433 Thread 0x0000016f76d6f7f0 Thread added: 0x0000016f78ff6a50
Event: 11.452 Thread 0x0000016f76d6f7f0 Thread added: 0x0000016f78ff4980
Event: 11.454 Thread 0x0000016f76d6f7f0 Thread added: 0x0000016f78ff7770
Event: 11.461 Thread 0x0000016f76d6f7f0 Thread added: 0x0000016f78ff5d30
Event: 11.467 Thread 0x0000016f76d6f7f0 Thread added: 0x0000016f78ff5010
Event: 11.478 Thread 0x0000016f76d6f7f0 Thread added: 0x0000016f78ff70e0


Dynamic libraries:
0x00007ff7f9110000 - 0x00007ff7f911e000 	c:\Users\vince\.vscode\extensions\redhat.java-1.52.0-win32-x64\jre\21.0.9-win32-x86_64\bin\java.exe
0x00007ff87bb60000 - 0x00007ff87bdc8000 	C:\WINDOWS\SYSTEM32\ntdll.dll
0x00007ff879ec0000 - 0x00007ff879f89000 	C:\WINDOWS\System32\KERNEL32.DLL
0x00007ff878570000 - 0x00007ff878961000 	C:\WINDOWS\System32\KERNELBASE.dll
0x00007ff878970000 - 0x00007ff878abb000 	C:\WINDOWS\System32\ucrtbase.dll
0x00007ff835d80000 - 0x00007ff835d98000 	c:\Users\vince\.vscode\extensions\redhat.java-1.52.0-win32-x64\jre\21.0.9-win32-x86_64\bin\jli.dll
0x00007ff8359f0000 - 0x00007ff835a0e000 	c:\Users\vince\.vscode\extensions\redhat.java-1.52.0-win32-x64\jre\21.0.9-win32-x86_64\bin\VCRUNTIME140.dll
0x00007ff87b480000 - 0x00007ff87b646000 	C:\WINDOWS\System32\USER32.dll
0x00007ff862570000 - 0x00007ff862803000 	C:\WINDOWS\WinSxS\amd64_microsoft.windows.common-controls_6595b64144ccf1df_6.0.26100.7705_none_3e06597ae3363b04\COMCTL32.dll
0x00007ff878e50000 - 0x00007ff878e77000 	C:\WINDOWS\System32\win32u.dll
0x00007ff87a670000 - 0x00007ff87a719000 	C:\WINDOWS\System32\msvcrt.dll
0x00007ff87b450000 - 0x00007ff87b47b000 	C:\WINDOWS\System32\GDI32.dll
0x00007ff878440000 - 0x00007ff87856b000 	C:\WINDOWS\System32\gdi32full.dll
0x00007ff878b80000 - 0x00007ff878c23000 	C:\WINDOWS\System32\msvcp_win.dll
0x00007ff87b650000 - 0x00007ff87b681000 	C:\WINDOWS\System32\IMM32.DLL
0x00007ff85cb60000 - 0x00007ff85cb6c000 	c:\Users\vince\.vscode\extensions\redhat.java-1.52.0-win32-x64\jre\21.0.9-win32-x86_64\bin\vcruntime140_1.dll
0x00007ff807aa0000 - 0x00007ff807b2d000 	c:\Users\vince\.vscode\extensions\redhat.java-1.52.0-win32-x64\jre\21.0.9-win32-x86_64\bin\msvcp140.dll
0x00007fff43820000 - 0x00007fff445c0000 	c:\Users\vince\.vscode\extensions\redhat.java-1.52.0-win32-x64\jre\21.0.9-win32-x86_64\bin\server\jvm.dll
0x00007ff879f90000 - 0x00007ff87a044000 	C:\WINDOWS\System32\ADVAPI32.dll
0x00007ff87a410000 - 0x00007ff87a4b6000 	C:\WINDOWS\System32\sechost.dll
0x00007ff87a150000 - 0x00007ff87a268000 	C:\WINDOWS\System32\RPCRT4.dll
0x00007ff87af80000 - 0x00007ff87aff4000 	C:\WINDOWS\System32\WS2_32.dll
0x00007ff86de20000 - 0x00007ff86de2b000 	C:\WINDOWS\SYSTEM32\VERSION.dll
0x00007ff86df20000 - 0x00007ff86df55000 	C:\WINDOWS\SYSTEM32\WINMM.dll
0x00007ff877060000 - 0x00007ff8770be000 	C:\WINDOWS\SYSTEM32\POWRPROF.dll
0x00007ff877040000 - 0x00007ff877054000 	C:\WINDOWS\SYSTEM32\UMPDC.dll
0x00007ff877310000 - 0x00007ff87732b000 	C:\WINDOWS\SYSTEM32\kernel.appcore.dll
0x00007ff859460000 - 0x00007ff85946a000 	c:\Users\vince\.vscode\extensions\redhat.java-1.52.0-win32-x64\jre\21.0.9-win32-x86_64\bin\jimage.dll
0x00007ff875db0000 - 0x00007ff875ff2000 	C:\WINDOWS\SYSTEM32\DBGHELP.DLL
0x00007ff87b0c0000 - 0x00007ff87b446000 	C:\WINDOWS\System32\combase.dll
0x00007ff87a310000 - 0x00007ff87a3e7000 	C:\WINDOWS\System32\OLEAUT32.dll
0x00007ff85fc40000 - 0x00007ff85fc7b000 	C:\WINDOWS\SYSTEM32\dbgcore.DLL
0x00007ff878da0000 - 0x00007ff878e45000 	C:\WINDOWS\System32\bcryptPrimitives.dll
0x00007ff859310000 - 0x00007ff85931f000 	c:\Users\vince\.vscode\extensions\redhat.java-1.52.0-win32-x64\jre\21.0.9-win32-x86_64\bin\instrument.dll
0x00007ff835870000 - 0x00007ff835890000 	c:\Users\vince\.vscode\extensions\redhat.java-1.52.0-win32-x64\jre\21.0.9-win32-x86_64\bin\java.dll
0x00007ff87a7a0000 - 0x00007ff87aef1000 	C:\WINDOWS\System32\SHELL32.dll
0x00007ff878c30000 - 0x00007ff878d9a000 	C:\WINDOWS\System32\wintypes.dll
0x00007ff878e80000 - 0x00007ff8796e2000 	C:\WINDOWS\System32\windows.storage.dll
0x00007ff87a4c0000 - 0x00007ff87a5b6000 	C:\WINDOWS\System32\SHCORE.dll
0x00007ff87a5d0000 - 0x00007ff87a637000 	C:\WINDOWS\System32\shlwapi.dll
0x00007ff878360000 - 0x00007ff878389000 	C:\WINDOWS\SYSTEM32\profapi.dll
0x00007ff8354d0000 - 0x00007ff8354e8000 	c:\Users\vince\.vscode\extensions\redhat.java-1.52.0-win32-x64\jre\21.0.9-win32-x86_64\bin\zip.dll
0x00007ff852b00000 - 0x00007ff852b10000 	C:\Users\vince\.vscode\extensions\redhat.java-1.52.0-win32-x64\jre\21.0.9-win32-x86_64\bin\net.dll
0x00007ff872710000 - 0x00007ff872837000 	C:\WINDOWS\SYSTEM32\WINHTTP.dll
0x00007ff877880000 - 0x00007ff8778eb000 	C:\WINDOWS\system32\mswsock.dll
0x00007ff833e20000 - 0x00007ff833e36000 	C:\Users\vince\.vscode\extensions\redhat.java-1.52.0-win32-x64\jre\21.0.9-win32-x86_64\bin\nio.dll
0x00007ff84ea40000 - 0x00007ff84ea50000 	c:\Users\vince\.vscode\extensions\redhat.java-1.52.0-win32-x64\jre\21.0.9-win32-x86_64\bin\verify.dll
0x00007fffeb6c0000 - 0x00007fffeb705000 	C:\Users\vince\AppData\Roaming\Code\User\globalStorage\redhat.java\1.52.0\config_win\org.eclipse.equinox.launcher\org.eclipse.equinox.launcher.win32.win32.x86_64_1.2.1500.v20260121-1430\eclipse_11919.dll
0x00007ff879af0000 - 0x00007ff879c87000 	C:\WINDOWS\System32\ole32.dll
0x00007ff877b50000 - 0x00007ff877b6b000 	C:\WINDOWS\SYSTEM32\CRYPTSP.dll
0x00007ff877270000 - 0x00007ff8772a9000 	C:\WINDOWS\system32\rsaenh.dll
0x00007ff877930000 - 0x00007ff87795b000 	C:\WINDOWS\SYSTEM32\USERENV.dll
0x00007ff878330000 - 0x00007ff87835a000 	C:\WINDOWS\SYSTEM32\bcrypt.dll
0x00007ff877b40000 - 0x00007ff877b4c000 	C:\WINDOWS\SYSTEM32\CRYPTBASE.dll
0x00007ff876d10000 - 0x00007ff876d44000 	C:\WINDOWS\SYSTEM32\IPHLPAPI.DLL
0x00007ff87a5c0000 - 0x00007ff87a5ca000 	C:\WINDOWS\System32\NSI.dll
0x00007ff870e60000 - 0x00007ff870ea9000 	C:\Users\vince\AppData\Local\Temp\jna-112212413\jna4351593737889260242.dll
0x00007ff87a300000 - 0x00007ff87a308000 	C:\WINDOWS\System32\PSAPI.DLL
0x00007ff8735d0000 - 0x00007ff8735da000 	C:\Users\vince\.vscode\extensions\redhat.java-1.52.0-win32-x64\jre\21.0.9-win32-x86_64\bin\management.dll
0x00007ff870db0000 - 0x00007ff870dbc000 	C:\Users\vince\.vscode\extensions\redhat.java-1.52.0-win32-x64\jre\21.0.9-win32-x86_64\bin\management_ext.dll
0x00007ff872a30000 - 0x00007ff872a4e000 	C:\WINDOWS\SYSTEM32\dhcpcsvc6.DLL
0x00007ff8728c0000 - 0x00007ff8728e3000 	C:\WINDOWS\SYSTEM32\dhcpcsvc.DLL
0x00007ff873820000 - 0x00007ff87382e000 	C:\Users\vince\.vscode\extensions\redhat.java-1.52.0-win32-x64\jre\21.0.9-win32-x86_64\bin\sunmscapi.dll
0x00007ff8796f0000 - 0x00007ff879867000 	C:\WINDOWS\System32\CRYPT32.dll
0x00007ff877d60000 - 0x00007ff877d90000 	C:\WINDOWS\SYSTEM32\ncrypt.dll
0x00007ff877d10000 - 0x00007ff877d4f000 	C:\WINDOWS\SYSTEM32\NTASN1.dll
0x00007ff876df0000 - 0x00007ff876f1c000 	C:\WINDOWS\SYSTEM32\DNSAPI.dll
0x00007ff871390000 - 0x00007ff87139b000 	C:\Windows\System32\rasadhlp.dll
0x00007ff872ec0000 - 0x00007ff872f46000 	C:\WINDOWS\System32\fwpuclnt.dll
0x00007ff871270000 - 0x00007ff871279000 	C:\Users\vince\.vscode\extensions\redhat.java-1.52.0-win32-x64\jre\21.0.9-win32-x86_64\bin\extnet.dll

JVMTI agents:
c:\Users\vince\.vscode\extensions\redhat.java-1.52.0-win32-x64\lombok\lombok-1.18.39-4050.jar path:c:\Users\vince\.vscode\extensions\redhat.java-1.52.0-win32-x64\jre\21.0.9-win32-x86_64\bin\instrument.dll, loaded, initialized, instrumentlib options:none

dbghelp: loaded successfully - version: 4.0.5 - missing functions: none
symbol engine: initialized successfully - sym options: 0x614 - pdb path: .;c:\Users\vince\.vscode\extensions\redhat.java-1.52.0-win32-x64\jre\21.0.9-win32-x86_64\bin;C:\WINDOWS\SYSTEM32;C:\WINDOWS\WinSxS\amd64_microsoft.windows.common-controls_6595b64144ccf1df_6.0.26100.7705_none_3e06597ae3363b04;c:\Users\vince\.vscode\extensions\redhat.java-1.52.0-win32-x64\jre\21.0.9-win32-x86_64\bin\server;C:\Users\vince\AppData\Roaming\Code\User\globalStorage\redhat.java\1.52.0\config_win\org.eclipse.equinox.launcher\org.eclipse.equinox.launcher.win32.win32.x86_64_1.2.1500.v20260121-1430;C:\Users\vince\AppData\Local\Temp\jna-112212413

VM Arguments:
jvm_args: --add-modules=ALL-SYSTEM --add-opens=java.base/java.util=ALL-UNNAMED --add-opens=java.base/java.lang=ALL-UNNAMED --add-opens=java.base/sun.nio.fs=ALL-UNNAMED -Declipse.application=org.eclipse.jdt.ls.core.id1 -Dosgi.bundles.defaultStartLevel=4 -Declipse.product=org.eclipse.jdt.ls.core.product -Djava.import.generatesMetadataFilesAtProjectRoot=false -DDetectVMInstallationsJob.disabled=true -Dfile.encoding=utf8 -XX:+UseParallelGC -XX:GCTimeRatio=4 -XX:AdaptiveSizePolicyWeight=90 -Dsun.zip.disableMemoryMapping=true -Xmx2G -Xms100m -Xlog:disable -javaagent:c:\Users\vince\.vscode\extensions\redhat.java-1.52.0-win32-x64\lombok\lombok-1.18.39-4050.jar -XX:+HeapDumpOnOutOfMemoryError -XX:HeapDumpPath=c:\Users\vince\AppData\Roaming\Code\User\workspaceStorage\77af15548cbb9c7536d3998b667843c5\redhat.java -Daether.dependencyCollector.impl=bf 
java_command: c:\Users\vince\.vscode\extensions\redhat.java-1.52.0-win32-x64\server\plugins\org.eclipse.equinox.launcher_1.7.100.v20251111-0406.jar -configuration c:\Users\vince\AppData\Roaming\Code\User\globalStorage\redhat.java\1.52.0\config_win -data c:\Users\vince\AppData\Roaming\Code\User\workspaceStorage\77af15548cbb9c7536d3998b667843c5\redhat.java\jdt_ws --pipe=\\.\pipe\lsp-09d6ef91bc9e8810d320d767d070e90c-sock
java_class_path (initial): c:\Users\vince\.vscode\extensions\redhat.java-1.52.0-win32-x64\server\plugins\org.eclipse.equinox.launcher_1.7.100.v20251111-0406.jar
Launcher Type: SUN_STANDARD

[Global flags]
    uintx AdaptiveSizePolicyWeight                 = 90                                        {product} {command line}
     intx CICompilerCount                          = 12                                        {product} {ergonomic}
    uintx GCTimeRatio                              = 4                                         {product} {command line}
     bool HeapDumpOnOutOfMemoryError               = true                                   {manageable} {command line}
    ccstr HeapDumpPath                             = c:\Users\vince\AppData\Roaming\Code\User\workspaceStorage\77af15548cbb9c7536d3998b667843c5\redhat.java         {manageable} {command line}
   size_t InitialHeapSize                          = 104857600                                 {product} {command line}
   size_t MaxHeapSize                              = 2147483648                                {product} {command line}
   size_t MaxNewSize                               = 715653120                                 {product} {ergonomic}
   size_t MinHeapDeltaBytes                        = 524288                                    {product} {ergonomic}
   size_t MinHeapSize                              = 104857600                                 {product} {command line}
   size_t NewSize                                  = 34603008                                  {product} {ergonomic}
    uintx NonNMethodCodeHeapSize                   = 7602480                                {pd product} {ergonomic}
    uintx NonProfiledCodeHeapSize                  = 122027880                              {pd product} {ergonomic}
   size_t OldSize                                  = 70254592                                  {product} {ergonomic}
    uintx ProfiledCodeHeapSize                     = 122027880                              {pd product} {ergonomic}
    uintx ReservedCodeCacheSize                    = 251658240                              {pd product} {ergonomic}
     bool SegmentedCodeCache                       = true                                      {product} {ergonomic}
   size_t SoftMaxHeapSize                          = 2147483648                             {manageable} {ergonomic}
     bool UseCompressedOops                        = true                           {product lp64_product} {ergonomic}
     bool UseLargePagesIndividualAllocation        = false                                  {pd product} {ergonomic}
     bool UseParallelGC                            = true                                      {product} {command line}

Logging:
Log output configuration:
 #0: stdout all=off uptime,level,tags foldmultilines=false
 #1: stderr all=off uptime,level,tags foldmultilines=false

Release file:
JAVA_VERSION="21.0.9" 
MODULES="java.base java.compiler java.datatransfer java.xml java.prefs java.desktop java.instrument java.logging java.management java.security.sasl java.naming java.rmi java.management.rmi java.net.http java.scripting java.security.jgss java.transaction.xa java.sql java.sql.rowset java.xml.crypto java.se java.smartcardio jdk.accessibility jdk.internal.jvmstat jdk.attach jdk.charsets jdk.internal.opt jdk.zipfs jdk.compiler jdk.crypto.ec jdk.crypto.cryptoki jdk.crypto.mscapi jdk.dynalink jdk.internal.ed jdk.editpad jdk.hotspot.agent jdk.httpserver jdk.internal.le jdk.internal.vm.ci jdk.internal.vm.compiler jdk.internal.vm.compiler.management jdk.jartool jdk.javadoc jdk.jcmd jdk.management jdk.management.agent jdk.jconsole jdk.jdeps jdk.jdwp.agent jdk.jdi jdk.jfr jdk.jshell jdk.jsobject jdk.jstatd jdk.localedata jdk.management.jfr jdk.naming.dns jdk.naming.rmi jdk.net jdk.nio.mapmode jdk.random jdk.sctp jdk.security.auth jdk.security.jgss jdk.unsupported jdk.unsupported.desktop jdk.xml.dom" 

Environment Variables:
PATH=C:\Python313\Scripts\;C:\Python313\;C:\Program Files\Common Files\Oracle\Java\javapath;C:\Program Files (x86)\Common Files\Oracle\Java\java8path;C:\Program Files (x86)\Common Files\Oracle\Java\javapath;C:\Windows\system32;C:\Windows;C:\Windows\System32\Wbem;C:\Windows\System32\WindowsPowerShell\v1.0\;C:\Windows\System32\OpenSSH\;C:\Program Files (x86)\NVIDIA Corporation\PhysX\Common;C:\Program Files\Git\cmd;C:\Program Files\dotnet\;C:\Program Files\NVIDIA Corporation\NVIDIA NvDLISR;C:\WINDOWS\system32;C:\WINDOWS;C:\WINDOWS\System32\Wbem;C:\WINDOWS\System32\WindowsPowerShell\v1.0\;C:\WINDOWS\System32\OpenSSH\;D:\Logiciel\AndroidStudio\flutter\bin;C:\ProgramData\chocolatey\bin;C:\Program Files\nodejs\;C:\Program Files\PuTTY\;C:\Program Files\Redis\;C:\Program Files\Docker\Docker\resources\bin;C:\Users\vince\AppData\Local\Microsoft\WindowsApps;C:\Users\vince\AppData\Local\GitHubDesktop\bin;C:\Program Files\JetBrains\IntelliJ IDEA 2023.2.4\bin;;C:\Users\vince\AppData\Local\Programs\Microsoft VS Code\bin;C:\Users\vince\.dotnet\tools;C:\Users\vince\AppData\Roaming\npm;D:\Logiciel\mongosh-2.5.7-win32-x64\bin;
USERNAME=vince
OS=Windows_NT
PROCESSOR_IDENTIFIER=Intel64 Family 6 Model 154 Stepping 3, GenuineIntel
TMP=C:\Users\vince\AppData\Local\Temp
TEMP=C:\Users\vince\AppData\Local\Temp




Periodic native trim disabled

---------------  S Y S T E M  ---------------

OS:
 Windows 11 , 64 bit Build 26100 (10.0.26100.7705)
OS uptime: 7 days 23:51 hours
Hyper-V role detected

CPU: total 16 (initial active 16) (8 cores per cpu, 2 threads per core) family 6 model 154 stepping 3 microcode 0x424, cx8, cmov, fxsr, ht, mmx, 3dnowpref, sse, sse2, sse3, ssse3, sse4.1, sse4.2, popcnt, lzcnt, tsc, tscinvbit, avx, avx2, aes, erms, clmul, bmi1, bmi2, adx, sha, fma, vzeroupper, clflush, clflushopt, clwb, hv, serialize, rdtscp, rdpid, fsrm, f16c, cet_ibt, cet_ss
Processor Information for the first 16 processors :
  Max Mhz: 2300, Current Mhz: 2300, Mhz Limit: 2300

Memory: 4k page, system-wide physical 16082M (651M free)
TotalPageFile size 65234M (AvailPageFile size 4M)
current process WorkingSet (physical memory assigned to process): 362M, peak: 364M
current process commit charge ("private bytes"): 443M, peak: 447M

vm_info: OpenJDK 64-Bit Server VM (21.0.9+10-LTS) for windows-amd64 JRE (21.0.9+10-LTS), built on 2025-10-21T00:00:00Z by "admin" with unknown MS VC++:1942

END.
